[11:04:05] trimmomatic started
[11:04:05]   trimming rna_bhi_rep1...
TrimmomaticPE: Started with arguments:
 /home/dich3309/rnaseq-tnseq-enterococcus-analysis/data/raw_data/rna_bhi_rep1_R1.fastq.gz /home/dich3309/rnaseq-tnseq-enterococcus-analysis/data/raw_data/rna_bhi_rep1_R2.fastq.gz /home/dich3309/rnaseq-tnseq-enterococcus-analysis/data/trimmed_data/rna_bhi_rep1_R1_paired.fastq.gz /home/dich3309/rnaseq-tnseq-enterococcus-analysis/data/trimmed_data/rna_bhi_rep1_R1_unpaired.fastq.gz /home/dich3309/rnaseq-tnseq-enterococcus-analysis/data/trimmed_data/rna_bhi_rep1_R2_paired.fastq.gz /home/dich3309/rnaseq-tnseq-enterococcus-analysis/data/trimmed_data/rna_bhi_rep1_R2_unpaired.fastq.gz ILLUMINACLIP:/sw/arch/eb/software/Trimmomatic/0.39-Java-17/adapters/TruSeq3-PE-2.fa:2:30:10 LEADING:3 TRAILING:3 SLIDINGWINDOW:4:15 MINLEN:36
Multiple cores found: Using 2 threads
Using PrefixPair: 'TACACTCTTTCCCTACACGACGCTCTTCCGATCT' and 'GTGACTGGAGTTCAGACGTGTGCTCTTCCGATCT'
Using Long Clipping Sequence: 'AGATCGGAAGAGCGTCGTGTAGGGAAAGAGTGTA'
Using Long Clipping Sequence: 'AGATCGGAAGAGCACACGTCTGAACTCCAGTCAC'
Using Long Clipping Sequence: 'GTGACTGGAGTTCAGACGTGTGCTCTTCCGATCT'
Using Long Clipping Sequence: 'TACACTCTTTCCCTACACGACGCTCTTCCGATCT'
ILLUMINACLIP: Using 1 prefix pairs, 4 forward/reverse sequences, 0 forward only sequences, 0 reverse only sequences
Quality encoding detected as phred33
Input Read Pairs: 27078884 Both Surviving: 13783904 (50.90%) Forward Only Surviving: 11766243 (43.45%) Reverse Only Surviving: 57747 (0.21%) Dropped: 1470990 (5.43%)
TrimmomaticPE: Completed successfully
[11:15:55]   rna_bhi_rep1 done (0h 11m 50s)
[11:15:55]   trimmed_data disk usage: 512
[11:15:55]   trimming rna_bhi_rep2...
TrimmomaticPE: Started with arguments:
 /home/dich3309/rnaseq-tnseq-enterococcus-analysis/data/raw_data/rna_bhi_rep2_R1.fastq.gz /home/dich3309/rnaseq-tnseq-enterococcus-analysis/data/raw_data/rna_bhi_rep2_R2.fastq.gz /home/dich3309/rnaseq-tnseq-enterococcus-analysis/data/trimmed_data/rna_bhi_rep2_R1_paired.fastq.gz /home/dich3309/rnaseq-tnseq-enterococcus-analysis/data/trimmed_data/rna_bhi_rep2_R1_unpaired.fastq.gz /home/dich3309/rnaseq-tnseq-enterococcus-analysis/data/trimmed_data/rna_bhi_rep2_R2_paired.fastq.gz /home/dich3309/rnaseq-tnseq-enterococcus-analysis/data/trimmed_data/rna_bhi_rep2_R2_unpaired.fastq.gz ILLUMINACLIP:/sw/arch/eb/software/Trimmomatic/0.39-Java-17/adapters/TruSeq3-PE-2.fa:2:30:10 LEADING:3 TRAILING:3 SLIDINGWINDOW:4:15 MINLEN:36
Multiple cores found: Using 2 threads
Using PrefixPair: 'TACACTCTTTCCCTACACGACGCTCTTCCGATCT' and 'GTGACTGGAGTTCAGACGTGTGCTCTTCCGATCT'
Using Long Clipping Sequence: 'AGATCGGAAGAGCGTCGTGTAGGGAAAGAGTGTA'
Using Long Clipping Sequence: 'AGATCGGAAGAGCACACGTCTGAACTCCAGTCAC'
Using Long Clipping Sequence: 'GTGACTGGAGTTCAGACGTGTGCTCTTCCGATCT'
Using Long Clipping Sequence: 'TACACTCTTTCCCTACACGACGCTCTTCCGATCT'
ILLUMINACLIP: Using 1 prefix pairs, 4 forward/reverse sequences, 0 forward only sequences, 0 reverse only sequences
Quality encoding detected as phred33
Input Read Pairs: 23953340 Both Surviving: 13759279 (57.44%) Forward Only Surviving: 9144603 (38.18%) Reverse Only Surviving: 54003 (0.23%) Dropped: 995455 (4.16%)
TrimmomaticPE: Completed successfully
[11:26:55]   rna_bhi_rep2 done (0h 11m 0s)
[11:26:55]   trimmed_data disk usage: 512
[11:26:55]   trimming rna_bhi_rep3...
TrimmomaticPE: Started with arguments:
 /home/dich3309/rnaseq-tnseq-enterococcus-analysis/data/raw_data/rna_bhi_rep3_R1.fastq.gz /home/dich3309/rnaseq-tnseq-enterococcus-analysis/data/raw_data/rna_bhi_rep3_R2.fastq.gz /home/dich3309/rnaseq-tnseq-enterococcus-analysis/data/trimmed_data/rna_bhi_rep3_R1_paired.fastq.gz /home/dich3309/rnaseq-tnseq-enterococcus-analysis/data/trimmed_data/rna_bhi_rep3_R1_unpaired.fastq.gz /home/dich3309/rnaseq-tnseq-enterococcus-analysis/data/trimmed_data/rna_bhi_rep3_R2_paired.fastq.gz /home/dich3309/rnaseq-tnseq-enterococcus-analysis/data/trimmed_data/rna_bhi_rep3_R2_unpaired.fastq.gz ILLUMINACLIP:/sw/arch/eb/software/Trimmomatic/0.39-Java-17/adapters/TruSeq3-PE-2.fa:2:30:10 LEADING:3 TRAILING:3 SLIDINGWINDOW:4:15 MINLEN:36
Multiple cores found: Using 2 threads
Using PrefixPair: 'TACACTCTTTCCCTACACGACGCTCTTCCGATCT' and 'GTGACTGGAGTTCAGACGTGTGCTCTTCCGATCT'
Using Long Clipping Sequence: 'AGATCGGAAGAGCGTCGTGTAGGGAAAGAGTGTA'
Using Long Clipping Sequence: 'AGATCGGAAGAGCACACGTCTGAACTCCAGTCAC'
Using Long Clipping Sequence: 'GTGACTGGAGTTCAGACGTGTGCTCTTCCGATCT'
Using Long Clipping Sequence: 'TACACTCTTTCCCTACACGACGCTCTTCCGATCT'
ILLUMINACLIP: Using 1 prefix pairs, 4 forward/reverse sequences, 0 forward only sequences, 0 reverse only sequences
Quality encoding detected as phred33
Input Read Pairs: 23240177 Both Surviving: 12459518 (53.61%) Forward Only Surviving: 9564314 (41.15%) Reverse Only Surviving: 48963 (0.21%) Dropped: 1167382 (5.02%)
TrimmomaticPE: Completed successfully
[11:37:20]   rna_bhi_rep3 done (0h 10m 25s)
[11:37:20]   trimmed_data disk usage: 512
[11:37:20]   trimming rna_serum_rep1...
TrimmomaticPE: Started with arguments:
 /home/dich3309/rnaseq-tnseq-enterococcus-analysis/data/raw_data/rna_serum_rep1_R1.fastq.gz /home/dich3309/rnaseq-tnseq-enterococcus-analysis/data/raw_data/rna_serum_rep1_R2.fastq.gz /home/dich3309/rnaseq-tnseq-enterococcus-analysis/data/trimmed_data/rna_serum_rep1_R1_paired.fastq.gz /home/dich3309/rnaseq-tnseq-enterococcus-analysis/data/trimmed_data/rna_serum_rep1_R1_unpaired.fastq.gz /home/dich3309/rnaseq-tnseq-enterococcus-analysis/data/trimmed_data/rna_serum_rep1_R2_paired.fastq.gz /home/dich3309/rnaseq-tnseq-enterococcus-analysis/data/trimmed_data/rna_serum_rep1_R2_unpaired.fastq.gz ILLUMINACLIP:/sw/arch/eb/software/Trimmomatic/0.39-Java-17/adapters/TruSeq3-PE-2.fa:2:30:10 LEADING:3 TRAILING:3 SLIDINGWINDOW:4:15 MINLEN:36
Multiple cores found: Using 2 threads
Using PrefixPair: 'TACACTCTTTCCCTACACGACGCTCTTCCGATCT' and 'GTGACTGGAGTTCAGACGTGTGCTCTTCCGATCT'
Using Long Clipping Sequence: 'AGATCGGAAGAGCGTCGTGTAGGGAAAGAGTGTA'
Using Long Clipping Sequence: 'AGATCGGAAGAGCACACGTCTGAACTCCAGTCAC'
Using Long Clipping Sequence: 'GTGACTGGAGTTCAGACGTGTGCTCTTCCGATCT'
Using Long Clipping Sequence: 'TACACTCTTTCCCTACACGACGCTCTTCCGATCT'
ILLUMINACLIP: Using 1 prefix pairs, 4 forward/reverse sequences, 0 forward only sequences, 0 reverse only sequences
Quality encoding detected as phred33
Input Read Pairs: 25937368 Both Surviving: 13102575 (50.52%) Forward Only Surviving: 11603317 (44.74%) Reverse Only Surviving: 64827 (0.25%) Dropped: 1166649 (4.50%)
TrimmomaticPE: Completed successfully
[11:47:23]   rna_serum_rep1 done (0h 10m 3s)
[11:47:23]   trimmed_data disk usage: 512
[11:47:23]   trimming rna_serum_rep2...
TrimmomaticPE: Started with arguments:
 /home/dich3309/rnaseq-tnseq-enterococcus-analysis/data/raw_data/rna_serum_rep2_R1.fastq.gz /home/dich3309/rnaseq-tnseq-enterococcus-analysis/data/raw_data/rna_serum_rep2_R2.fastq.gz /home/dich3309/rnaseq-tnseq-enterococcus-analysis/data/trimmed_data/rna_serum_rep2_R1_paired.fastq.gz /home/dich3309/rnaseq-tnseq-enterococcus-analysis/data/trimmed_data/rna_serum_rep2_R1_unpaired.fastq.gz /home/dich3309/rnaseq-tnseq-enterococcus-analysis/data/trimmed_data/rna_serum_rep2_R2_paired.fastq.gz /home/dich3309/rnaseq-tnseq-enterococcus-analysis/data/trimmed_data/rna_serum_rep2_R2_unpaired.fastq.gz ILLUMINACLIP:/sw/arch/eb/software/Trimmomatic/0.39-Java-17/adapters/TruSeq3-PE-2.fa:2:30:10 LEADING:3 TRAILING:3 SLIDINGWINDOW:4:15 MINLEN:36
Multiple cores found: Using 2 threads
Using PrefixPair: 'TACACTCTTTCCCTACACGACGCTCTTCCGATCT' and 'GTGACTGGAGTTCAGACGTGTGCTCTTCCGATCT'
Using Long Clipping Sequence: 'AGATCGGAAGAGCGTCGTGTAGGGAAAGAGTGTA'
Using Long Clipping Sequence: 'AGATCGGAAGAGCACACGTCTGAACTCCAGTCAC'
Using Long Clipping Sequence: 'GTGACTGGAGTTCAGACGTGTGCTCTTCCGATCT'
Using Long Clipping Sequence: 'TACACTCTTTCCCTACACGACGCTCTTCCGATCT'
ILLUMINACLIP: Using 1 prefix pairs, 4 forward/reverse sequences, 0 forward only sequences, 0 reverse only sequences
Quality encoding detected as phred33
Input Read Pairs: 26634380 Both Surviving: 14738348 (55.34%) Forward Only Surviving: 10518035 (39.49%) Reverse Only Surviving: 66106 (0.25%) Dropped: 1311891 (4.93%)
TrimmomaticPE: Completed successfully
[11:58:11]   rna_serum_rep2 done (0h 10m 48s)
[11:58:11]   trimmed_data disk usage: 512
[11:58:11]   trimming rna_serum_rep3...
TrimmomaticPE: Started with arguments:
 /home/dich3309/rnaseq-tnseq-enterococcus-analysis/data/raw_data/rna_serum_rep3_R1.fastq.gz /home/dich3309/rnaseq-tnseq-enterococcus-analysis/data/raw_data/rna_serum_rep3_R2.fastq.gz /home/dich3309/rnaseq-tnseq-enterococcus-analysis/data/trimmed_data/rna_serum_rep3_R1_paired.fastq.gz /home/dich3309/rnaseq-tnseq-enterococcus-analysis/data/trimmed_data/rna_serum_rep3_R1_unpaired.fastq.gz /home/dich3309/rnaseq-tnseq-enterococcus-analysis/data/trimmed_data/rna_serum_rep3_R2_paired.fastq.gz /home/dich3309/rnaseq-tnseq-enterococcus-analysis/data/trimmed_data/rna_serum_rep3_R2_unpaired.fastq.gz ILLUMINACLIP:/sw/arch/eb/software/Trimmomatic/0.39-Java-17/adapters/TruSeq3-PE-2.fa:2:30:10 LEADING:3 TRAILING:3 SLIDINGWINDOW:4:15 MINLEN:36
Multiple cores found: Using 2 threads
Using PrefixPair: 'TACACTCTTTCCCTACACGACGCTCTTCCGATCT' and 'GTGACTGGAGTTCAGACGTGTGCTCTTCCGATCT'
Using Long Clipping Sequence: 'AGATCGGAAGAGCGTCGTGTAGGGAAAGAGTGTA'
Using Long Clipping Sequence: 'AGATCGGAAGAGCACACGTCTGAACTCCAGTCAC'
Using Long Clipping Sequence: 'GTGACTGGAGTTCAGACGTGTGCTCTTCCGATCT'
Using Long Clipping Sequence: 'TACACTCTTTCCCTACACGACGCTCTTCCGATCT'
ILLUMINACLIP: Using 1 prefix pairs, 4 forward/reverse sequences, 0 forward only sequences, 0 reverse only sequences
Quality encoding detected as phred33
Input Read Pairs: 27609615 Both Surviving: 14057347 (50.91%) Forward Only Surviving: 11817157 (42.80%) Reverse Only Surviving: 62287 (0.23%) Dropped: 1672824 (6.06%)
TrimmomaticPE: Completed successfully
[12:08:50]   rna_serum_rep3 done (0h 10m 39s)
[12:08:50]   trimmed_data disk usage: 512
[12:08:50] trimmomatic ended
[12:08:50] script finished (exit code 0)
