[2026-04-15 16:36:22] SPAdes hybrid assembly started
[2026-04-15 16:36:22] Illumina: /home/dich3309/rnaseq-tnseq-enterococcus-analysis/data/raw_data/dna_illumina_R1.fq.gz /home/dich3309/rnaseq-tnseq-enterococcus-analysis/data/raw_data/dna_illumina_R2.fq.gz
[2026-04-15 16:36:22] PacBio: 6 files
[2026-04-15 16:36:22] output dir: /home/dich3309/rnaseq-tnseq-enterococcus-analysis/analyses/02_genome_assembly/spades_hybrid


== Warning ==  No assembly mode was specified! If you intend to assemble high-coverage multi-cell/isolate data, use '--isolate' option.


Command line: /sw/arch/eb/software/SPAdes/4.2.0-GCC-13.3.0/bin/spades.py	-1	/home/dich3309/rnaseq-tnseq-enterococcus-analysis/data/raw_data/dna_illumina_R1.fq.gz	-2	/home/dich3309/rnaseq-tnseq-enterococcus-analysis/data/raw_data/dna_illumina_R2.fq.gz	--pacbio	/home/dich3309/rnaseq-tnseq-enterococcus-analysis/data/raw_data/dna_pacbio_run1_cell1.subreads.fastq.gz	--pacbio	/home/dich3309/rnaseq-tnseq-enterococcus-analysis/data/raw_data/dna_pacbio_run1_cell2.subreads.fastq.gz	--pacbio	/home/dich3309/rnaseq-tnseq-enterococcus-analysis/data/raw_data/dna_pacbio_run1_cell3.subreads.fastq.gz	--pacbio	/home/dich3309/rnaseq-tnseq-enterococcus-analysis/data/raw_data/dna_pacbio_run2_cell1.subreads.fastq.gz	--pacbio	/home/dich3309/rnaseq-tnseq-enterococcus-analysis/data/raw_data/dna_pacbio_run2_cell2.subreads.fastq.gz	--pacbio	/home/dich3309/rnaseq-tnseq-enterococcus-analysis/data/raw_data/dna_pacbio_run2_cell3.subreads.fastq.gz	-k	33	--threads	4	-o	/home/dich3309/rnaseq-tnseq-enterococcus-analysis/analyses/02_genome_assembly/spades_hybrid	

System information:
  SPAdes version: 4.2.0
  Python version: 3.12.3
  OS: Linux-5.14.0-611.41.1.el9_7.x86_64-x86_64-with-glibc2.34

Output dir: /home/dich3309/rnaseq-tnseq-enterococcus-analysis/analyses/02_genome_assembly/spades_hybrid
Mode: read error correction and assembling
Debug mode is turned OFF

Dataset parameters:
  Standard mode
  For multi-cell/isolate data we recommend to use '--isolate' option; for single-cell MDA data use '--sc'; for metagenomic data use '--meta'; for RNA-Seq use '--rna'.
  Reads:
    Library number: 1, library type: paired-end
      orientation: fr
      left reads: ['/home/dich3309/rnaseq-tnseq-enterococcus-analysis/data/raw_data/dna_illumina_R1.fq.gz']
      right reads: ['/home/dich3309/rnaseq-tnseq-enterococcus-analysis/data/raw_data/dna_illumina_R2.fq.gz']
      interlaced reads: not specified
      single reads: not specified
      merged reads: not specified
    Library number: 2, library type: pacbio
      left reads: not specified
      right reads: not specified
      interlaced reads: not specified
      single reads: ['/home/dich3309/rnaseq-tnseq-enterococcus-analysis/data/raw_data/dna_pacbio_run1_cell1.subreads.fastq.gz', '/home/dich3309/rnaseq-tnseq-enterococcus-analysis/data/raw_data/dna_pacbio_run1_cell2.subreads.fastq.gz', '/home/dich3309/rnaseq-tnseq-enterococcus-analysis/data/raw_data/dna_pacbio_run1_cell3.subreads.fastq.gz', '/home/dich3309/rnaseq-tnseq-enterococcus-analysis/data/raw_data/dna_pacbio_run2_cell1.subreads.fastq.gz', '/home/dich3309/rnaseq-tnseq-enterococcus-analysis/data/raw_data/dna_pacbio_run2_cell2.subreads.fastq.gz', '/home/dich3309/rnaseq-tnseq-enterococcus-analysis/data/raw_data/dna_pacbio_run2_cell3.subreads.fastq.gz']
      merged reads: not specified
Read error correction parameters:
  Iterations: 1
  PHRED offset will be auto-detected
  Corrected reads will be compressed
Assembly parameters:
  k: [33]
  Repeat resolution is enabled
  Mismatch careful mode is turned OFF
  MismatchCorrector will be SKIPPED
  Coverage cutoff is turned OFF
  Assembly graph output will use GFA v1.2 format
Other parameters:
  Dir for temp files: /home/dich3309/rnaseq-tnseq-enterococcus-analysis/analyses/02_genome_assembly/spades_hybrid/tmp
  Threads: 4
  Memory limit (in Gb): 250


======= SPAdes pipeline started. Log can be found here: /home/dich3309/rnaseq-tnseq-enterococcus-analysis/analyses/02_genome_assembly/spades_hybrid/spades.log

/home/dich3309/rnaseq-tnseq-enterococcus-analysis/data/raw_data/dna_illumina_R1.fq.gz: max reads length: 90
/home/dich3309/rnaseq-tnseq-enterococcus-analysis/data/raw_data/dna_illumina_R2.fq.gz: max reads length: 90

Reads length: 90


===== Before start started. 


===== Read error correction started. 


===== Read error correction started. 


== Running: /sw/arch/eb/software/SPAdes/4.2.0-GCC-13.3.0/bin/spades-hammer /home/dich3309/rnaseq-tnseq-enterococcus-analysis/analyses/02_genome_assembly/spades_hybrid/corrected/configs/config.info

  0:00:00.000     1M / 23M   INFO    General                 (main.cpp                  :  76)   Starting BayesHammer, built from N/A, git revision N/A
  0:00:00.000     1M / 23M   INFO    General                 (main.cpp                  :  77)   Loading config from "/home/dich3309/rnaseq-tnseq-enterococcus-analysis/analyses/02_genome_assembly/spades_hybrid/corrected/configs/config.info"
  0:00:00.008     1M / 23M   INFO    General                 (main.cpp                  :  79)   Maximum # of threads to use (adjusted due to OMP capabilities): 4
  0:00:00.008     1M / 23M   INFO    General                 (memory_limit.cpp          :  55)   Memory limit set to 250 Gb
  0:00:00.008     1M / 23M   INFO    General                 (main.cpp                  :  87)   Trying to determine PHRED offset
  0:00:00.010     1M / 23M   INFO    General                 (main.cpp                  :  93)   Determined value is 64
  0:00:00.010     1M / 23M   INFO    General                 (hammer_tools.cpp          :  40)   Hamming graph threshold tau=1, k=21, subkmer positions = [ 0 10 ]
  0:00:00.011     1M / 23M   INFO    General                 (main.cpp                  : 114)   Size of aux. kmer data 24 bytes
     === ITERATION 0 begins ===
  0:00:00.011     1M / 23M   INFO    General                 (kmer_index_builder.hpp    : 308)   Splitting kmer instances into 16 files using 4 threads. This might take a while.
  0:00:00.069     1M / 23M   INFO    General                 (file_limit.hpp            :  43)   Open file limit set to 131072
  0:00:00.069     1M / 23M   INFO    General                 (kmer_splitter.hpp         :  96)   Memory available for splitting buffers: 20.8333 Gb
  0:00:00.069     1M / 23M   INFO    General                 (kmer_splitter.hpp         : 104)   Using cell size of 4194304
  0:00:00.080  2305M / 2305M INFO   K-mer Splitting          (kmer_data.cpp             :  98)   Processing "/home/dich3309/rnaseq-tnseq-enterococcus-analysis/data/raw_data/dna_illumina_R1.fq.gz"
  0:00:05.943  2305M / 2305M INFO   K-mer Splitting          (kmer_data.cpp             : 108)   Processed 1399415 reads
  0:00:07.131  2305M / 2305M INFO   K-mer Splitting          (kmer_data.cpp             : 108)   Processed 1666667 reads
  0:00:07.131  2305M / 2305M INFO   K-mer Splitting          (kmer_data.cpp             :  98)   Processing "/home/dich3309/rnaseq-tnseq-enterococcus-analysis/data/raw_data/dna_illumina_R2.fq.gz"
  0:00:13.102  2305M / 2305M INFO   K-mer Splitting          (kmer_data.cpp             : 108)   Processed 3106799 reads
  0:00:14.106  2305M / 2305M INFO   K-mer Splitting          (kmer_data.cpp             : 108)   Processed 3333334 reads
  0:00:14.106  2305M / 2305M INFO   K-mer Splitting          (kmer_data.cpp             : 113)   Total 3333334 reads processed
  0:00:14.111     1M / 1984M INFO    General                 (kmer_index_builder.hpp    : 314)   Starting k-mer counting.
  0:00:14.339     1M / 1984M INFO    General                 (kmer_index_builder.hpp    : 325)   K-mer counting done. There are 15663048 kmers in total.
  0:00:14.340     1M / 1984M INFO   K-mer Index Building     (kmer_index_builder.hpp    : 460)   Building perfect hash indices
  0:00:14.833    12M / 1984M INFO   K-mer Index Building     (kmer_index_builder.hpp    : 496)   Index built. Total 15663048 kmers, 11324832 bytes occupied (5.78423 bits per kmer).
  0:00:14.834    12M / 1984M INFO   K-mer Counting           (kmer_data.cpp             : 355)   Arranging kmers in hash map order
  0:00:15.192   252M / 1984M INFO    General                 (main.cpp                  : 149)   Clustering Hamming graph.
  0:00:29.988   252M / 1984M INFO    General                 (main.cpp                  : 156)   Extracting clusters:
  0:00:29.989   252M / 1984M INFO    General                 (concurrent_dsu.cpp        :  19)   Connecting to root
  0:00:30.065   252M / 1984M INFO    General                 (concurrent_dsu.cpp        :  35)   Calculating counts
  0:00:30.886   524M / 1984M INFO    General                 (concurrent_dsu.cpp        :  64)   Writing down entries
  0:00:32.370   252M / 1984M INFO    General                 (main.cpp                  : 168)   Clustering done. Total clusters: 8070245
  0:00:32.370   132M / 1984M INFO   K-mer Counting           (kmer_data.cpp             : 372)   Collecting K-mer information, this takes a while.
  0:00:32.423   492M / 1984M INFO   K-mer Counting           (kmer_data.cpp             : 378)   Processing "/home/dich3309/rnaseq-tnseq-enterococcus-analysis/data/raw_data/dna_illumina_R1.fq.gz"
  0:01:00.556   492M / 1984M INFO   K-mer Counting           (kmer_data.cpp             : 378)   Processing "/home/dich3309/rnaseq-tnseq-enterococcus-analysis/data/raw_data/dna_illumina_R2.fq.gz"
  0:01:27.748   492M / 1984M INFO   K-mer Counting           (kmer_data.cpp             : 385)   Collection done, postprocessing.
  0:01:27.779   492M / 1984M INFO   K-mer Counting           (kmer_data.cpp             : 398)   There are 15663048 kmers in total. Among them 9561596 (61.0456%) are singletons.
  0:01:27.780   492M / 1984M INFO    General                 (main.cpp                  : 174)   Subclustering Hamming graph
  0:01:31.285   492M / 1984M INFO   Hamming Subclustering    (kmer_cluster.cpp          : 637)   Subclustering done. Total 8 non-read kmers were generated.
  0:01:31.285   492M / 1984M INFO   Hamming Subclustering    (kmer_cluster.cpp          : 638)   Subclustering statistics:
  0:01:31.285   492M / 1984M INFO   Hamming Subclustering    (kmer_cluster.cpp          : 639)     Total singleton hamming clusters: 4191924. Among them 2101676 (50.1363%) are good
  0:01:31.285   492M / 1984M INFO   Hamming Subclustering    (kmer_cluster.cpp          : 640)     Total singleton subclusters: 34550. Among them 34357 (99.4414%) are good
  0:01:31.285   492M / 1984M INFO   Hamming Subclustering    (kmer_cluster.cpp          : 641)     Total non-singleton subcluster centers: 3936977. Among them 1758459 (44.6652%) are good
  0:01:31.285   492M / 1984M INFO   Hamming Subclustering    (kmer_cluster.cpp          : 642)     Average size of non-trivial subcluster: 2.91369 kmers
  0:01:31.285   492M / 1984M INFO   Hamming Subclustering    (kmer_cluster.cpp          : 643)     Average number of sub-clusters per non-singleton cluster: 1.02403
  0:01:31.285   492M / 1984M INFO   Hamming Subclustering    (kmer_cluster.cpp          : 644)     Total solid k-mers: 3894492
  0:01:31.285   492M / 1984M INFO   Hamming Subclustering    (kmer_cluster.cpp          : 645)     Substitution probabilities: (     0.961392   0.00999078    0.0093316    0.0192861 )
(    0.0363303     0.934423   0.00552387    0.0237232 )
(    0.0236659   0.00551682     0.934453    0.0363645 )
(    0.0192319   0.00930048   0.00996688     0.961501 )
  0:01:31.305   492M / 1984M INFO    General                 (main.cpp                  : 179)   Finished clustering.
  0:01:31.305   492M / 1984M INFO    General                 (main.cpp                  : 198)   Starting solid k-mers expansion in 4 threads.
  0:01:49.812   492M / 1984M INFO    General                 (main.cpp                  : 219)   Solid k-mers iteration 0 produced 30635 new k-mers.
  0:02:08.357   492M / 1984M INFO    General                 (main.cpp                  : 219)   Solid k-mers iteration 1 produced 479 new k-mers.
  0:02:26.805   492M / 1984M INFO    General                 (main.cpp                  : 219)   Solid k-mers iteration 2 produced 0 new k-mers.
  0:02:26.805   492M / 1984M INFO    General                 (main.cpp                  : 223)   Solid k-mers finalized
  0:02:26.805   492M / 1984M INFO    General                 (hammer_tools.cpp          : 226)   Starting read correction in 4 threads.
  0:02:26.805   492M / 1984M INFO    General                 (hammer_tools.cpp          : 239)   Correcting pair of reads: "/home/dich3309/rnaseq-tnseq-enterococcus-analysis/data/raw_data/dna_illumina_R1.fq.gz" and "/home/dich3309/rnaseq-tnseq-enterococcus-analysis/data/raw_data/dna_illumina_R2.fq.gz"
  0:02:27.555   764M / 1984M INFO    General                 (hammer_tools.cpp          : 173)   Prepared batch 0 of 400000 reads.
  0:02:32.241   800M / 1984M INFO    General                 (hammer_tools.cpp          : 180)   Processed batch 0
  0:02:32.976   800M / 1984M INFO    General                 (hammer_tools.cpp          : 190)   Written batch 0
  0:02:33.696   800M / 1984M INFO    General                 (hammer_tools.cpp          : 173)   Prepared batch 1 of 400000 reads.
  0:02:38.460   800M / 1984M INFO    General                 (hammer_tools.cpp          : 180)   Processed batch 1
  0:02:39.190   800M / 1984M INFO    General                 (hammer_tools.cpp          : 190)   Written batch 1
  0:02:39.913   800M / 1984M INFO    General                 (hammer_tools.cpp          : 173)   Prepared batch 2 of 400000 reads.
  0:02:44.646   800M / 1984M INFO    General                 (hammer_tools.cpp          : 180)   Processed batch 2
  0:02:45.373   800M / 1984M INFO    General                 (hammer_tools.cpp          : 190)   Written batch 2
  0:02:46.093   800M / 1984M INFO    General                 (hammer_tools.cpp          : 173)   Prepared batch 3 of 400000 reads.
  0:02:50.837   800M / 1984M INFO    General                 (hammer_tools.cpp          : 180)   Processed batch 3
  0:02:51.562   800M / 1984M INFO    General                 (hammer_tools.cpp          : 190)   Written batch 3
  0:02:51.680   800M / 1984M INFO    General                 (hammer_tools.cpp          : 173)   Prepared batch 4 of 66667 reads.
  0:02:52.503   800M / 1984M INFO    General                 (hammer_tools.cpp          : 180)   Processed batch 4
  0:02:52.629   800M / 1984M INFO    General                 (hammer_tools.cpp          : 190)   Written batch 4
  0:02:52.684   492M / 1984M INFO    General                 (hammer_tools.cpp          : 280)   Correction done. Changed 344277 bases in 219848 reads.
  0:02:52.691   492M / 1984M INFO    General                 (hammer_tools.cpp          : 281)   Failed to correct 37133 bases out of 295220331.
  0:02:52.693     1M / 1984M INFO    General                 (main.cpp                  : 256)   Saving corrected dataset description to /home/dich3309/rnaseq-tnseq-enterococcus-analysis/analyses/02_genome_assembly/spades_hybrid/corrected/corrected.yaml
  0:02:52.716     1M / 1984M INFO    General                 (main.cpp                  : 263)   All done. Exiting.

===== Read error correction finished. 


===== corrected reads compression started. 


== Running: /sw/arch/eb/software/Python/3.12.3-GCCcore-13.3.0/bin/python3 /sw/arch/eb/software/SPAdes/4.2.0-GCC-13.3.0/share/spades/spades_pipeline/scripts/compress_all.py --input_file /home/dich3309/rnaseq-tnseq-enterococcus-analysis/analyses/02_genome_assembly/spades_hybrid/corrected/corrected.yaml --ext_python_modules_home /sw/arch/eb/software/SPAdes/4.2.0-GCC-13.3.0/share/spades --max_threads 4 --output_dir /home/dich3309/rnaseq-tnseq-enterococcus-analysis/analyses/02_genome_assembly/spades_hybrid/corrected --not_used_yaml_file /home/dich3309/rnaseq-tnseq-enterococcus-analysis/analyses/02_genome_assembly/spades_hybrid/corrected/dont_correct.yaml --gzip_output

== Compressing corrected reads (with pigz)
== Files to compress: ['/home/dich3309/rnaseq-tnseq-enterococcus-analysis/analyses/02_genome_assembly/spades_hybrid/corrected/dna_illumina_R1.fq00.0_0.cor.fastq', '/home/dich3309/rnaseq-tnseq-enterococcus-analysis/analyses/02_genome_assembly/spades_hybrid/corrected/dna_illumina_R2.fq00.0_0.cor.fastq', '/home/dich3309/rnaseq-tnseq-enterococcus-analysis/analyses/02_genome_assembly/spades_hybrid/corrected/dna_illumina_R_unpaired00.0_0.cor.fastq']
== Files compression is finished
== Info about datasets not used in error correction stage is loaded
== Dataset yaml file is updated

===== corrected reads compression finished. 


===== Read error correction finished. 


===== Assembling started. 


===== K33 started. 


== Running: /sw/arch/eb/software/SPAdes/4.2.0-GCC-13.3.0/bin/spades-core /home/dich3309/rnaseq-tnseq-enterococcus-analysis/analyses/02_genome_assembly/spades_hybrid/K33/configs/config.info

  0:00:00.000     1M / 23M   INFO    General                 (main.cpp                  :  94)   Loaded config from "/home/dich3309/rnaseq-tnseq-enterococcus-analysis/analyses/02_genome_assembly/spades_hybrid/K33/configs/config.info"
  0:00:00.000     1M / 23M   INFO    General                 (memory_limit.cpp          :  55)   Memory limit set to 250 Gb
  0:00:00.000     1M / 23M   INFO    General                 (main.cpp                  : 102)   Starting SPAdes, built from N/A, git revision N/A
  0:00:00.000     1M / 23M   INFO    General                 (main.cpp                  : 103)   Maximum k-mer length: 128
  0:00:00.000     1M / 23M   INFO    General                 (main.cpp                  : 104)   Assembling dataset ("/home/dich3309/rnaseq-tnseq-enterococcus-analysis/analyses/02_genome_assembly/spades_hybrid/dataset.info") with K=33
  0:00:00.000     1M / 23M   INFO    General                 (main.cpp                  : 105)   Maximum # of threads to use (adjusted due to OMP capabilities): 4
  0:00:00.000     1M / 23M   INFO    General                 (pipeline.cpp              : 221)   SPAdes started
  0:00:00.000     1M / 23M   INFO    General                 (pipeline.cpp              : 234)   Starting from stage: read_conversion
  0:00:00.000     1M / 23M   INFO    General                 (pipeline.cpp              : 245)   Two-step repeat resolution disabled
  0:00:00.000     1M / 23M   INFO   GraphCore                (graph_core.hpp            : 689)   Graph created, vertex min_id: 3, edge min_id: 3
  0:00:00.000     1M / 23M   INFO   GraphCore                (graph_core.hpp            : 690)   Vertex size: 48, edge size: 40
  0:00:00.000     1M / 23M   INFO    General                 (edge_index.hpp            : 132)   Size of edge index entries: 12/8
  0:00:00.000     1M / 23M   INFO    General                 (pipeline.cpp              : 256)   Will need read mapping, kmer mapper will be attached
  0:00:00.000     1M / 23M   INFO   StageManager             (stage.cpp                 : 212)   STAGE == Binary Read Conversion (id: read_conversion)
  0:00:00.002     1M / 23M   INFO    General                 (read_converter.cpp        :  78)   Converting reads to binary format for library #0 (takes a while)
  0:00:00.002     1M / 23M   INFO    General                 (read_converter.cpp        :  99)   Converting paired reads
  0:00:00.214    82M / 108M  INFO    General                 (binary_converter.cpp      : 127)   16384 reads processed
  0:00:00.228    82M / 114M  INFO    General                 (binary_converter.cpp      : 127)   32768 reads processed
  0:00:00.246    81M / 118M  INFO    General                 (binary_converter.cpp      : 127)   65536 reads processed
  0:00:00.343    81M / 140M  INFO    General                 (binary_converter.cpp      : 127)   131072 reads processed
  0:00:00.605    63M / 158M  INFO    General                 (binary_converter.cpp      : 127)   262144 reads processed
  0:00:01.098     8M / 166M  INFO    General                 (binary_converter.cpp      : 127)   524288 reads processed
  0:00:02.083     0M / 200M  INFO    General                 (binary_converter.cpp      : 127)   1048576 reads processed
  0:00:03.368     0M / 218M  INFO    General                 (binary_converter.cpp      : 143)   1659427 reads written
  0:00:03.374     0M / 218M  INFO    General                 (read_converter.cpp        : 113)   Converting single reads
  0:00:03.402     0M / 218M  INFO    General                 (binary_converter.cpp      : 143)   7231 reads written
  0:00:03.403     0M / 218M  INFO    General                 (read_converter.cpp        : 119)   Converting merged reads
  0:00:03.407     0M / 218M  INFO    General                 (binary_converter.cpp      : 143)   0 reads written
  0:00:03.434     0M / 218M  INFO    General                 (read_converter.cpp        :  78)   Converting reads to binary format for library #1 (takes a while)
  0:00:03.434     0M / 218M  INFO    General                 (read_converter.cpp        :  99)   Converting paired reads
  0:00:03.451     0M / 218M  INFO    General                 (binary_converter.cpp      : 143)   0 reads written
  0:00:03.451     0M / 218M  INFO    General                 (read_converter.cpp        : 113)   Converting single reads
  0:00:04.470     0M / 282M  INFO    General                 (binary_converter.cpp      : 127)   16384 reads processed
  0:00:05.064     0M / 330M  INFO    General                 (binary_converter.cpp      : 127)   32768 reads processed
  0:00:06.078     0M / 458M  INFO    General                 (binary_converter.cpp      : 127)   65536 reads processed
  0:00:09.821     0M / 718M  INFO    General                 (binary_converter.cpp      : 143)   116806 reads written
  0:00:09.827     0M / 718M  INFO    General                 (read_converter.cpp        : 119)   Converting merged reads
  0:00:09.833     0M / 718M  INFO    General                 (binary_converter.cpp      : 143)   0 reads written
  0:00:09.886     1M / 718M  INFO   StageManager             (stage.cpp                 : 212)   STAGE == de Bruijn graph construction (id: construction)
  0:00:09.897     1M / 718M  INFO    General                 (construction.cpp          : 150)   Max read length 90
  0:00:09.897     1M / 718M  INFO    General                 (construction.cpp          : 156)   Average read length 88.6054
  0:00:09.897     1M / 718M  INFO    General                 (stage.cpp                 : 121)   PROCEDURE == k+1-mer counting (id: construction:kpomer_counting)
  0:00:09.897     1M / 718M  INFO    General                 (kmer_index_builder.hpp    : 308)   Splitting kmer instances into 40 files using 4 threads. This might take a while.
  0:00:10.016     1M / 718M  INFO    General                 (file_limit.hpp            :  43)   Open file limit set to 131072
  0:00:10.016     1M / 718M  INFO    General                 (kmer_splitter.hpp         :  96)   Memory available for splitting buffers: 20.8333 Gb
  0:00:10.016     1M / 718M  INFO    General                 (kmer_splitter.hpp         : 104)   Using cell size of 838860
  0:00:13.819  2401M / 2481M INFO    General                 (kmer_splitters.hpp        : 128)   Processed 4762630 reads
  0:00:15.329  2401M / 2481M INFO    General                 (kmer_splitters.hpp        : 128)   Processed 6652170 reads
  0:00:15.329     1M / 2481M INFO    General                 (kmer_splitters.hpp        : 134)   Used 6652170 reads
  0:00:15.331     1M / 2481M INFO    General                 (kmer_index_builder.hpp    : 314)   Starting k-mer counting.
  0:00:15.526     1M / 2481M INFO    General                 (kmer_index_builder.hpp    : 325)   K-mer counting done. There are 3276821 kmers in total.
  0:00:15.527     1M / 2481M INFO    General                 (stage.cpp                 : 121)   PROCEDURE == Extension index construction (id: construction:extension_index_construction)
  0:00:15.538     1M / 2481M INFO   K-mer Index Building     (kmer_index_builder.hpp    : 503)   Building kmer index
  0:00:15.538     1M / 2481M INFO    General                 (kmer_index_builder.hpp    : 308)   Splitting kmer instances into 40 files using 4 threads. This might take a while.
  0:00:15.725     1M / 2481M INFO    General                 (file_limit.hpp            :  43)   Open file limit set to 131072
  0:00:15.725     1M / 2481M INFO    General                 (kmer_splitter.hpp         :  96)   Memory available for splitting buffers: 20.8333 Gb
  0:00:15.725     1M / 2481M INFO    General                 (kmer_splitter.hpp         : 104)   Using cell size of 838860
  0:00:16.133  2401M / 2481M INFO    General                 (kmer_splitters.hpp        : 197)   Processed 3276821 kmers
  0:00:16.133  2401M / 2481M INFO    General                 (kmer_splitters.hpp        : 202)   Used 3276821 kmers.
  0:00:16.133     1M / 2481M INFO    General                 (kmer_index_builder.hpp    : 314)   Starting k-mer counting.
  0:00:16.284     1M / 2481M INFO    General                 (kmer_index_builder.hpp    : 325)   K-mer counting done. There are 3276748 kmers in total.
  0:00:16.284     1M / 2481M INFO   K-mer Index Building     (kmer_index_builder.hpp    : 460)   Building perfect hash indices
  0:00:16.402     3M / 2481M INFO   K-mer Index Building     (kmer_index_builder.hpp    : 496)   Index built. Total 3276748 kmers, 2396864 bytes occupied (5.85181 bits per kmer).
  0:00:16.402     3M / 2481M INFO    General                 (kmer_index_builder.hpp    : 191)   Merging final buckets.
  0:00:16.544     7M / 2481M INFO   DeBruijnExtensionIndexBu (kmer_extension_index_build: 101)   Building k-mer extensions from k+1-mers
  0:00:16.717     7M / 2481M INFO   DeBruijnExtensionIndexBu (kmer_extension_index_build: 106)   Building k-mer extensions from k+1-mers finished.
  0:00:16.728     7M / 2481M INFO    General                 (stage.cpp                 : 121)   PROCEDURE == Condensing graph (id: construction:graph_condensing)
  0:00:16.730     7M / 2481M INFO   UnbranchingPathExtractor (debruijn_graph_constructor: 324)   Extracting unbranching paths
  0:00:16.977     9M / 2481M INFO   UnbranchingPathExtractor (debruijn_graph_constructor: 348)   Extracting unbranching paths finished. 46905 sequences extracted
  0:00:17.111     9M / 2481M INFO   UnbranchingPathExtractor (debruijn_graph_constructor: 362)   Collecting perfect loops
  0:00:17.176     9M / 2481M INFO   UnbranchingPathExtractor (debruijn_graph_constructor: 395)   Collecting perfect loops finished. 0 loops collected
  0:00:17.180     9M / 2481M INFO   DeBruijnGraphConstructor (debruijn_graph_constructor: 593)   Sorting edges...
  0:00:17.183     9M / 2481M INFO   DeBruijnGraphConstructor (debruijn_graph_constructor: 598)   Edges sorted
  0:00:17.183     9M / 2481M INFO    General                 (debruijn_graph_constructor: 511)   Total 93810 edges to create
  0:00:17.183    13M / 2481M INFO    General                 (debruijn_graph_constructor: 514)   Collecting link records
  0:00:17.190    15M / 2481M INFO    General                 (debruijn_graph_constructor: 519)   Ordering link records
  0:00:17.193    15M / 2481M INFO    General                 (debruijn_graph_constructor: 525)   Sorting done
  0:00:17.194    15M / 2481M INFO    General                 (debruijn_graph_constructor: 538)   Sorting LinkRecords...
  0:00:17.195    15M / 2481M INFO    General                 (debruijn_graph_constructor: 544)   LinkRecords sorted
  0:00:17.195    15M / 2481M INFO    General                 (debruijn_graph_constructor: 546)   Total 46832 vertices to create
  0:00:17.195    20M / 2481M INFO    General                 (debruijn_graph_constructor: 549)   Connecting the graph
  0:00:17.203    17M / 2481M INFO    General                 (stage.cpp                 : 121)   PROCEDURE == Filling coverage indices (PHM) (id: construction:coverage_filling_phm)
  0:00:17.203    17M / 2481M INFO   K-mer Index Building     (kmer_index_builder.hpp    : 460)   Building perfect hash indices
  0:00:17.321    20M / 2481M INFO   K-mer Index Building     (kmer_index_builder.hpp    : 496)   Index built. Total 3276821 kmers, 2396888 bytes occupied (5.85174 bits per kmer).
  0:00:17.324    33M / 2481M INFO    General                 (coverage_hash_map_builder.:  49)   Collecting k-mer coverage information from reads, this takes a while.
  0:00:22.024    33M / 2481M INFO    General                 (construction.cpp          : 400)   Filling coverage and flanking coverage from PHM
  0:00:22.201    33M / 2481M INFO    General                 (coverage_filling.hpp      :  83)   Processed 93790 edges
  0:00:22.298    11M / 2481M INFO   StageManager             (stage.cpp                 : 212)   STAGE == EC Threshold Finding (id: ec_threshold_finder)
  0:00:22.298    11M / 2481M INFO    General                 (kmer_coverage_model.cpp   : 182)   Kmer coverage valley at: 3
  0:00:22.298    11M / 2481M INFO    General                 (kmer_coverage_model.cpp   : 202)   K-mer histogram maximum: 50
  0:00:22.298    11M / 2481M INFO    General                 (kmer_coverage_model.cpp   : 238)   Estimated median coverage: 53. Coverage mad: 13.3434
  0:00:22.298    11M / 2481M INFO    General                 (kmer_coverage_model.cpp   : 260)   Fitting coverage model
  0:00:22.349    11M / 2481M INFO    General                 (kmer_coverage_model.cpp   : 296)   ... iteration 2
  0:00:22.498    11M / 2481M INFO    General                 (kmer_coverage_model.cpp   : 296)   ... iteration 4
  0:00:23.168    11M / 2481M INFO    General                 (kmer_coverage_model.cpp   : 296)   ... iteration 8
  0:00:24.451    11M / 2481M INFO    General                 (kmer_coverage_model.cpp   : 296)   ... iteration 16
  0:00:26.415    11M / 2481M INFO    General                 (kmer_coverage_model.cpp   : 310)   Fitted mean coverage: 52.8024. Fitted coverage std. dev: 11.2256
  0:00:26.417    11M / 2481M INFO    General                 (kmer_coverage_model.cpp   : 335)   Probability of erroneous kmer at valley: 0.973509
  0:00:26.417    11M / 2481M INFO    General                 (kmer_coverage_model.cpp   : 359)   Preliminary threshold calculated as: 11
  0:00:26.417    11M / 2481M INFO    General                 (kmer_coverage_model.cpp   : 363)   Threshold adjusted to: 11
  0:00:26.417    11M / 2481M INFO    General                 (kmer_coverage_model.cpp   : 376)   Estimated genome size (ignoring repeats): 2930727
  0:00:26.417    11M / 2481M INFO    General                 (genomic_info_filler.cpp   :  56)   Mean coverage was calculated as 52.8024
  0:00:26.417    11M / 2481M INFO    General                 (genomic_info_filler.cpp   :  71)   EC coverage threshold value was calculated as 11
  0:00:26.417    11M / 2481M INFO    General                 (genomic_info_filler.cpp   :  72)   Trusted kmer low bound: 0
  0:00:26.417    11M / 2481M INFO   StageManager             (stage.cpp                 : 212)   STAGE == Gap Closer (id: early_gapcloser)
  0:00:26.419    24M / 2481M INFO    General                 (edge_index.hpp            : 132)   Size of edge index entries: 12/8
  0:00:26.422    25M / 2481M INFO    General                 (gap_closer.cpp            : 117)   Total edges in tip neighborhood: 23590 out of 93790, length: 441275
  0:00:26.423    25M / 2481M INFO    General                 (edge_index.hpp            : 196)   Using small index (max_id = 94282)
  0:00:26.427    25M / 2481M INFO   K-mer Index Building     (kmer_index_builder.hpp    : 460)   Building perfect hash indices
  0:00:26.450    25M / 2481M INFO   K-mer Index Building     (kmer_index_builder.hpp    : 496)   Index built. Total 298702 kmers, 216488 bytes occupied (5.7981 bits per kmer).
  0:00:26.451    28M / 2481M INFO    General                 (edge_index_builders.hpp   : 266)   Collecting edge information from graph, this takes a while.
  0:00:26.462    28M / 2481M INFO    General                 (sequence_mapper_notifier.h:  80)   Starting sequence mapping
  0:00:29.273    28M / 2481M INFO    General                 (sequence_mapper_notifier.h: 101)   Processed 200000 reads
  0:00:29.283    28M / 2481M INFO    General                 (sequence_mapper_notifier.h: 101)   Processed 400000 reads
  0:00:29.286    28M / 2481M INFO    General                 (sequence_mapper_notifier.h: 101)   Processed 600000 reads
  0:00:29.302    28M / 2481M INFO    General                 (sequence_mapper_notifier.h: 101)   Processed 800000 reads
  0:00:32.096    28M / 2481M INFO    General                 (sequence_mapper_notifier.h: 101)   Processed 1000000 reads
  0:00:32.097    28M / 2481M INFO    General                 (sequence_mapper_notifier.h: 101)   Processed 1200000 reads
  0:00:32.337    28M / 2481M INFO    General                 (sequence_mapper_notifier.h: 120)   Total 1659427 reads processed
  0:00:32.339    25M / 2481M INFO    General                 (gap_closer.cpp            : 505)   Initializing gap closer
  0:00:32.339    25M / 2481M INFO   GapCloser                (gap_closer.cpp            : 421)   Collecting gap candidates
  0:00:32.342    25M / 2481M INFO   GapCloser                (gap_closer.cpp            : 425)   Total 48 tips collected, total 50 connection candidates
  0:00:32.342    25M / 2481M INFO   GapCloser                (gap_closer.cpp            : 446)   Closing short gaps complete: filled 0 gaps after checking 50 candidates
  0:00:32.343    25M / 2481M INFO    General                 (gap_closer.cpp            : 510)   Gap closer done
  0:00:32.343    11M / 2481M INFO   StageManager             (stage.cpp                 : 212)   STAGE == Raw Simplification (id: raw_simplification)
  0:00:32.343    11M / 2481M INFO    General                 (simplification.cpp        : 129)   PROCEDURE == Initial cleaning
  0:00:32.343    11M / 2481M INFO    General                 (graph_simplification.hpp  : 674)   Flanking coverage based disconnection disabled
  0:00:32.343    11M / 2481M INFO   Simplification           (parallel_processing.hpp   : 168)   Running Self conjugate edge remover
  0:00:32.344    11M / 2481M INFO   Simplification           (parallel_processing.hpp   : 171)   Self conjugate edge remover triggered 0 times
  0:00:32.344    11M / 2481M INFO   Simplification           (parallel_processing.hpp   : 168)   Running Initial tip clipper
  0:00:32.415    11M / 2481M INFO   Simplification           (parallel_processing.hpp   : 171)   Initial tip clipper triggered 18219 times
  0:00:32.416    11M / 2481M INFO   Simplification           (parallel_processing.hpp   : 168)   Running Initial ec remover
  0:00:32.452    11M / 2481M INFO   Simplification           (parallel_processing.hpp   : 171)   Initial ec remover triggered 1501 times
  0:00:32.453    11M / 2481M INFO   Simplification           (parallel_processing.hpp   : 168)   Running Initial isolated edge remover
  0:00:32.455    11M / 2481M INFO   Simplification           (parallel_processing.hpp   : 171)   Initial isolated edge remover triggered 2598 times
  0:00:32.455    10M / 2481M INFO   StageManager             (stage.cpp                 : 212)   STAGE == Simplification (id: simplification)
  0:00:32.455    10M / 2481M INFO    General                 (simplification.cpp        : 397)   Graph simplification started
  0:00:32.455    10M / 2481M INFO    General                 (graph_simplification.hpp  : 646)   Creating parallel br instance
  0:00:32.455    10M / 2481M INFO    General                 (simplification.cpp        : 402)   PROCEDURE == Simplification cycle, iteration 1
  0:00:32.455    10M / 2481M INFO   Simplification           (parallel_processing.hpp   : 168)   Running Tip clipper
  0:00:32.455    10M / 2481M INFO   Simplification           (parallel_processing.hpp   : 171)   Tip clipper triggered 6 times
  0:00:32.455    10M / 2481M INFO   Simplification           (parallel_processing.hpp   : 168)   Running Bulge remover
  0:00:32.485    13M / 2481M INFO   Simplification           (parallel_processing.hpp   : 171)   Bulge remover triggered 617 times
  0:00:32.485    13M / 2481M INFO   Simplification           (parallel_processing.hpp   : 168)   Running Low coverage edge remover
  0:00:32.486    13M / 2481M INFO   Simplification           (parallel_processing.hpp   : 171)   Low coverage edge remover triggered 1 times
  0:00:32.486    13M / 2481M INFO    General                 (simplification.cpp        : 402)   PROCEDURE == Simplification cycle, iteration 2
  0:00:32.486    13M / 2481M INFO   Simplification           (parallel_processing.hpp   : 168)   Running Tip clipper
  0:00:32.486    13M / 2481M INFO   Simplification           (parallel_processing.hpp   : 171)   Tip clipper triggered 0 times
  0:00:32.486    13M / 2481M INFO   Simplification           (parallel_processing.hpp   : 168)   Running Bulge remover
  0:00:32.486    13M / 2481M INFO   Simplification           (parallel_processing.hpp   : 171)   Bulge remover triggered 0 times
  0:00:32.486    13M / 2481M INFO   Simplification           (parallel_processing.hpp   : 168)   Running Low coverage edge remover
  0:00:32.486    13M / 2481M INFO   Simplification           (parallel_processing.hpp   : 171)   Low coverage edge remover triggered 3 times
  0:00:32.486    13M / 2481M INFO    General                 (simplification.cpp        : 402)   PROCEDURE == Simplification cycle, iteration 3
  0:00:32.486    13M / 2481M INFO   Simplification           (parallel_processing.hpp   : 168)   Running Tip clipper
  0:00:32.486    13M / 2481M INFO   Simplification           (parallel_processing.hpp   : 171)   Tip clipper triggered 0 times
  0:00:32.486    13M / 2481M INFO   Simplification           (parallel_processing.hpp   : 168)   Running Bulge remover
  0:00:32.486    13M / 2481M INFO   Simplification           (parallel_processing.hpp   : 171)   Bulge remover triggered 0 times
  0:00:32.486    13M / 2481M INFO   Simplification           (parallel_processing.hpp   : 168)   Running Low coverage edge remover
  0:00:32.486    13M / 2481M INFO   Simplification           (parallel_processing.hpp   : 171)   Low coverage edge remover triggered 6 times
  0:00:32.486    13M / 2481M INFO    General                 (simplification.cpp        : 402)   PROCEDURE == Simplification cycle, iteration 4
  0:00:32.486    13M / 2481M INFO   Simplification           (parallel_processing.hpp   : 168)   Running Tip clipper
  0:00:32.486    13M / 2481M INFO   Simplification           (parallel_processing.hpp   : 171)   Tip clipper triggered 0 times
  0:00:32.486    13M / 2481M INFO   Simplification           (parallel_processing.hpp   : 168)   Running Bulge remover
  0:00:32.487    13M / 2481M INFO   Simplification           (parallel_processing.hpp   : 171)   Bulge remover triggered 2 times
  0:00:32.487    13M / 2481M INFO   Simplification           (parallel_processing.hpp   : 168)   Running Low coverage edge remover
  0:00:32.487    13M / 2481M INFO   Simplification           (parallel_processing.hpp   : 171)   Low coverage edge remover triggered 2 times
  0:00:32.487    13M / 2481M INFO    General                 (simplification.cpp        : 402)   PROCEDURE == Simplification cycle, iteration 5
  0:00:32.487    13M / 2481M INFO   Simplification           (parallel_processing.hpp   : 168)   Running Tip clipper
  0:00:32.487    13M / 2481M INFO   Simplification           (parallel_processing.hpp   : 171)   Tip clipper triggered 0 times
  0:00:32.487    13M / 2481M INFO   Simplification           (parallel_processing.hpp   : 168)   Running Bulge remover
  0:00:32.487    13M / 2481M INFO   Simplification           (parallel_processing.hpp   : 171)   Bulge remover triggered 0 times
  0:00:32.487    13M / 2481M INFO   Simplification           (parallel_processing.hpp   : 168)   Running Low coverage edge remover
  0:00:32.487    13M / 2481M INFO   Simplification           (parallel_processing.hpp   : 171)   Low coverage edge remover triggered 2 times
  0:00:32.487    13M / 2481M INFO    General                 (simplification.cpp        : 402)   PROCEDURE == Simplification cycle, iteration 6
  0:00:32.487    13M / 2481M INFO   Simplification           (parallel_processing.hpp   : 168)   Running Tip clipper
  0:00:32.487    13M / 2481M INFO   Simplification           (parallel_processing.hpp   : 171)   Tip clipper triggered 0 times
  0:00:32.487    13M / 2481M INFO   Simplification           (parallel_processing.hpp   : 168)   Running Bulge remover
  0:00:32.487    13M / 2481M INFO   Simplification           (parallel_processing.hpp   : 171)   Bulge remover triggered 1 times
  0:00:32.487    13M / 2481M INFO   Simplification           (parallel_processing.hpp   : 168)   Running Low coverage edge remover
  0:00:32.487    13M / 2481M INFO   Simplification           (parallel_processing.hpp   : 171)   Low coverage edge remover triggered 2 times
  0:00:32.487    13M / 2481M INFO    General                 (simplification.cpp        : 402)   PROCEDURE == Simplification cycle, iteration 7
  0:00:32.487    13M / 2481M INFO   Simplification           (parallel_processing.hpp   : 168)   Running Tip clipper
  0:00:32.487    13M / 2481M INFO   Simplification           (parallel_processing.hpp   : 171)   Tip clipper triggered 0 times
  0:00:32.487    13M / 2481M INFO   Simplification           (parallel_processing.hpp   : 168)   Running Bulge remover
  0:00:32.487    13M / 2481M INFO   Simplification           (parallel_processing.hpp   : 171)   Bulge remover triggered 2 times
  0:00:32.487    13M / 2481M INFO   Simplification           (parallel_processing.hpp   : 168)   Running Low coverage edge remover
  0:00:32.487    13M / 2481M INFO   Simplification           (parallel_processing.hpp   : 171)   Low coverage edge remover triggered 0 times
  0:00:32.487    13M / 2481M INFO    General                 (simplification.cpp        : 402)   PROCEDURE == Simplification cycle, iteration 8
  0:00:32.487    13M / 2481M INFO   Simplification           (parallel_processing.hpp   : 168)   Running Tip clipper
  0:00:32.487    13M / 2481M INFO   Simplification           (parallel_processing.hpp   : 171)   Tip clipper triggered 0 times
  0:00:32.487    13M / 2481M INFO   Simplification           (parallel_processing.hpp   : 168)   Running Bulge remover
  0:00:32.487    13M / 2481M INFO   Simplification           (parallel_processing.hpp   : 171)   Bulge remover triggered 0 times
  0:00:32.487    13M / 2481M INFO   Simplification           (parallel_processing.hpp   : 168)   Running Low coverage edge remover
  0:00:32.487    13M / 2481M INFO   Simplification           (parallel_processing.hpp   : 171)   Low coverage edge remover triggered 0 times
  0:00:32.487    13M / 2481M INFO    General                 (simplification.cpp        : 402)   PROCEDURE == Simplification cycle, iteration 9
  0:00:32.487    13M / 2481M INFO   Simplification           (parallel_processing.hpp   : 168)   Running Tip clipper
  0:00:32.487    13M / 2481M INFO   Simplification           (parallel_processing.hpp   : 171)   Tip clipper triggered 0 times
  0:00:32.487    13M / 2481M INFO   Simplification           (parallel_processing.hpp   : 168)   Running Bulge remover
  0:00:32.487    13M / 2481M INFO   Simplification           (parallel_processing.hpp   : 171)   Bulge remover triggered 0 times
  0:00:32.487    13M / 2481M INFO   Simplification           (parallel_processing.hpp   : 168)   Running Low coverage edge remover
  0:00:32.487    13M / 2481M INFO   Simplification           (parallel_processing.hpp   : 171)   Low coverage edge remover triggered 0 times
  0:00:32.487    13M / 2481M INFO    General                 (simplification.cpp        : 402)   PROCEDURE == Simplification cycle, iteration 10
  0:00:32.487    13M / 2481M INFO   Simplification           (parallel_processing.hpp   : 168)   Running Tip clipper
  0:00:32.487    13M / 2481M INFO   Simplification           (parallel_processing.hpp   : 171)   Tip clipper triggered 0 times
  0:00:32.487    13M / 2481M INFO   Simplification           (parallel_processing.hpp   : 168)   Running Bulge remover
  0:00:32.487    13M / 2481M INFO   Simplification           (parallel_processing.hpp   : 171)   Bulge remover triggered 0 times
  0:00:32.487    13M / 2481M INFO   Simplification           (parallel_processing.hpp   : 168)   Running Low coverage edge remover
  0:00:32.487    13M / 2481M INFO   Simplification           (parallel_processing.hpp   : 171)   Low coverage edge remover triggered 0 times
  0:00:32.487    13M / 2481M INFO    General                 (simplification.cpp        : 402)   PROCEDURE == Simplification cycle, iteration 11
  0:00:32.487    13M / 2481M INFO   Simplification           (parallel_processing.hpp   : 168)   Running Tip clipper
  0:00:32.488    13M / 2481M INFO   Simplification           (parallel_processing.hpp   : 171)   Tip clipper triggered 0 times
  0:00:32.488    13M / 2481M INFO   Simplification           (parallel_processing.hpp   : 168)   Running Bulge remover
  0:00:32.489    13M / 2481M INFO   Simplification           (parallel_processing.hpp   : 171)   Bulge remover triggered 0 times
  0:00:32.489    13M / 2481M INFO   Simplification           (parallel_processing.hpp   : 168)   Running Low coverage edge remover
  0:00:32.489    13M / 2481M INFO   Simplification           (parallel_processing.hpp   : 171)   Low coverage edge remover triggered 0 times
  0:00:32.489    13M / 2481M INFO   StageManager             (stage.cpp                 : 212)   STAGE == Gap Closer (id: late_gapcloser)
  0:00:32.491    26M / 2481M INFO    General                 (edge_index.hpp            : 132)   Size of edge index entries: 12/8
  0:00:32.492    26M / 2481M INFO    General                 (gap_closer.cpp            : 117)   Total edges in tip neighborhood: 120 out of 3416, length: 12200
  0:00:32.492    26M / 2481M INFO    General                 (edge_index.hpp            : 196)   Using small index (max_id = 94282)
  0:00:32.492    26M / 2481M INFO   K-mer Index Building     (kmer_index_builder.hpp    : 460)   Building perfect hash indices
  0:00:32.492    26M / 2481M INFO   K-mer Index Building     (kmer_index_builder.hpp    : 496)   Index built. Total 6100 kmers, 5168 bytes occupied (6.7777 bits per kmer).
  0:00:32.492    26M / 2481M INFO    General                 (edge_index_builders.hpp   : 266)   Collecting edge information from graph, this takes a while.
  0:00:32.495    26M / 2481M INFO    General                 (sequence_mapper_notifier.h:  80)   Starting sequence mapping
  0:00:35.934    26M / 2481M INFO    General                 (sequence_mapper_notifier.h: 101)   Processed 200000 reads
  0:00:35.948    26M / 2481M INFO    General                 (sequence_mapper_notifier.h: 101)   Processed 400000 reads
  0:00:35.970    26M / 2481M INFO    General                 (sequence_mapper_notifier.h: 101)   Processed 600000 reads
  0:00:35.976    26M / 2481M INFO    General                 (sequence_mapper_notifier.h: 101)   Processed 800000 reads
  0:00:39.391    26M / 2481M INFO    General                 (sequence_mapper_notifier.h: 101)   Processed 1000000 reads
  0:00:39.397    26M / 2481M INFO    General                 (sequence_mapper_notifier.h: 101)   Processed 1200000 reads
  0:00:39.693    26M / 2481M INFO    General                 (sequence_mapper_notifier.h: 120)   Total 1659427 reads processed
  0:00:39.695    26M / 2481M INFO    General                 (gap_closer.cpp            : 505)   Initializing gap closer
  0:00:39.695    26M / 2481M INFO   GapCloser                (gap_closer.cpp            : 421)   Collecting gap candidates
  0:00:39.695    26M / 2481M INFO   GapCloser                (gap_closer.cpp            : 425)   Total 0 tips collected, total 0 connection candidates
  0:00:39.695    26M / 2481M INFO   GapCloser                (gap_closer.cpp            : 446)   Closing short gaps complete: filled 0 gaps after checking 0 candidates
  0:00:39.695    26M / 2481M INFO    General                 (gap_closer.cpp            : 510)   Gap closer done
  0:00:39.696    13M / 2481M INFO   StageManager             (stage.cpp                 : 212)   STAGE == Simplification Cleanup (id: simplification_cleanup)
  0:00:39.696    13M / 2481M INFO    General                 (simplification.cpp        : 189)   PROCEDURE == Post simplification
  0:00:39.696    13M / 2481M INFO    General                 (graph_simplification.hpp  : 455)   Disconnection of relatively low covered edges disabled
  0:00:39.696    13M / 2481M INFO    General                 (graph_simplification.hpp  : 494)   Complex tip clipping disabled
  0:00:39.696    13M / 2481M INFO    General                 (graph_simplification.hpp  : 646)   Creating parallel br instance
  0:00:39.696    13M / 2481M INFO   Simplification           (parallel_processing.hpp   : 168)   Running Tip clipper
  0:00:39.696    13M / 2481M INFO   Simplification           (parallel_processing.hpp   : 171)   Tip clipper triggered 0 times
  0:00:39.696    13M / 2481M INFO   Simplification           (parallel_processing.hpp   : 168)   Running Bulge remover
  0:00:39.697    13M / 2481M INFO   Simplification           (parallel_processing.hpp   : 171)   Bulge remover triggered 0 times
  0:00:39.697    13M / 2481M INFO   Simplification           (parallel_processing.hpp   : 168)   Running Tip clipper
  0:00:39.697    13M / 2481M INFO   Simplification           (parallel_processing.hpp   : 171)   Tip clipper triggered 0 times
  0:00:39.697    13M / 2481M INFO   Simplification           (parallel_processing.hpp   : 168)   Running Bulge remover
  0:00:39.698    13M / 2481M INFO   Simplification           (parallel_processing.hpp   : 171)   Bulge remover triggered 0 times
  0:00:39.698    13M / 2481M INFO    General                 (simplification.cpp        : 348)   Disrupting self-conjugate edges
  0:00:39.699    13M / 2481M INFO   Simplification           (parallel_processing.hpp   : 168)   Running Removing isolated edges
  0:00:39.699    13M / 2481M INFO   Simplification           (parallel_processing.hpp   : 171)   Removing isolated edges triggered 60 times
  0:00:39.699    13M / 2481M INFO    General                 (simplification.cpp        : 508)   After simplification:
  0:00:39.699    13M / 2481M INFO    General                 (simplification.cpp        : 509)     Average coverage = 63.5171
  0:00:39.699    13M / 2481M INFO    General                 (simplification.cpp        : 510)     Total length = 2906305
  0:00:39.699    13M / 2481M INFO    General                 (simplification.cpp        : 511)     Median edge length: 15046
  0:00:39.699    13M / 2481M INFO    General                 (simplification.cpp        : 512)     Edges: 3296
  0:00:39.699    13M / 2481M INFO    General                 (simplification.cpp        : 513)     Vertices: 2122
  0:00:39.699    13M / 2481M INFO   StageManager             (stage.cpp                 : 212)   STAGE == Mismatch Correction (id: mismatch_correction)
  0:00:39.700    13M / 2481M INFO    General                 (graph_pack_helpers.cpp    :  44)   Index refill
  0:00:39.700    13M / 2481M INFO    General                 (edge_index.hpp            : 175)   Using small index (max_id = 94282)
  0:00:39.734    13M / 2481M INFO   K-mer Index Building     (kmer_index_builder.hpp    : 460)   Building perfect hash indices
  0:00:39.946    15M / 2481M INFO   K-mer Index Building     (kmer_index_builder.hpp    : 496)   Index built. Total 2906284 kmers, 2099840 bytes occupied (5.78014 bits per kmer).
  0:00:39.950    38M / 2481M INFO    General                 (edge_index_builders.hpp   : 253)   Collecting edge information from graph, this takes a while.
  0:00:40.045    38M / 2481M INFO    General                 (graph_pack_helpers.cpp    :  54)   Normalizing k-mer map. Total 60364 kmers to process
  0:00:40.054    38M / 2481M INFO    General                 (kmer_mapper.hpp           :  87)   Total 518 kmers with non-trivial roots
  0:00:40.054    38M / 2481M INFO    General                 (graph_pack_helpers.cpp    :  56)   Normalizing done
  0:00:40.054    38M / 2481M INFO    General                 (mismatch_correction.cpp   : 421)   Collect potential mismatches
  0:00:40.066    38M / 2481M INFO    General                 (mismatch_correction.cpp   : 213)   Total 958 edges (out of 3296) with 6218 potential mismatch positions (6.49061 positions per edge)
  0:00:40.066    38M / 2481M INFO    General                 (mismatch_correction.cpp   : 423)   Potential mismatches collected
  0:00:40.103    38M / 2481M INFO    General                 (sequence_mapper_notifier.h:  80)   Starting sequence mapping
  0:00:40.541    38M / 2481M INFO    General                 (sequence_mapper_notifier.h: 101)   Processed 200000 reads
  0:00:40.543    38M / 2481M INFO    General                 (sequence_mapper_notifier.h: 101)   Processed 400000 reads
  0:00:40.543    39M / 2481M INFO    General                 (sequence_mapper_notifier.h: 101)   Processed 600000 reads
  0:00:40.544    39M / 2481M INFO    General                 (sequence_mapper_notifier.h: 101)   Processed 800000 reads
  0:00:40.978    39M / 2481M INFO    General                 (sequence_mapper_notifier.h: 101)   Processed 1000000 reads
  0:00:40.978    39M / 2481M INFO    General                 (sequence_mapper_notifier.h: 101)   Processed 1200000 reads
  0:00:41.417    39M / 2481M INFO    General                 (sequence_mapper_notifier.h: 101)   Processed 2200000 reads
  0:00:42.728    39M / 2481M INFO    General                 (sequence_mapper_notifier.h: 101)   Processed 4200000 reads
  0:00:43.756    39M / 2481M INFO    General                 (sequence_mapper_notifier.h: 120)   Total 6652170 reads processed
  0:00:43.762    38M / 2481M INFO    General                 (mismatch_correction.cpp   : 416)   All edges processed
  0:00:43.762    38M / 2481M INFO    General                 (mismatch_correction.cpp   : 471)   Corrected 3 nucleotides
  0:00:43.762    38M / 2481M INFO   StageManager             (stage.cpp                 : 212)   STAGE == Contig Output (id: contig_output)
  0:00:43.762    38M / 2481M INFO    General                 (contig_output.hpp         :  20)   Outputting contigs to "/home/dich3309/rnaseq-tnseq-enterococcus-analysis/analyses/02_genome_assembly/spades_hybrid/K33/before_rr.fasta"
  0:00:43.782    38M / 2481M INFO    General                 (contig_output_stage.cpp   : 159)   Writing GFA graph to "/home/dich3309/rnaseq-tnseq-enterococcus-analysis/analyses/02_genome_assembly/spades_hybrid/K33/assembly_graph_after_simplification.gfa"
  0:00:43.793    38M / 2481M INFO   StageManager             (stage.cpp                 : 212)   STAGE == Hybrid Aligning (id: hybrid_aligning)
  0:00:43.793    38M / 2481M INFO   HybridAligning           (hybrid_aligning.cpp       : 346)   Hybrid library detected: #1
  0:00:43.793    38M / 2481M INFO    General                 (hybrid_aligning.cpp       : 299)   Aligning long reads with bwa-mem based aligner
  0:00:43.793    38M / 2481M INFO   BWAIndex                 (bwa_index.cpp             :  52)   Setting BWA alignment mode to 'pacbio'
  0:00:43.814    46M / 2481M INFO    General                 (bwa_index.cpp             : 150)   Using BWA IS algorithm
  0:00:46.407   528M / 2481M INFO    General                 (hybrid_aligning.cpp       : 279)   Prepared batch 0 of 50000 reads.
  0:04:43.120   531M / 2481M INFO    General                 (hybrid_aligning.cpp       : 241)   Read batch of size: 50000 processed; 45812 of them longer than 500; among long reads aligned: 45128; paths of more than one edge received: 13014
  0:04:43.127   530M / 2481M INFO    General                 (hybrid_aligning.cpp       : 284)   Processed 50000 reads
  0:04:45.250   553M / 2481M INFO    General                 (hybrid_aligning.cpp       : 279)   Prepared batch 1 of 50000 reads.
  0:09:06.215   555M / 2481M INFO    General                 (hybrid_aligning.cpp       : 241)   Read batch of size: 50000 processed; 47056 of them longer than 500; among long reads aligned: 45696; paths of more than one edge received: 12069
  0:09:06.222   554M / 2481M INFO    General                 (hybrid_aligning.cpp       : 284)   Processed 100000 reads
  0:09:06.938   223M / 2481M INFO    General                 (hybrid_aligning.cpp       : 279)   Prepared batch 2 of 16806 reads.
  0:10:39.571   224M / 2481M INFO    General                 (hybrid_aligning.cpp       : 241)   Read batch of size: 16806 processed; 15787 of them longer than 500; among long reads aligned: 15357; paths of more than one edge received: 4038
  0:10:39.575   223M / 2481M INFO    General                 (hybrid_aligning.cpp       : 284)   Processed 116806 reads
  0:10:39.577    49M / 2481M INFO    General                 (hybrid_aligning.cpp       : 313)   For library of long reads
  0:10:39.578    49M / 2481M INFO   StatsCounter             (pacbio_read_structures.hpp: 165)   Median fraction of present seeds in maximal alignmnent among reads aligned to the graph: 0
  0:10:39.578    49M / 2481M INFO    General                 (hybrid_aligning.cpp       : 315)   Aligning of long reads finished
  0:10:39.589    39M / 2481M INFO   HybridAligning           (hybrid_aligning.cpp       : 393)   Padding gaps
  0:10:39.589    39M / 2481M INFO   HybridAligning           (hybrid_aligning.cpp       : 397)   Min gap weight set to 2
  0:10:39.589    39M / 2481M INFO    General                 (hybrid_aligning.cpp       : 151)   Closing gaps with long reads
  0:10:39.590    39M / 2481M INFO   MultiGapJoiner           (hybrid_gap_closer.hpp     : 559)   Closed 0 gaps
  0:10:39.594    39M / 2481M INFO    General                 (hybrid_aligning.cpp       : 172)   Closing gaps with long reads finished
  0:10:39.595    39M / 2481M INFO   StageManager             (stage.cpp                 : 212)   STAGE == Paired Information Counting (id: late_pair_info_count)
  0:10:39.597    40M / 2481M INFO    General                 (graph_pack_helpers.cpp    :  54)   Normalizing k-mer map. Total 60478 kmers to process
  0:10:39.606    40M / 2481M INFO    General                 (kmer_mapper.hpp           :  87)   Total 316 kmers with non-trivial roots
  0:10:39.606    40M / 2481M INFO    General                 (graph_pack_helpers.cpp    :  56)   Normalizing done
  0:10:39.607    40M / 2481M INFO    General                 (pair_info_count.cpp       : 165)   Min edge length for estimation: 15046
  0:10:39.607    40M / 2481M INFO    General                 (pair_info_count.cpp       : 176)   Estimating insert size for library #0
  0:10:39.607    40M / 2481M INFO    General                 (pair_info_count.cpp       :  41)   Selecting usual mapper
  0:10:39.607    40M / 2481M INFO    General                 (paired_info_utils.cpp     : 102)   Estimating insert size (takes a while)
  0:10:39.710   120M / 2481M INFO    General                 (sequence_mapper_notifier.h:  80)   Starting sequence mapping
  0:10:40.611   120M / 2481M INFO    General                 (sequence_mapper_notifier.h: 101)   Processed 200000 reads
  0:10:40.624   120M / 2481M INFO    General                 (sequence_mapper_notifier.h: 101)   Processed 400000 reads
  0:10:40.635   120M / 2481M INFO    General                 (sequence_mapper_notifier.h: 101)   Processed 600000 reads
  0:10:40.653   120M / 2481M INFO    General                 (sequence_mapper_notifier.h: 101)   Processed 800000 reads
  0:10:41.398   121M / 2481M INFO    General                 (sequence_mapper_notifier.h: 101)   Processed 1000000 reads
  0:10:41.415   121M / 2481M INFO    General                 (sequence_mapper_notifier.h: 101)   Processed 1200000 reads
  0:10:41.558   120M / 2481M INFO    General                 (sequence_mapper_notifier.h: 120)   Total 1659427 reads processed
  0:10:41.626   120M / 2481M INFO    General                 (paired_info_utils.cpp     : 119)   Edge pairs: 39481
  0:10:41.626   120M / 2481M INFO    General                 (paired_info_utils.cpp     : 121)   708926 paired reads (42.7211% of all) aligned to long edges
  0:10:41.626    40M / 2481M INFO    General                 (pair_info_count.cpp       : 196)     Insert size = 465.822, deviation = 14.5696, left quantile = 448, right quantile = 484, read length = 90
  0:10:41.626    40M / 2481M INFO    General                 (pair_info_count.cpp       : 211)   Filtering data for library #0
  0:10:41.626    40M / 2481M INFO    General                 (pair_info_count.cpp       :  41)   Selecting usual mapper
  0:10:41.639    40M / 2481M INFO    General                 (sequence_mapper_notifier.h:  80)   Starting sequence mapping
  0:10:42.397    40M / 2481M INFO    General                 (sequence_mapper_notifier.h: 101)   Processed 200000 reads
  0:10:42.403    40M / 2481M INFO    General                 (sequence_mapper_notifier.h: 101)   Processed 400000 reads
  0:10:42.404    41M / 2481M INFO    General                 (sequence_mapper_notifier.h: 101)   Processed 600000 reads
  0:10:42.405    41M / 2481M INFO    General                 (sequence_mapper_notifier.h: 101)   Processed 800000 reads
  0:10:43.174    41M / 2481M INFO    General                 (sequence_mapper_notifier.h: 101)   Processed 1000000 reads
  0:10:43.181    41M / 2481M INFO    General                 (sequence_mapper_notifier.h: 101)   Processed 1200000 reads
  0:10:43.243    40M / 2481M INFO    General                 (sequence_mapper_notifier.h: 120)   Total 1659427 reads processed
  0:10:43.244    40M / 2481M INFO    General                 (pair_info_count.cpp       : 216)   Mapping library #0
  0:10:43.244    40M / 2481M INFO    General                 (pair_info_count.cpp       : 218)   Mapping paired reads (takes a while)
  0:10:43.244    40M / 2481M INFO    General                 (pair_info_count.cpp       :  41)   Selecting usual mapper
  0:10:43.244    40M / 2481M INFO    General                 (paired_info_utils.cpp     : 152)   Left insert size quantile 448, right insert size quantile 484, filtering threshold 2, rounding threshold 0
  0:10:43.252    54M / 2481M INFO    General                 (sequence_mapper_notifier.h:  80)   Starting sequence mapping
  0:10:44.120    55M / 2481M INFO    General                 (sequence_mapper_notifier.h: 101)   Processed 200000 reads
  0:10:44.126    55M / 2481M INFO    General                 (sequence_mapper_notifier.h: 101)   Processed 400000 reads
  0:10:44.129    56M / 2481M INFO    General                 (sequence_mapper_notifier.h: 101)   Processed 600000 reads
  0:10:44.130    57M / 2481M INFO    General                 (sequence_mapper_notifier.h: 101)   Processed 800000 reads
  0:10:44.999    58M / 2481M INFO    General                 (sequence_mapper_notifier.h: 101)   Processed 1000000 reads
  0:10:45.007    58M / 2481M INFO    General                 (sequence_mapper_notifier.h: 101)   Processed 1200000 reads
  0:10:45.075    59M / 2481M INFO    General                 (sequence_mapper_notifier.h: 120)   Total 1659427 reads processed
  0:10:45.078    45M / 2481M INFO    General                 (pair_info_count.cpp       : 169)   Library #1 was mapped earlier on hybrid aligning stage, skipping
  0:10:45.078    45M / 2481M INFO   StageManager             (stage.cpp                 : 212)   STAGE == Distance Estimation (id: distance_estimation)
  0:10:45.078    45M / 2481M INFO    General                 (distance_estimation.cpp   :  75)   Processing library #0
  0:10:45.078    45M / 2481M INFO    General                 (distance_estimation_utils.:  23)   Estimating distances
  0:10:45.078    45M / 2481M INFO   DistanceEstimator        (distance_estimation.hpp   : 132)   Using SIMPLE distance estimator
  0:10:46.780    47M / 2481M INFO    General                 (distance_estimation_utils.: 137)   Refining clustered pair information
  0:10:46.784    47M / 2481M INFO    General                 (distance_estimation_utils.: 139)   The refining of clustered pair information has been finished
  0:10:46.784    47M / 2481M INFO    General                 (distance_estimation_utils.: 141)   Improving paired information
  0:10:49.175    48M / 2481M INFO   PairInfoImprover         (pair_info_improver.hpp    :  80)   Paired info stats: missing = 41366; contradictional = 2600
  0:10:49.994    49M / 2481M INFO   PairInfoImprover         (pair_info_improver.hpp    :  80)   Paired info stats: missing = 6716; contradictional = 118
  0:10:49.995    49M / 2481M INFO    General                 (distance_estimation_utils.:  81)   Filling scaffolding index
  0:10:49.995    49M / 2481M INFO    General                 (distance_estimation_utils.:  23)   Estimating distances
  0:10:49.995    49M / 2481M INFO   DistanceEstimator        (distance_estimation.hpp   : 132)   Using SMOOTHING distance estimator
  0:10:51.680    49M / 2481M INFO    General                 (distance_estimation.cpp   :  84)   Clearing raw paired index
  0:10:51.684    44M / 2481M INFO   StageManager             (stage.cpp                 : 212)   STAGE == Repeat Resolving (id: repeat_resolving)
  0:10:51.684    44M / 2481M INFO    General                 (repeat_resolving.cpp      :  88)   Using Path-Extend repeat resolving
  0:10:51.684    44M / 2481M INFO    General                 (launcher.cpp              : 632)   ExSPAnder repeat resolving tool started
  0:10:51.686    44M / 2481M INFO    General                 (coverage_uniformity_analyz:  25)   genomic coverage is 53.4312 calculated of length 2773452
  0:10:51.686    44M / 2481M WARN    General                 (launcher.cpp              : 181)   Your data seems to have high uniform coverage depth. It is strongly recommended to use --isolate option.
  0:10:51.686    44M / 2481M INFO    General                 (launcher.cpp              : 189)   Autodetecting unique edge set parameters...
  0:10:51.686    44M / 2481M INFO    General                 (launcher.cpp              : 191)   Minimal unique edge length set to the smallest MP library IS: 2000
  0:10:51.687    44M / 2481M INFO    General                 (coverage_uniformity_analyz:  25)   genomic coverage is 53.3021 calculated of length 2674261
  0:10:51.687    44M / 2481M INFO    General                 (launcher.cpp              : 196)   median coverage for edges longer than 2000 is 53.3021 uniformity 95%
  0:10:51.687    44M / 2481M INFO   ScaffoldingUniqueEdgeAna (scaff_supplementary.cpp   :  76)   With length cutoff: 2000, median long edge coverage: 53.3021, and maximal unique coverage: 0.5
  0:10:51.687    44M / 2481M INFO   ScaffoldingUniqueEdgeAna (scaff_supplementary.cpp   :  79)   Unique edges quantity: 420, unique edges length 5091610, total edges length 5812560
  0:10:51.688    44M / 2481M INFO    General                 (launcher.cpp              : 440)   Creating main extenders, unique edge length = 2000
  0:10:51.688    45M / 2481M INFO    General                 (launcher.cpp              : 358)   filling path container
  0:10:51.712    65M / 2481M INFO    General                 (extenders_logic.cpp       : 341)   Estimated coverage of library #0 is 63.5171
  0:10:51.713    65M / 2481M INFO    General                 (extenders_logic.cpp       : 352)   Creating extender; library index size: 82196
  0:10:51.713    65M / 2481M INFO    General                 (extenders_logic.cpp       : 341)   Estimated coverage of library #0 is 63.5171
  0:10:51.713    65M / 2481M INFO    General                 (extenders_logic.cpp       : 352)   Creating extender; library index size: 82196
  0:10:51.713    65M / 2481M INFO    General                 (extenders_logic.cpp       :  54)   resolvable_repeat_length_bound set to 23162
  0:10:52.750    65M / 2481M INFO    General                 (extenders_logic.cpp       : 550)   Using 1 paired-end library
  0:10:52.751    65M / 2481M INFO    General                 (extenders_logic.cpp       : 551)   Using 1 paired-end scaffolding library
  0:10:52.751    65M / 2481M INFO    General                 (extenders_logic.cpp       : 552)   Using 1 single read library
  0:10:52.751    65M / 2481M INFO    General                 (launcher.cpp              : 405)   Filling backbone edges for long reads scaffolding...
  0:10:52.751    65M / 2481M INFO    General                 (launcher.cpp              : 424)    with coverage
  0:10:52.751    65M / 2481M INFO   ScaffoldingUniqueEdgeAna (scaff_supplementary.cpp   :  76)   With length cutoff: 500, median long edge coverage: 53.4312, and maximal unique coverage: 0.5
  0:10:52.751    65M / 2481M INFO   ScaffoldingUniqueEdgeAna (scaff_supplementary.cpp   :  79)   Unique edges quantity: 582, unique edges length 5272878, total edges length 5812560
  0:10:52.751    65M / 2481M INFO    General                 (launcher.cpp              : 427)   582 unique edges
  0:10:52.751    65M / 2481M INFO    General                 (extenders_logic.cpp       : 427)   Creating scaffolding extender for lib 1
  0:10:52.751    65M / 2481M INFO   ExtensionChooser2015     (extension_chooser2015.hpp :  57)   ExtensionChooser2015 created
  0:10:52.752    66M / 2481M INFO    General                 (extenders_logic.cpp       : 453)   Using 1 long reads scaffolding library
  0:10:52.752    66M / 2481M INFO    General                 (launcher.cpp              : 469)   Total number of extenders is 5
  0:10:52.752    66M / 2481M INFO    General                 (path_extenders.cpp        :  36)   Processed 0 paths from 1624 (0%)
  0:10:52.904    72M / 2481M INFO    General                 (path_extenders.cpp        :  34)   Processed 128 paths from 1624 (7%)
  0:10:52.909    72M / 2481M INFO    General                 (path_extenders.cpp        :  36)   Processed 163 paths from 1624 (10%)
  0:10:52.919    73M / 2481M INFO    General                 (path_extenders.cpp        :  34)   Processed 256 paths from 1624 (15%)
  0:10:52.921    73M / 2481M INFO    General                 (path_extenders.cpp        :  36)   Processed 326 paths from 1624 (20%)
  0:10:52.923    73M / 2481M INFO    General                 (path_extenders.cpp        :  36)   Processed 489 paths from 1624 (30%)
  0:10:52.923    73M / 2481M INFO    General                 (path_extenders.cpp        :  34)   Processed 512 paths from 1624 (31%)
  0:10:52.923    73M / 2481M INFO    General                 (path_extenders.cpp        :  36)   Processed 652 paths from 1624 (40%)
  0:10:52.924    73M / 2481M INFO    General                 (path_extenders.cpp        :  36)   Processed 815 paths from 1624 (50%)
  0:10:52.934    73M / 2481M INFO    General                 (path_extenders.cpp        :  36)   Processed 978 paths from 1624 (60%)
  0:10:52.934    73M / 2481M INFO    General                 (path_extenders.cpp        :  34)   Processed 1024 paths from 1624 (63%)
  0:10:52.934    73M / 2481M INFO    General                 (path_extenders.cpp        :  36)   Processed 1141 paths from 1624 (70%)
  0:10:52.935    73M / 2481M INFO    General                 (path_extenders.cpp        :  36)   Processed 1304 paths from 1624 (80%)
  0:10:52.935    73M / 2481M INFO    General                 (path_extenders.cpp        :  36)   Processed 1467 paths from 1624 (90%)
  0:10:52.935    72M / 2481M INFO    General                 (launcher.cpp              : 260)   Finalizing paths
  0:10:52.935    72M / 2481M INFO    General                 (launcher.cpp              : 262)   Deduplicating paths
  0:10:52.961    72M / 2481M INFO    General                 (launcher.cpp              : 266)   Paths deduplicated
  0:10:52.961    72M / 2481M INFO   PEResolver               (pe_resolver.cpp           :  70)   Removing overlaps
  0:10:52.961    72M / 2481M INFO   PEResolver               (pe_resolver.cpp           :  73)   Sorting paths
  0:10:52.961    72M / 2481M INFO   PEResolver               (pe_resolver.cpp           :  80)   Marking overlaps
  0:10:52.962    72M / 2481M INFO   OverlapRemover           (overlap_remover.hpp       : 120)   Marking start/end overlaps
  0:10:53.015    72M / 2481M INFO   OverlapRemover           (overlap_remover.hpp       : 123)   Marking remaining overlaps
  0:10:53.071    72M / 2481M INFO   PEResolver               (pe_resolver.cpp           :  83)   Splitting paths
  0:10:53.073    73M / 2481M INFO   PEResolver               (pe_resolver.cpp           :  88)   Deduplicating paths
  0:10:53.075    72M / 2481M INFO   PEResolver               (pe_resolver.cpp           :  90)   Overlaps removed
  0:10:53.076    72M / 2481M INFO    General                 (launcher.cpp              : 283)   Paths finalized
  0:10:53.076    72M / 2481M INFO    General                 (launcher.cpp              : 478)   Closing gaps in paths
  0:10:53.079    72M / 2481M INFO    General                 (launcher.cpp              : 508)   Gap closing completed
  0:10:53.083    64M / 2481M INFO    General                 (launcher.cpp              : 316)   Traversing tandem repeats
  0:10:53.086    64M / 2481M INFO    General                 (launcher.cpp              : 326)   Traversed 0 loops
  0:10:53.086    64M / 2481M INFO    General                 (launcher.cpp              : 260)   Finalizing paths
  0:10:53.086    64M / 2481M INFO    General                 (launcher.cpp              : 262)   Deduplicating paths
  0:10:53.086    64M / 2481M INFO    General                 (launcher.cpp              : 266)   Paths deduplicated
  0:10:53.086    64M / 2481M INFO   PEResolver               (pe_resolver.cpp           :  70)   Removing overlaps
  0:10:53.086    64M / 2481M INFO   PEResolver               (pe_resolver.cpp           :  73)   Sorting paths
  0:10:53.086    64M / 2481M INFO   PEResolver               (pe_resolver.cpp           :  80)   Marking overlaps
  0:10:53.086    64M / 2481M INFO   OverlapRemover           (overlap_remover.hpp       : 120)   Marking start/end overlaps
  0:10:53.087    64M / 2481M INFO   OverlapRemover           (overlap_remover.hpp       : 123)   Marking remaining overlaps
  0:10:53.087    64M / 2481M INFO   PEResolver               (pe_resolver.cpp           :  83)   Splitting paths
  0:10:53.088    65M / 2481M INFO   PEResolver               (pe_resolver.cpp           :  88)   Deduplicating paths
  0:10:53.088    65M / 2481M INFO   PEResolver               (pe_resolver.cpp           :  90)   Overlaps removed
  0:10:53.088    65M / 2481M INFO    General                 (launcher.cpp              : 283)   Paths finalized
  0:10:53.088    65M / 2481M INFO    General                 (launcher.cpp              : 697)   ExSPAnder repeat resolving tool finished
  0:10:53.092    44M / 2481M INFO   StageManager             (stage.cpp                 : 212)   STAGE == Contig Output (id: contig_output)
  0:10:53.092    44M / 2481M INFO    General                 (contig_output.hpp         :  20)   Outputting contigs to "/home/dich3309/rnaseq-tnseq-enterococcus-analysis/analyses/02_genome_assembly/spades_hybrid/K33/before_rr.fasta"
  0:10:53.131    44M / 2481M INFO    General                 (contig_output_stage.cpp   : 159)   Writing GFA graph to "/home/dich3309/rnaseq-tnseq-enterococcus-analysis/analyses/02_genome_assembly/spades_hybrid/K33/assembly_graph_with_scaffolds.gfa"
  0:10:53.143    44M / 2481M INFO    General                 (contig_output_stage.cpp   : 175)   Outputting FastG graph to "/home/dich3309/rnaseq-tnseq-enterococcus-analysis/analyses/02_genome_assembly/spades_hybrid/K33/assembly_graph.fastg"
  0:10:53.188    44M / 2481M INFO    General                 (contig_output_stage.cpp   : 210)   Breaking scaffolds
  0:10:53.194    48M / 2481M INFO    General                 (contig_output_stage.cpp   : 101)   Outputting contigs to /home/dich3309/rnaseq-tnseq-enterococcus-analysis/analyses/02_genome_assembly/spades_hybrid/K33/final_contigs.fasta
  0:10:53.207    48M / 2481M INFO    General                 (contig_output_stage.cpp   : 107)   Outputting FastG paths to /home/dich3309/rnaseq-tnseq-enterococcus-analysis/analyses/02_genome_assembly/spades_hybrid/K33/final_contigs.paths
  0:10:53.214    47M / 2481M INFO    General                 (contig_output_stage.cpp   : 101)   Outputting contigs to /home/dich3309/rnaseq-tnseq-enterococcus-analysis/analyses/02_genome_assembly/spades_hybrid/K33/scaffolds.fasta
  0:10:53.226    47M / 2481M INFO    General                 (contig_output_stage.cpp   : 107)   Outputting FastG paths to /home/dich3309/rnaseq-tnseq-enterococcus-analysis/analyses/02_genome_assembly/spades_hybrid/K33/scaffolds.paths
  0:10:53.244    47M / 2481M INFO    General                 (contig_output_stage.cpp   : 114)   Populating GFA with scaffold paths
  0:10:53.247    44M / 2481M INFO    General                 (pipeline.cpp              : 303)   SPAdes finished
  0:10:53.254     1M / 2481M INFO    General                 (main.cpp                  : 131)   Assembling time: 0 hours 10 minutes 53 seconds

===== K33 finished. 


===== Copy files started. 


== Running: /sw/arch/eb/software/Python/3.12.3-GCCcore-13.3.0/bin/python3 /sw/arch/eb/software/SPAdes/4.2.0-GCC-13.3.0/share/spades/spades_pipeline/scripts/copy_files.py /home/dich3309/rnaseq-tnseq-enterococcus-analysis/analyses/02_genome_assembly/spades_hybrid/K33/before_rr.fasta /home/dich3309/rnaseq-tnseq-enterococcus-analysis/analyses/02_genome_assembly/spades_hybrid/before_rr.fasta /home/dich3309/rnaseq-tnseq-enterococcus-analysis/analyses/02_genome_assembly/spades_hybrid/K33/assembly_graph_after_simplification.gfa /home/dich3309/rnaseq-tnseq-enterococcus-analysis/analyses/02_genome_assembly/spades_hybrid/assembly_graph_after_simplification.gfa /home/dich3309/rnaseq-tnseq-enterococcus-analysis/analyses/02_genome_assembly/spades_hybrid/K33/final_contigs.fasta /home/dich3309/rnaseq-tnseq-enterococcus-analysis/analyses/02_genome_assembly/spades_hybrid/contigs.fasta /home/dich3309/rnaseq-tnseq-enterococcus-analysis/analyses/02_genome_assembly/spades_hybrid/K33/first_pe_contigs.fasta /home/dich3309/rnaseq-tnseq-enterococcus-analysis/analyses/02_genome_assembly/spades_hybrid/first_pe_contigs.fasta /home/dich3309/rnaseq-tnseq-enterococcus-analysis/analyses/02_genome_assembly/spades_hybrid/K33/strain_graph.gfa /home/dich3309/rnaseq-tnseq-enterococcus-analysis/analyses/02_genome_assembly/spades_hybrid/strain_graph.gfa /home/dich3309/rnaseq-tnseq-enterococcus-analysis/analyses/02_genome_assembly/spades_hybrid/K33/scaffolds.fasta /home/dich3309/rnaseq-tnseq-enterococcus-analysis/analyses/02_genome_assembly/spades_hybrid/scaffolds.fasta /home/dich3309/rnaseq-tnseq-enterococcus-analysis/analyses/02_genome_assembly/spades_hybrid/K33/scaffolds.paths /home/dich3309/rnaseq-tnseq-enterococcus-analysis/analyses/02_genome_assembly/spades_hybrid/scaffolds.paths /home/dich3309/rnaseq-tnseq-enterococcus-analysis/analyses/02_genome_assembly/spades_hybrid/K33/assembly_graph_with_scaffolds.gfa /home/dich3309/rnaseq-tnseq-enterococcus-analysis/analyses/02_genome_assembly/spades_hybrid/assembly_graph_with_scaffolds.gfa /home/dich3309/rnaseq-tnseq-enterococcus-analysis/analyses/02_genome_assembly/spades_hybrid/K33/assembly_graph.fastg /home/dich3309/rnaseq-tnseq-enterococcus-analysis/analyses/02_genome_assembly/spades_hybrid/assembly_graph.fastg /home/dich3309/rnaseq-tnseq-enterococcus-analysis/analyses/02_genome_assembly/spades_hybrid/K33/final_contigs.paths /home/dich3309/rnaseq-tnseq-enterococcus-analysis/analyses/02_genome_assembly/spades_hybrid/contigs.paths


===== Copy files finished. 


===== Assembling finished. 


===== Breaking scaffolds started. 


== Running: /sw/arch/eb/software/Python/3.12.3-GCCcore-13.3.0/bin/python3 /sw/arch/eb/software/SPAdes/4.2.0-GCC-13.3.0/share/spades/spades_pipeline/scripts/breaking_scaffolds_script.py --result_scaffolds_filename /home/dich3309/rnaseq-tnseq-enterococcus-analysis/analyses/02_genome_assembly/spades_hybrid/scaffolds.fasta --misc_dir /home/dich3309/rnaseq-tnseq-enterococcus-analysis/analyses/02_genome_assembly/spades_hybrid/misc --threshold_for_breaking_scaffolds 3


===== Breaking scaffolds finished. 


===== Terminate started. 


===== Terminate finished. 

 * Corrected reads are in /home/dich3309/rnaseq-tnseq-enterococcus-analysis/analyses/02_genome_assembly/spades_hybrid/corrected/
 * Assembled contigs are in /home/dich3309/rnaseq-tnseq-enterococcus-analysis/analyses/02_genome_assembly/spades_hybrid/contigs.fasta
 * Assembled scaffolds are in /home/dich3309/rnaseq-tnseq-enterococcus-analysis/analyses/02_genome_assembly/spades_hybrid/scaffolds.fasta
 * Paths in the assembly graph corresponding to the contigs are in /home/dich3309/rnaseq-tnseq-enterococcus-analysis/analyses/02_genome_assembly/spades_hybrid/contigs.paths
 * Paths in the assembly graph corresponding to the scaffolds are in /home/dich3309/rnaseq-tnseq-enterococcus-analysis/analyses/02_genome_assembly/spades_hybrid/scaffolds.paths
 * Assembly graph is in /home/dich3309/rnaseq-tnseq-enterococcus-analysis/analyses/02_genome_assembly/spades_hybrid/assembly_graph.fastg
 * Assembly graph in GFA format is in /home/dich3309/rnaseq-tnseq-enterococcus-analysis/analyses/02_genome_assembly/spades_hybrid/assembly_graph_with_scaffolds.gfa

======= SPAdes pipeline finished WITH WARNINGS!

=== Error correction and assembling warnings:
 * 0:10:51.686    44M / 2481M WARN    General                 (launcher.cpp              : 181)   Your data seems to have high uniform coverage depth. It is strongly recommended to use --isolate option.
======= Warnings saved to /home/dich3309/rnaseq-tnseq-enterococcus-analysis/analyses/02_genome_assembly/spades_hybrid/warnings.log

SPAdes log can be found here: /home/dich3309/rnaseq-tnseq-enterococcus-analysis/analyses/02_genome_assembly/spades_hybrid/spades.log

Thank you for using SPAdes! If you use it in your research, please cite:

  Prjibelski, A., Antipov, D., Meleshko, D., Lapidus, A. and Korobeynikov, A., 2020. Using SPAdes de novo assembler. Current protocols in bioinformatics, 70(1), p.e102.
  doi.org/10.1002/cpbi.102

[2026-04-15 16:50:42] SPAdes finished (0h 14m 20s)
[2026-04-15 16:50:42] contigs : /home/dich3309/rnaseq-tnseq-enterococcus-analysis/analyses/02_genome_assembly/spades_hybrid/contigs.fasta
[2026-04-15 16:50:42] scaffolds: /home/dich3309/rnaseq-tnseq-enterococcus-analysis/analyses/02_genome_assembly/spades_hybrid/scaffolds.fasta
[2026-04-15 16:50:42] script finished (exit code 0)
