[2026-04-15 15:07:48] canu assembly started
[2026-04-15 15:07:48] input: 6 PacBio SMRT cell files
[2026-04-15 15:07:48] output dir: /home/dich3309/rnaseq-tnseq-enterococcus-analysis/analyses/02_genome_assembly/canu_pacbio
-- canu 2.3
--
-- CITATIONS
--
-- For 'standard' assemblies of PacBio or Nanopore reads:
--   Koren S, Walenz BP, Berlin K, Miller JR, Phillippy AM.
--   Canu: scalable and accurate long-read assembly via adaptive k-mer weighting and repeat separation.
--   Genome Res. 2017 May;27(5):722-736.
--   http://doi.org/10.1101/gr.215087.116
-- 
-- Read and contig alignments during correction and consensus use:
--   Šošic M, Šikic M.
--   Edlib: a C/C ++ library for fast, exact sequence alignment using edit distance.
--   Bioinformatics. 2017 May 1;33(9):1394-1395.
--   http://doi.org/10.1093/bioinformatics/btw753
-- 
-- Overlaps are generated using:
--   Berlin K, et al.
--   Assembling large genomes with single-molecule sequencing and locality-sensitive hashing.
--   Nat Biotechnol. 2015 Jun;33(6):623-30.
--   http://doi.org/10.1038/nbt.3238
-- 
--   Myers EW, et al.
--   A Whole-Genome Assembly of Drosophila.
--   Science. 2000 Mar 24;287(5461):2196-204.
--   http://doi.org/10.1126/science.287.5461.2196
-- 
-- Corrected read consensus sequences are generated using an algorithm derived from FALCON-sense:
--   Chin CS, et al.
--   Phased diploid genome assembly with single-molecule real-time sequencing.
--   Nat Methods. 2016 Dec;13(12):1050-1054.
--   http://doi.org/10.1038/nmeth.4035
-- 
-- Contig consensus sequences are generated using an algorithm derived from pbdagcon:
--   Chin CS, et al.
--   Nonhybrid, finished microbial genome assemblies from long-read SMRT sequencing data.
--   Nat Methods. 2013 Jun;10(6):563-9
--   http://doi.org/10.1038/nmeth.2474
-- 
-- CONFIGURE CANU
--
-- Detected Java(TM) Runtime Environment '17.0.15' (from '/sw/arch/eb/software/Java/17.0.15/bin/java') without -d64 support.
-- Detected gnuplot version '6.0 patchlevel 1   ' (from 'gnuplot') and image format 'png'.
-- Detected samtools version '1.22.1' / htslib version '1.22.1' (from 'samtools').
--
-- Detected 4 CPUs and 23 gigabytes of memory on the local machine.
--
-- Detected Slurm with 'sinfo' binary in /usr/bin/sinfo.
-- Detected Slurm with task IDs up to 10000 allowed.
-- 
-- Slurm support detected.  Resources available:
--      1 host  with  96 cores and 2265 GB memory.
--     72 hosts with  16 cores and  243 GB memory.
--      6 hosts with  64 cores and  376 GB memory.
--      1 host  with  96 cores and 3017 GB memory.
--     80 hosts with  96 cores and  753 GB memory.
--
-- Found untrimmed raw PacBio CLR reads in the input files.
--
-- Job limits:
--      4 CPUs              (maxThreads option).
--
--                         (tag)Threads
--                (tag)Memory         |
--        (tag)             |         |  algorithm
--        -------  ----------  --------  -----------------------------
-- Grid:  meryl     12.000 GB    4 CPUs  (k-mer counting)
-- Grid:  cormhap    6.000 GB    4 CPUs  (overlap detection with mhap)
-- Grid:  obtovl     4.000 GB    4 CPUs  (overlap detection)
-- Grid:  utgovl     4.000 GB    4 CPUs  (overlap detection)
-- Grid:  cor        -.--- GB    4 CPUs  (read correction)
-- Grid:  ovb        4.000 GB    1 CPU   (overlap store bucketizer)
-- Grid:  ovs        8.000 GB    1 CPU   (overlap store sorting)
-- Grid:  red       16.000 GB    4 CPUs  (read error detection)
-- Grid:  oea        8.000 GB    1 CPU   (overlap error adjustment)
-- Grid:  bat       16.000 GB    4 CPUs  (contig construction with bogart)
-- Grid:  cns        -.--- GB    4 CPUs  (consensus)
--
-- Generating assembly 'efaecium_e745_pacbio' in '/crex/proj/uppmax2026-1-61/nobackup/work/dich3309/canu_pacbio':
--   genomeSize:
--     3300000
--
--   Overlap Generation Limits:
--     corOvlErrorRate 0.2400 ( 24.00%)
--     obtOvlErrorRate 0.0450 (  4.50%)
--     utgOvlErrorRate 0.0450 (  4.50%)
--
--   Overlap Processing Limits:
--     corErrorRate    0.2500 ( 25.00%)
--     obtErrorRate    0.0450 (  4.50%)
--     utgErrorRate    0.0450 (  4.50%)
--     cnsErrorRate    0.0750 (  7.50%)
--
--   Stages to run:
--     correct raw reads.
--     trim corrected reads.
--     assemble corrected and trimmed reads.
--
--
-- BEGIN STORE CREATION
----------------------------------------
-- Starting command on Wed Apr 15 15:07:49 2026 with 962983.02 GB free disk space

    cd .
    ./efaecium_e745_pacbio.seqStore.sh \
    > ./efaecium_e745_pacbio.seqStore.err 2>&1

-- Finished on Wed Apr 15 15:07:57 2026 (8 seconds) with 962978.55 GB free disk space
----------------------------------------
--
-- In sequence store './efaecium_e745_pacbio.seqStore':
--   Found 100836 reads.
--   Found 533813323 bases (161.76 times coverage).
--    Histogram of raw reads:
--    
--    G=533813323                        sum of  ||               length     num
--    NG         length     index       lengths  ||                range    seqs
--    ----- ------------ --------- ------------  ||  ------------------- -------
--    00010        12179      3821     53393103  ||       1000-1554         8676|---------------------------------------------------------------
--    00020        10167      8654    106772804  ||       1555-2109         8252|------------------------------------------------------------
--    00030         8845     14295    160149047  ||       2110-2664         8071|-----------------------------------------------------------
--    00040         7801     20729    213525954  ||       2665-3219         7555|-------------------------------------------------------
--    00050         6915     28005    266907829  ||       3220-3774         7176|-----------------------------------------------------
--    00060         6059     36227    320293628  ||       3775-4329         6765|--------------------------------------------------
--    00070         5084     45821    373673172  ||       4330-4884         6403|-----------------------------------------------
--    00080         4068     57528    427052881  ||       4885-5439         5754|------------------------------------------
--    00090         2878     72960    480434278  ||       5440-5994         5320|---------------------------------------
--    00100         1000    100836    533813323  ||       5995-6549         5326|---------------------------------------
--    001.000x              100836    533813323  ||       6550-7104         5250|---------------------------------------
--                                               ||       7105-7659         4567|----------------------------------
--                                               ||       7660-8214         3758|----------------------------
--                                               ||       8215-8769         3270|------------------------
--                                               ||       8770-9324         2755|---------------------
--                                               ||       9325-9879         2209|-----------------
--                                               ||       9880-10434        1961|---------------
--                                               ||      10435-10989        1515|------------
--                                               ||      10990-11544        1277|----------
--                                               ||      11545-12099        1003|--------
--                                               ||      12100-12654         862|-------
--                                               ||      12655-13209         733|------
--                                               ||      13210-13764         570|-----
--                                               ||      13765-14319         499|----
--                                               ||      14320-14874         409|---
--                                               ||      14875-15429         303|---
--                                               ||      15430-15984         216|--
--                                               ||      15985-16539         150|--
--                                               ||      16540-17094          97|-
--                                               ||      17095-17649          51|-
--                                               ||      17650-18204          31|-
--                                               ||      18205-18759          26|-
--                                               ||      18760-19314          12|-
--                                               ||      19315-19869           5|-
--                                               ||      19870-20424           3|-
--                                               ||      20425-20979           4|-
--                                               ||      20980-21534           1|-
--                                               ||      21535-22089           0|
--                                               ||      22090-22644           0|
--                                               ||      22645-23199           1|-
--    
--
-- BEGIN CORRECTION
----------------------------------------
-- Starting command on Wed Apr 15 15:07:58 2026 with 962978.55 GB free disk space

    cd correction/0-mercounts
    ./meryl-configure.sh \
    > ./meryl-configure.err 2>&1

-- Finished on Wed Apr 15 15:07:59 2026 (one second) with 962978.55 GB free disk space
----------------------------------------
--  segments   memory batches
--  -------- -------- -------
--        01  1.38 GB       2
--        02  0.69 GB       2
--        04  0.35 GB       2
--        06  -.-- GB       -  (segment size too small)
--        08  -.-- GB       -  (segment size too small)
--        12  -.-- GB       -  (segment size too small)
--        16  -.-- GB       -  (segment size too small)
--        20  -.-- GB       -  (segment size too small)
--        24  -.-- GB       -  (segment size too small)
--        32  -.-- GB       -  (segment size too small)
--        40  -.-- GB       -  (segment size too small)
--        48  -.-- GB       -  (segment size too small)
--        56  -.-- GB       -  (segment size too small)
--        64  -.-- GB       -  (segment size too small)
--        96  -.-- GB       -  (segment size too small)
--
--  For 100836 reads with 533813323 bases, limit to 5 batches.
--  Will count kmers using 01 jobs, each using 3 GB and 4 threads.
--
-- Finished stage 'merylConfigure', reset canuIteration.
--
-- Running jobs.  First attempt out of 2.
--
-- 'meryl-count.jobSubmit-01.sh' -> job 4910067 task 1.
--
----------------------------------------
-- Starting command on Wed Apr 15 15:07:59 2026 with 962978.55 GB free disk space

    cd /crex/proj/uppmax2026-1-61/nobackup/work/dich3309/canu_pacbio
    sbatch \
      --depend=afterany:4910067 \
      --cpus-per-task=1 \
      --mem-per-cpu=4g \
      -A uppmax2026-1-61 \
      -p pelle \
      -c 4 \
      -t 12:00:00  \
      -D `pwd` \
      -J 'canu_efaecium_e745_pacbio' \
      -o canu-scripts/canu.01.out  canu-scripts/canu.01.sh
Submitted batch job 4910068

-- Finished on Wed Apr 15 15:07:59 2026 (in the blink of an eye) with 962978.55 GB free disk space
----------------------------------------
[2026-04-15 15:07:59] canu launched (0h 0m 11s)
[2026-04-15 15:07:59] sub-jobs running independently — monitor with: squeue -u dich3309
[2026-04-15 15:07:59] assembly complete when efaecium_e745_pacbio.contigs.fasta appears in /home/dich3309/rnaseq-tnseq-enterococcus-analysis/analyses/02_genome_assembly/canu_pacbio
[2026-04-15 15:07:59] script finished (exit code 0)
