[2026-04-16 13:00:09] indexing Canu PacBio assembly with BWA
[bwa_index] Pack FASTA... 0.02 sec
[bwa_index] Construct BWT for the packed sequence...
[bwa_index] 0.39 seconds elapse.
[bwa_index] Update BWT... 0.01 sec
[bwa_index] Pack forward-only FASTA... 0.01 sec
[bwa_index] Construct SA from BWT and Occ... 0.17 sec
[main] Version: 0.7.19-r1273
[main] CMD: bwa index /home/dich3309/rnaseq-tnseq-enterococcus-analysis/analyses/02_genome_assembly/canu_pacbio/efaecium_e745_pacbio.contigs.fasta
[main] Real time: 0.791 sec; CPU: 0.598 sec
[2026-04-16 13:00:09] indexing complete (0h 0m 0s)
[2026-04-16 13:00:09] aligning Illumina reads to assembly
[2026-04-16 13:00:10] R1: /home/dich3309/rnaseq-tnseq-enterococcus-analysis/data/raw_data/dna_illumina_R1.fq.gz
[2026-04-16 13:00:10] R2: /home/dich3309/rnaseq-tnseq-enterococcus-analysis/data/raw_data/dna_illumina_R2.fq.gz
[2026-04-16 13:00:10] output BAM: /proj/uppmax2026-1-61/nobackup/work/dich3309/polishing_pacbio_illumina/efaecium_e745_illumina_sorted.bam
[M::bwa_idx_load_from_disk] read 0 ALT contigs
[M::process] read 222224 sequences (20000160 bp)...
[M::process] read 222224 sequences (20000160 bp)...
[M::mem_pestat] # candidate unique pairs for (FF, FR, RF, RR): (31, 88100, 9, 21)
[M::mem_pestat] analyzing insert size distribution for orientation FF...
[M::mem_pestat] (25, 50, 75) percentile: (346, 2746, 3520)
[M::mem_pestat] low and high boundaries for computing mean and std.dev: (1, 9868)
[M::mem_pestat] mean and std.dev: (2431.26, 1775.77)
[M::mem_pestat] low and high boundaries for proper pairs: (1, 13042)
[M::mem_pestat] analyzing insert size distribution for orientation FR...
[M::mem_pestat] (25, 50, 75) percentile: (456, 465, 474)
[M::mem_pestat] low and high boundaries for computing mean and std.dev: (420, 510)
[M::mem_pestat] mean and std.dev: (465.10, 14.02)
[M::mem_pestat] low and high boundaries for proper pairs: (402, 528)
[M::mem_pestat] skip orientation RF as there are not enough pairs
[M::mem_pestat] analyzing insert size distribution for orientation RR...
[M::mem_pestat] (25, 50, 75) percentile: (2743, 2760, 3531)
[M::mem_pestat] low and high boundaries for computing mean and std.dev: (1167, 5107)
[M::mem_pestat] mean and std.dev: (3086.15, 399.16)
[M::mem_pestat] low and high boundaries for proper pairs: (379, 5895)
[M::mem_pestat] skip orientation FF
[M::mem_pestat] skip orientation RR
[M::mem_process_seqs] Processed 222224 reads in 7.181 CPU sec, 3.614 real sec
[M::process] read 222224 sequences (20000160 bp)...
[M::mem_pestat] # candidate unique pairs for (FF, FR, RF, RR): (33, 88405, 4, 28)
[M::mem_pestat] analyzing insert size distribution for orientation FF...
[M::mem_pestat] (25, 50, 75) percentile: (2682, 2752, 3513)
[M::mem_pestat] low and high boundaries for computing mean and std.dev: (1020, 5175)
[M::mem_pestat] mean and std.dev: (3032.58, 396.18)
[M::mem_pestat] low and high boundaries for proper pairs: (189, 6006)
[M::mem_pestat] analyzing insert size distribution for orientation FR...
[M::mem_pestat] (25, 50, 75) percentile: (456, 465, 474)
[M::mem_pestat] low and high boundaries for computing mean and std.dev: (420, 510)
[M::mem_pestat] mean and std.dev: (465.02, 14.15)
[M::mem_pestat] low and high boundaries for proper pairs: (402, 528)
[M::mem_pestat] skip orientation RF as there are not enough pairs
[M::mem_pestat] analyzing insert size distribution for orientation RR...
[M::mem_pestat] (25, 50, 75) percentile: (2714, 2731, 2792)
[M::mem_pestat] low and high boundaries for computing mean and std.dev: (2558, 2948)
[M::mem_pestat] mean and std.dev: (2718.36, 39.92)
[M::mem_pestat] low and high boundaries for proper pairs: (2480, 3026)
[M::mem_pestat] skip orientation FF
[M::mem_pestat] skip orientation RR
[M::mem_process_seqs] Processed 222224 reads in 7.121 CPU sec, 3.642 real sec
[M::process] read 222224 sequences (20000160 bp)...
[M::mem_pestat] # candidate unique pairs for (FF, FR, RF, RR): (41, 87839, 2, 24)
[M::mem_pestat] analyzing insert size distribution for orientation FF...
[M::mem_pestat] (25, 50, 75) percentile: (342, 2715, 3506)
[M::mem_pestat] low and high boundaries for computing mean and std.dev: (1, 9834)
[M::mem_pestat] mean and std.dev: (2306.78, 1689.76)
[M::mem_pestat] low and high boundaries for proper pairs: (1, 12998)
[M::mem_pestat] analyzing insert size distribution for orientation FR...
[M::mem_pestat] (25, 50, 75) percentile: (456, 465, 474)
[M::mem_pestat] low and high boundaries for computing mean and std.dev: (420, 510)
[M::mem_pestat] mean and std.dev: (465.08, 14.08)
[M::mem_pestat] low and high boundaries for proper pairs: (402, 528)
[M::mem_pestat] skip orientation RF as there are not enough pairs
[M::mem_pestat] analyzing insert size distribution for orientation RR...
[M::mem_pestat] (25, 50, 75) percentile: (2741, 2806, 3559)
[M::mem_pestat] low and high boundaries for computing mean and std.dev: (1105, 5195)
[M::mem_pestat] mean and std.dev: (3113.12, 403.95)
[M::mem_pestat] low and high boundaries for proper pairs: (287, 6013)
[M::mem_pestat] skip orientation FF
[M::mem_pestat] skip orientation RR
[M::mem_process_seqs] Processed 222224 reads in 7.251 CPU sec, 3.708 real sec
[M::process] read 222224 sequences (20000160 bp)...
[M::mem_pestat] # candidate unique pairs for (FF, FR, RF, RR): (36, 87783, 7, 20)
[M::mem_pestat] analyzing insert size distribution for orientation FF...
[M::mem_pestat] (25, 50, 75) percentile: (361, 2712, 2741)
[M::mem_pestat] low and high boundaries for computing mean and std.dev: (1, 7501)
[M::mem_pestat] mean and std.dev: (2041.67, 1264.55)
[M::mem_pestat] low and high boundaries for proper pairs: (1, 9881)
[M::mem_pestat] analyzing insert size distribution for orientation FR...
[M::mem_pestat] (25, 50, 75) percentile: (456, 465, 474)
[M::mem_pestat] low and high boundaries for computing mean and std.dev: (420, 510)
[M::mem_pestat] mean and std.dev: (464.97, 14.06)
[M::mem_pestat] low and high boundaries for proper pairs: (402, 528)
[M::mem_pestat] skip orientation RF as there are not enough pairs
[M::mem_pestat] analyzing insert size distribution for orientation RR...
[M::mem_pestat] (25, 50, 75) percentile: (2723, 2757, 3494)
[M::mem_pestat] low and high boundaries for computing mean and std.dev: (1181, 5036)
[M::mem_pestat] mean and std.dev: (2946.05, 389.97)
[M::mem_pestat] low and high boundaries for proper pairs: (410, 5807)
[M::mem_pestat] skip orientation FF
[M::mem_pestat] skip orientation RR
[M::mem_process_seqs] Processed 222224 reads in 7.334 CPU sec, 3.750 real sec
[M::process] read 222224 sequences (20000160 bp)...
[M::mem_pestat] # candidate unique pairs for (FF, FR, RF, RR): (26, 87602, 6, 14)
[M::mem_pestat] analyzing insert size distribution for orientation FF...
[M::mem_pestat] (25, 50, 75) percentile: (380, 2756, 3545)
[M::mem_pestat] low and high boundaries for computing mean and std.dev: (1, 9875)
[M::mem_pestat] mean and std.dev: (2580.58, 1615.93)
[M::mem_pestat] low and high boundaries for proper pairs: (1, 13040)
[M::mem_pestat] analyzing insert size distribution for orientation FR...
[M::mem_pestat] (25, 50, 75) percentile: (456, 465, 474)
[M::mem_pestat] low and high boundaries for computing mean and std.dev: (420, 510)
[M::mem_pestat] mean and std.dev: (465.04, 14.04)
[M::mem_pestat] low and high boundaries for proper pairs: (402, 528)
[M::mem_pestat] skip orientation RF as there are not enough pairs
[M::mem_pestat] analyzing insert size distribution for orientation RR...
[M::mem_pestat] (25, 50, 75) percentile: (2760, 3505, 3543)
[M::mem_pestat] low and high boundaries for computing mean and std.dev: (1194, 5109)
[M::mem_pestat] mean and std.dev: (3186.07, 404.92)
[M::mem_pestat] low and high boundaries for proper pairs: (411, 5892)
[M::mem_pestat] skip orientation FF
[M::mem_pestat] skip orientation RR
[M::mem_process_seqs] Processed 222224 reads in 7.350 CPU sec, 3.756 real sec
[M::process] read 222224 sequences (20000160 bp)...
[M::mem_pestat] # candidate unique pairs for (FF, FR, RF, RR): (39, 88161, 8, 25)
[M::mem_pestat] analyzing insert size distribution for orientation FF...
[M::mem_pestat] (25, 50, 75) percentile: (348, 2688, 2760)
[M::mem_pestat] low and high boundaries for computing mean and std.dev: (1, 7584)
[M::mem_pestat] mean and std.dev: (2079.00, 1291.24)
[M::mem_pestat] low and high boundaries for proper pairs: (1, 9996)
[M::mem_pestat] analyzing insert size distribution for orientation FR...
[M::mem_pestat] (25, 50, 75) percentile: (456, 465, 474)
[M::mem_pestat] low and high boundaries for computing mean and std.dev: (420, 510)
[M::mem_pestat] mean and std.dev: (465.07, 14.02)
[M::mem_pestat] low and high boundaries for proper pairs: (402, 528)
[M::mem_pestat] skip orientation RF as there are not enough pairs
[M::mem_pestat] analyzing insert size distribution for orientation RR...
[M::mem_pestat] (25, 50, 75) percentile: (2722, 3504, 3571)
[M::mem_pestat] low and high boundaries for computing mean and std.dev: (1024, 5269)
[M::mem_pestat] mean and std.dev: (3255.56, 553.30)
[M::mem_pestat] low and high boundaries for proper pairs: (175, 6118)
[M::mem_pestat] skip orientation FF
[M::mem_pestat] skip orientation RR
[M::mem_process_seqs] Processed 222224 reads in 7.173 CPU sec, 3.671 real sec
[M::process] read 222224 sequences (20000160 bp)...
[M::mem_pestat] # candidate unique pairs for (FF, FR, RF, RR): (40, 88012, 7, 27)
[M::mem_pestat] analyzing insert size distribution for orientation FF...
[M::mem_pestat] (25, 50, 75) percentile: (371, 2756, 3527)
[M::mem_pestat] low and high boundaries for computing mean and std.dev: (1, 9839)
[M::mem_pestat] mean and std.dev: (2299.62, 1321.80)
[M::mem_pestat] low and high boundaries for proper pairs: (1, 12995)
[M::mem_pestat] analyzing insert size distribution for orientation FR...
[M::mem_pestat] (25, 50, 75) percentile: (456, 465, 474)
[M::mem_pestat] low and high boundaries for computing mean and std.dev: (420, 510)
[M::mem_pestat] mean and std.dev: (465.01, 14.05)
[M::mem_pestat] low and high boundaries for proper pairs: (402, 528)
[M::mem_pestat] skip orientation RF as there are not enough pairs
[M::mem_pestat] analyzing insert size distribution for orientation RR...
[M::mem_pestat] (25, 50, 75) percentile: (2722, 2769, 3553)
[M::mem_pestat] low and high boundaries for computing mean and std.dev: (1060, 5215)
[M::mem_pestat] mean and std.dev: (3072.48, 467.91)
[M::mem_pestat] low and high boundaries for proper pairs: (229, 6046)
[M::mem_pestat] skip orientation FF
[M::mem_pestat] skip orientation RR
[M::mem_process_seqs] Processed 222224 reads in 7.305 CPU sec, 3.736 real sec
[M::process] read 222224 sequences (20000160 bp)...
[M::mem_pestat] # candidate unique pairs for (FF, FR, RF, RR): (38, 87901, 6, 24)
[M::mem_pestat] analyzing insert size distribution for orientation FF...
[M::mem_pestat] (25, 50, 75) percentile: (333, 2678, 2747)
[M::mem_pestat] low and high boundaries for computing mean and std.dev: (1, 7575)
[M::mem_pestat] mean and std.dev: (1916.18, 1491.64)
[M::mem_pestat] low and high boundaries for proper pairs: (1, 9989)
[M::mem_pestat] analyzing insert size distribution for orientation FR...
[M::mem_pestat] (25, 50, 75) percentile: (456, 465, 474)
[M::mem_pestat] low and high boundaries for computing mean and std.dev: (420, 510)
[M::mem_pestat] mean and std.dev: (465.02, 14.09)
[M::mem_pestat] low and high boundaries for proper pairs: (402, 528)
[M::mem_pestat] skip orientation RF as there are not enough pairs
[M::mem_pestat] analyzing insert size distribution for orientation RR...
[M::mem_pestat] (25, 50, 75) percentile: (2702, 2755, 3536)
[M::mem_pestat] low and high boundaries for computing mean and std.dev: (1034, 5204)
[M::mem_pestat] mean and std.dev: (3034.78, 557.35)
[M::mem_pestat] low and high boundaries for proper pairs: (200, 6038)
[M::mem_pestat] skip orientation FF
[M::mem_pestat] skip orientation RR
[M::mem_process_seqs] Processed 222224 reads in 7.402 CPU sec, 3.785 real sec
[M::process] read 222224 sequences (20000160 bp)...
[M::mem_pestat] # candidate unique pairs for (FF, FR, RF, RR): (31, 87509, 5, 14)
[M::mem_pestat] analyzing insert size distribution for orientation FF...
[M::mem_pestat] (25, 50, 75) percentile: (322, 2695, 2760)
[M::mem_pestat] low and high boundaries for computing mean and std.dev: (1, 7636)
[M::mem_pestat] mean and std.dev: (2199.77, 1632.36)
[M::mem_pestat] low and high boundaries for proper pairs: (1, 10074)
[M::mem_pestat] analyzing insert size distribution for orientation FR...
[M::mem_pestat] (25, 50, 75) percentile: (455, 465, 474)
[M::mem_pestat] low and high boundaries for computing mean and std.dev: (417, 512)
[M::mem_pestat] mean and std.dev: (464.81, 14.19)
[M::mem_pestat] low and high boundaries for proper pairs: (398, 531)
[M::mem_pestat] skip orientation RF as there are not enough pairs
[M::mem_pestat] analyzing insert size distribution for orientation RR...
[M::mem_pestat] (25, 50, 75) percentile: (2687, 2768, 3505)
[M::mem_pestat] low and high boundaries for computing mean and std.dev: (1051, 5141)
[M::mem_pestat] mean and std.dev: (2958.85, 371.58)
[M::mem_pestat] low and high boundaries for proper pairs: (233, 5959)
[M::mem_pestat] skip orientation FF
[M::mem_pestat] skip orientation RR
[M::mem_process_seqs] Processed 222224 reads in 7.581 CPU sec, 3.875 real sec
[M::process] read 222224 sequences (20000160 bp)...
[M::mem_pestat] # candidate unique pairs for (FF, FR, RF, RR): (24, 87893, 3, 26)
[M::mem_pestat] analyzing insert size distribution for orientation FF...
[M::mem_pestat] (25, 50, 75) percentile: (354, 2695, 2753)
[M::mem_pestat] low and high boundaries for computing mean and std.dev: (1, 7551)
[M::mem_pestat] mean and std.dev: (1859.42, 1332.87)
[M::mem_pestat] low and high boundaries for proper pairs: (1, 9950)
[M::mem_pestat] analyzing insert size distribution for orientation FR...
[M::mem_pestat] (25, 50, 75) percentile: (456, 465, 474)
[M::mem_pestat] low and high boundaries for computing mean and std.dev: (420, 510)
[M::mem_pestat] mean and std.dev: (465.01, 14.14)
[M::mem_pestat] low and high boundaries for proper pairs: (402, 528)
[M::mem_pestat] skip orientation RF as there are not enough pairs
[M::mem_pestat] analyzing insert size distribution for orientation RR...
[M::mem_pestat] (25, 50, 75) percentile: (2701, 2758, 3526)
[M::mem_pestat] low and high boundaries for computing mean and std.dev: (1051, 5176)
[M::mem_pestat] mean and std.dev: (3015.58, 399.60)
[M::mem_pestat] low and high boundaries for proper pairs: (226, 6001)
[M::mem_pestat] skip orientation FF
[M::mem_pestat] skip orientation RR
[M::mem_process_seqs] Processed 222224 reads in 7.342 CPU sec, 3.754 real sec
[M::process] read 222224 sequences (20000160 bp)...
[M::mem_pestat] # candidate unique pairs for (FF, FR, RF, RR): (33, 88197, 5, 21)
[M::mem_pestat] analyzing insert size distribution for orientation FF...
[M::mem_pestat] (25, 50, 75) percentile: (2618, 2704, 3494)
[M::mem_pestat] low and high boundaries for computing mean and std.dev: (866, 5246)
[M::mem_pestat] mean and std.dev: (2967.68, 382.39)
[M::mem_pestat] low and high boundaries for proper pairs: (1, 6122)
[M::mem_pestat] analyzing insert size distribution for orientation FR...
[M::mem_pestat] (25, 50, 75) percentile: (456, 465, 474)
[M::mem_pestat] low and high boundaries for computing mean and std.dev: (420, 510)
[M::mem_pestat] mean and std.dev: (465.11, 14.06)
[M::mem_pestat] low and high boundaries for proper pairs: (402, 528)
[M::mem_pestat] skip orientation RF as there are not enough pairs
[M::mem_pestat] analyzing insert size distribution for orientation RR...
[M::mem_pestat] (25, 50, 75) percentile: (2716, 2754, 3550)
[M::mem_pestat] low and high boundaries for computing mean and std.dev: (1048, 5218)
[M::mem_pestat] mean and std.dev: (3019.21, 402.14)
[M::mem_pestat] low and high boundaries for proper pairs: (214, 6052)
[M::mem_pestat] skip orientation FF
[M::mem_pestat] skip orientation RR
[M::mem_process_seqs] Processed 222224 reads in 7.267 CPU sec, 3.714 real sec
[M::process] read 222224 sequences (20000160 bp)...
[M::mem_pestat] # candidate unique pairs for (FF, FR, RF, RR): (27, 88297, 2, 20)
[M::mem_pestat] analyzing insert size distribution for orientation FF...
[M::mem_pestat] (25, 50, 75) percentile: (347, 397, 2724)
[M::mem_pestat] low and high boundaries for computing mean and std.dev: (1, 7478)
[M::mem_pestat] mean and std.dev: (1620.52, 1372.38)
[M::mem_pestat] low and high boundaries for proper pairs: (1, 9855)
[M::mem_pestat] analyzing insert size distribution for orientation FR...
[M::mem_pestat] (25, 50, 75) percentile: (456, 465, 474)
[M::mem_pestat] low and high boundaries for computing mean and std.dev: (420, 510)
[M::mem_pestat] mean and std.dev: (465.00, 14.04)
[M::mem_pestat] low and high boundaries for proper pairs: (402, 528)
[M::mem_pestat] skip orientation RF as there are not enough pairs
[M::mem_pestat] analyzing insert size distribution for orientation RR...
[M::mem_pestat] (25, 50, 75) percentile: (2753, 2771, 3554)
[M::mem_pestat] low and high boundaries for computing mean and std.dev: (1151, 5156)
[M::mem_pestat] mean and std.dev: (3094.05, 446.31)
[M::mem_pestat] low and high boundaries for proper pairs: (350, 5957)
[M::mem_pestat] skip orientation FF
[M::mem_pestat] skip orientation RR
[M::mem_process_seqs] Processed 222224 reads in 7.338 CPU sec, 3.749 real sec
[M::process] read 222224 sequences (20000160 bp)...
[M::mem_pestat] # candidate unique pairs for (FF, FR, RF, RR): (37, 88165, 5, 25)
[M::mem_pestat] analyzing insert size distribution for orientation FF...
[M::mem_pestat] (25, 50, 75) percentile: (324, 2666, 2746)
[M::mem_pestat] low and high boundaries for computing mean and std.dev: (1, 7590)
[M::mem_pestat] mean and std.dev: (1677.24, 1351.39)
[M::mem_pestat] low and high boundaries for proper pairs: (1, 10012)
[M::mem_pestat] analyzing insert size distribution for orientation FR...
[M::mem_pestat] (25, 50, 75) percentile: (456, 465, 474)
[M::mem_pestat] low and high boundaries for computing mean and std.dev: (420, 510)
[M::mem_pestat] mean and std.dev: (465.03, 14.04)
[M::mem_pestat] low and high boundaries for proper pairs: (402, 528)
[M::mem_pestat] skip orientation RF as there are not enough pairs
[M::mem_pestat] analyzing insert size distribution for orientation RR...
[M::mem_pestat] (25, 50, 75) percentile: (2731, 2779, 3556)
[M::mem_pestat] low and high boundaries for computing mean and std.dev: (1081, 5206)
[M::mem_pestat] mean and std.dev: (3136.75, 501.77)
[M::mem_pestat] low and high boundaries for proper pairs: (256, 6031)
[M::mem_pestat] skip orientation FF
[M::mem_pestat] skip orientation RR
[M::mem_process_seqs] Processed 222224 reads in 7.262 CPU sec, 3.712 real sec
[M::process] read 222198 sequences (19997820 bp)...
[M::mem_pestat] # candidate unique pairs for (FF, FR, RF, RR): (40, 87829, 6, 23)
[M::mem_pestat] analyzing insert size distribution for orientation FF...
[M::mem_pestat] (25, 50, 75) percentile: (355, 2714, 3494)
[M::mem_pestat] low and high boundaries for computing mean and std.dev: (1, 9772)
[M::mem_pestat] mean and std.dev: (2366.47, 1524.75)
[M::mem_pestat] low and high boundaries for proper pairs: (1, 12911)
[M::mem_pestat] analyzing insert size distribution for orientation FR...
[M::mem_pestat] (25, 50, 75) percentile: (455, 465, 474)
[M::mem_pestat] low and high boundaries for computing mean and std.dev: (417, 512)
[M::mem_pestat] mean and std.dev: (464.81, 14.18)
[M::mem_pestat] low and high boundaries for proper pairs: (398, 531)
[M::mem_pestat] skip orientation RF as there are not enough pairs
[M::mem_pestat] analyzing insert size distribution for orientation RR...
[M::mem_pestat] (25, 50, 75) percentile: (2745, 3508, 3605)
[M::mem_pestat] low and high boundaries for computing mean and std.dev: (1025, 5325)
[M::mem_pestat] mean and std.dev: (3090.67, 405.65)
[M::mem_pestat] low and high boundaries for proper pairs: (165, 6185)
[M::mem_pestat] skip orientation FF
[M::mem_pestat] skip orientation RR
[M::mem_process_seqs] Processed 222224 reads in 7.386 CPU sec, 3.777 real sec
[M::mem_pestat] # candidate unique pairs for (FF, FR, RF, RR): (33, 87892, 4, 26)
[M::mem_pestat] analyzing insert size distribution for orientation FF...
[M::mem_pestat] (25, 50, 75) percentile: (368, 2756, 3533)
[M::mem_pestat] low and high boundaries for computing mean and std.dev: (1, 9863)
[M::mem_pestat] mean and std.dev: (2627.52, 1887.96)
[M::mem_pestat] low and high boundaries for proper pairs: (1, 13028)
[M::mem_pestat] analyzing insert size distribution for orientation FR...
[M::mem_pestat] (25, 50, 75) percentile: (456, 465, 474)
[M::mem_pestat] low and high boundaries for computing mean and std.dev: (420, 510)
[M::mem_pestat] mean and std.dev: (465.15, 14.09)
[M::mem_pestat] low and high boundaries for proper pairs: (402, 528)
[M::mem_pestat] skip orientation RF as there are not enough pairs
[M::mem_pestat] analyzing insert size distribution for orientation RR...
[M::mem_pestat] (25, 50, 75) percentile: (2698, 2743, 3547)
[M::mem_pestat] low and high boundaries for computing mean and std.dev: (1000, 5245)
[M::mem_pestat] mean and std.dev: (3002.74, 486.22)
[M::mem_pestat] low and high boundaries for proper pairs: (151, 6094)
[M::mem_pestat] skip orientation FF
[M::mem_pestat] skip orientation RR
[M::mem_process_seqs] Processed 222198 reads in 7.044 CPU sec, 3.599 real sec
[main] Version: 0.7.19-r1273
[main] CMD: bwa mem -t 2 /home/dich3309/rnaseq-tnseq-enterococcus-analysis/analyses/02_genome_assembly/canu_pacbio/efaecium_e745_pacbio.contigs.fasta /home/dich3309/rnaseq-tnseq-enterococcus-analysis/data/raw_data/dna_illumina_R1.fq.gz /home/dich3309/rnaseq-tnseq-enterococcus-analysis/data/raw_data/dna_illumina_R2.fq.gz
[main] Real time: 56.451 sec; CPU: 109.792 sec
[bam_sort_core] merging from 0 files and 2 in-memory blocks...
[2026-04-16 13:01:15] alignment + sort complete (0h 1m 5s)
[2026-04-16 13:01:15] indexing BAM
[2026-04-16 13:01:16] BAM index complete (0h 0m 1s)
[2026-04-16 13:01:16] running samtools flagstat
3334355 + 0 in total (QC-passed reads + QC-failed reads)
3333334 + 0 primary
0 + 0 secondary
1021 + 0 supplementary
0 + 0 duplicates
0 + 0 primary duplicates
3217926 + 0 mapped (96.51% : N/A)
3216905 + 0 primary mapped (96.51% : N/A)
3333334 + 0 paired in sequencing
1666667 + 0 read1
1666667 + 0 read2
3165560 + 0 properly paired (94.97% : N/A)
3204482 + 0 with itself and mate mapped
12423 + 0 singletons (0.37% : N/A)
6356 + 0 with mate mapped to a different chr
4109 + 0 with mate mapped to a different chr (mapQ>=5)
[2026-04-16 13:01:17] flagstat saved to /proj/uppmax2026-1-61/nobackup/work/dich3309/polishing_pacbio_illumina/flagstat.txt
[2026-04-16 13:01:17] all steps complete (total: 0h 1m 8s)
[2026-04-16 13:01:17] script finished (exit code 0)
