To execute Pilon run: java -Xmx8G -jar $EBROOTPILON/pilon.jar
Adjust the memory value according to the size of your input files
[2026-04-29 00:18:19] running Pilon round 1 on Canu PacBio assembly
Pilon version 1.24 Thu Jan 28 13:00:45 2021 -0500
--threads argument no longer supported; ignoring!
Genome: /home/dich3309/rnaseq-tnseq-enterococcus-analysis/analyses/02_genome_assembly/canu_pacbio/efaecium_e745_pacbio.contigs.fasta
Fixing snps, indels, gaps, local
Input genome size: 3155801
Scanning BAMs
/proj/uppmax2026-1-61/nobackup/work/dich3309/canu_pacbio_align_r1/efaecium_e745_illumina_sorted.bam: 3334355 reads, 0 filtered, 3217926 mapped, 3165784 proper, 38922 stray, FR 100% 466+/-15, max 509
Processing tig00000001:1-2775137
frags /proj/uppmax2026-1-61/nobackup/work/dich3309/canu_pacbio_align_r1/efaecium_e745_illumina_sorted.bam: coverage 62
Total Reads: 2646844, Coverage: 62, minDepth: 6
Confirmed 2665411 of 2775137 bases (96.05%)
Corrected 0 snps; 0 ambiguous bases; corrected 90 small insertions totaling 90 bases, 8 small deletions totaling 10 bases
# Attempting to fix local continuity breaks
# fix break: tig00000001:89924-92344 0 -0 +0 NoSolution TandemRepeat 2483
# fix break: tig00000001:136264-147693 0 -0 +0 NoSolution TandemRepeat 3479
# fix break: tig00000001:394109-399924 0 -0 +0 NoSolution TandemRepeat 4202
# fix break: tig00000001:542247-542922 0 -0 +0 NoSolution TandemRepeat 246
fix break: tig00000001:570096-571649 569858 -337 +339 BreakFix
# fix break: tig00000001:624446-630397 0 -0 +0 NoSolution TandemRepeat 226
fix break: tig00000001:824526-825837 825560 -144 +146 BreakFix
# fix break: tig00000001:1431040-1437228 0 -0 +0 NoSolution TandemRepeat 3479
fix break: tig00000001:1837710-1839089 1837656 -1617 +1619 BreakFix
fix break: tig00000001:1886957-1891034 1887160 -4080 +4082 BreakFix
fix break: tig00000001:1995483-1996749 1995168 -1983 +1985 BreakFix
# fix break: tig00000001:2150875-2151876 0 -0 +0 NoSolution
tig00000001:1-2775137 log:
Finished processing tig00000001:1-2775137
Processing tig00000002:1-218570
frags /proj/uppmax2026-1-61/nobackup/work/dich3309/canu_pacbio_align_r1/efaecium_e745_illumina_sorted.bam: coverage 60
Total Reads: 241002, Coverage: 60, minDepth: 6
Confirmed 197533 of 218570 bases (90.38%)
Corrected 4 snps; 0 ambiguous bases; corrected 30 small insertions totaling 30 bases, 23 small deletions totaling 23 bases
# Attempting to fix local continuity breaks
# fix break: tig00000002:831-2107 0 -0 +0 NoSolution TandemRepeat 1440
# fix break: tig00000002:214516-215912 0 -0 +0 NoSolution TandemRepeat 1564
tig00000002:1-218570 log:
Finished processing tig00000002:1-218570
Processing tig00000003:1-28879
frags /proj/uppmax2026-1-61/nobackup/work/dich3309/canu_pacbio_align_r1/efaecium_e745_illumina_sorted.bam: coverage 129
Total Reads: 56677, Coverage: 129, minDepth: 13
Confirmed 27277 of 28879 bases (94.45%)
Corrected 5 snps; 0 ambiguous bases; corrected 10 small insertions totaling 10 bases, 2 small deletions totaling 2 bases
# Attempting to fix local continuity breaks
tig00000003:1-28879 log:
Finished processing tig00000003:1-28879
Processing tig00000004:1-14734
frags /proj/uppmax2026-1-61/nobackup/work/dich3309/canu_pacbio_align_r1/efaecium_e745_illumina_sorted.bam: coverage 69
Total Reads: 18730, Coverage: 69, minDepth: 7
Confirmed 8320 of 14734 bases (56.47%)
Corrected 18 snps; 0 ambiguous bases; corrected 9 small insertions totaling 9 bases, 5 small deletions totaling 6 bases
# Attempting to fix local continuity breaks
# fix break: tig00000004:791-869 0 -0 +0 NoSolution
fix break: tig00000004:1197-1406 845 -562 +563 BreakFix
# fix break: tig00000004:1614-3303 0 -0 +0 NoSolution
# fix break: tig00000004:9189-9295 0 -0 +0 NoSolution
tig00000004:1-14734 log:
Finished processing tig00000004:1-14734
Processing tig00000005:1-40013
frags /proj/uppmax2026-1-61/nobackup/work/dich3309/canu_pacbio_align_r1/efaecium_e745_illumina_sorted.bam: coverage 156
Total Reads: 130858, Coverage: 156, minDepth: 16
Confirmed 26917 of 40013 bases (67.27%)
Corrected 0 snps; 0 ambiguous bases; corrected 0 small insertions totaling 0 bases, 0 small deletions totaling 0 bases
# Attempting to fix local continuity breaks
# fix break: tig00000005:25874-27176 0 -0 +0 NoSolution
# fix break: tig00000005:27964-28086 0 -0 +0 NoSolution
# fix break: tig00000005:28297-28484 0 -0 +0 NoSolution
tig00000005:1-40013 log:
Finished processing tig00000005:1-40013
Processing tig00000006:1-15017
frags /proj/uppmax2026-1-61/nobackup/work/dich3309/canu_pacbio_align_r1/efaecium_e745_illumina_sorted.bam: coverage 57
Total Reads: 24520, Coverage: 57, minDepth: 6
Confirmed 7002 of 15017 bases (46.63%)
Corrected 3 snps; 0 ambiguous bases; corrected 6 small insertions totaling 6 bases, 2 small deletions totaling 2 bases
# Attempting to fix local continuity breaks
fix break: tig00000006:13837-13929 14251 -29 +29 BreakFix
tig00000006:1-15017 log:
Finished processing tig00000006:1-15017
Processing tig00000007:1-16122
frags /proj/uppmax2026-1-61/nobackup/work/dich3309/canu_pacbio_align_r1/efaecium_e745_illumina_sorted.bam: coverage 42
Total Reads: 16050, Coverage: 42, minDepth: 5
Confirmed 9340 of 16122 bases (57.93%)
Corrected 0 snps; 0 ambiguous bases; corrected 6 small insertions totaling 6 bases, 1 small deletions totaling 1 bases
# Attempting to fix local continuity breaks
# fix break: tig00000007:1076-5289 0 -0 +0 NoSolution
# fix break: tig00000007:5652-5656 0 -0 +0 NoSolution
# fix break: tig00000007:6555 0 -0 +0 NoSolution
tig00000007:1-16122 log:
Finished processing tig00000007:1-16122
Processing tig00000009:1-24832
frags /proj/uppmax2026-1-61/nobackup/work/dich3309/canu_pacbio_align_r1/efaecium_e745_illumina_sorted.bam: coverage 129
Total Reads: 51718, Coverage: 129, minDepth: 13
Confirmed 22912 of 24832 bases (92.27%)
Corrected 0 snps; 0 ambiguous bases; corrected 25 small insertions totaling 27 bases, 6 small deletions totaling 7 bases
# Attempting to fix local continuity breaks
tig00000009:1-24832 log:
Finished processing tig00000009:1-24832
Processing tig00000010:1-15455
frags /proj/uppmax2026-1-61/nobackup/work/dich3309/canu_pacbio_align_r1/efaecium_e745_illumina_sorted.bam: coverage 41
Total Reads: 31665, Coverage: 41, minDepth: 5
Confirmed 3952 of 15455 bases (25.57%)
Corrected 0 snps; 0 ambiguous bases; corrected 0 small insertions totaling 0 bases, 0 small deletions totaling 0 bases
# Attempting to fix local continuity breaks
tig00000010:1-15455 log:
Finished processing tig00000010:1-15455
Processing tig00000011:1-7042
frags /proj/uppmax2026-1-61/nobackup/work/dich3309/canu_pacbio_align_r1/efaecium_e745_illumina_sorted.bam: coverage 0
Total Reads: 12285, Coverage: 0, minDepth: 5
Confirmed 0 of 7042 bases (0.00%)
Corrected 0 snps; 0 ambiguous bases; corrected 0 small insertions totaling 0 bases, 0 small deletions totaling 0 bases
tig00000011:1-7042 log:
Finished processing tig00000011:1-7042
Writing tig00000001:1-2775137 VCF to /proj/uppmax2026-1-61/nobackup/work/dich3309/canu_pacbio_pilon_r1/efaecium_e745_canu_pacbio_pilon_r1.vcf
Writing tig00000001:1-2775137 changes to /proj/uppmax2026-1-61/nobackup/work/dich3309/canu_pacbio_pilon_r1/efaecium_e745_canu_pacbio_pilon_r1.changes
Writing updated tig00000001_pilon to /proj/uppmax2026-1-61/nobackup/work/dich3309/canu_pacbio_pilon_r1/efaecium_e745_canu_pacbio_pilon_r1.fasta
Writing tig00000002:1-218570 VCF to /proj/uppmax2026-1-61/nobackup/work/dich3309/canu_pacbio_pilon_r1/efaecium_e745_canu_pacbio_pilon_r1.vcf
Writing tig00000002:1-218570 changes to /proj/uppmax2026-1-61/nobackup/work/dich3309/canu_pacbio_pilon_r1/efaecium_e745_canu_pacbio_pilon_r1.changes
Writing updated tig00000002_pilon to /proj/uppmax2026-1-61/nobackup/work/dich3309/canu_pacbio_pilon_r1/efaecium_e745_canu_pacbio_pilon_r1.fasta
Writing tig00000003:1-28879 VCF to /proj/uppmax2026-1-61/nobackup/work/dich3309/canu_pacbio_pilon_r1/efaecium_e745_canu_pacbio_pilon_r1.vcf
Writing tig00000003:1-28879 changes to /proj/uppmax2026-1-61/nobackup/work/dich3309/canu_pacbio_pilon_r1/efaecium_e745_canu_pacbio_pilon_r1.changes
Writing updated tig00000003_pilon to /proj/uppmax2026-1-61/nobackup/work/dich3309/canu_pacbio_pilon_r1/efaecium_e745_canu_pacbio_pilon_r1.fasta
Writing tig00000004:1-14734 VCF to /proj/uppmax2026-1-61/nobackup/work/dich3309/canu_pacbio_pilon_r1/efaecium_e745_canu_pacbio_pilon_r1.vcf
Writing tig00000004:1-14734 changes to /proj/uppmax2026-1-61/nobackup/work/dich3309/canu_pacbio_pilon_r1/efaecium_e745_canu_pacbio_pilon_r1.changes
Writing updated tig00000004_pilon to /proj/uppmax2026-1-61/nobackup/work/dich3309/canu_pacbio_pilon_r1/efaecium_e745_canu_pacbio_pilon_r1.fasta
Writing tig00000005:1-40013 VCF to /proj/uppmax2026-1-61/nobackup/work/dich3309/canu_pacbio_pilon_r1/efaecium_e745_canu_pacbio_pilon_r1.vcf
Writing tig00000005:1-40013 changes to /proj/uppmax2026-1-61/nobackup/work/dich3309/canu_pacbio_pilon_r1/efaecium_e745_canu_pacbio_pilon_r1.changes
Writing updated tig00000005_pilon to /proj/uppmax2026-1-61/nobackup/work/dich3309/canu_pacbio_pilon_r1/efaecium_e745_canu_pacbio_pilon_r1.fasta
Writing tig00000006:1-15017 VCF to /proj/uppmax2026-1-61/nobackup/work/dich3309/canu_pacbio_pilon_r1/efaecium_e745_canu_pacbio_pilon_r1.vcf
Writing tig00000006:1-15017 changes to /proj/uppmax2026-1-61/nobackup/work/dich3309/canu_pacbio_pilon_r1/efaecium_e745_canu_pacbio_pilon_r1.changes
Writing updated tig00000006_pilon to /proj/uppmax2026-1-61/nobackup/work/dich3309/canu_pacbio_pilon_r1/efaecium_e745_canu_pacbio_pilon_r1.fasta
Writing tig00000007:1-16122 VCF to /proj/uppmax2026-1-61/nobackup/work/dich3309/canu_pacbio_pilon_r1/efaecium_e745_canu_pacbio_pilon_r1.vcf
Writing tig00000007:1-16122 changes to /proj/uppmax2026-1-61/nobackup/work/dich3309/canu_pacbio_pilon_r1/efaecium_e745_canu_pacbio_pilon_r1.changes
Writing updated tig00000007_pilon to /proj/uppmax2026-1-61/nobackup/work/dich3309/canu_pacbio_pilon_r1/efaecium_e745_canu_pacbio_pilon_r1.fasta
Writing tig00000009:1-24832 VCF to /proj/uppmax2026-1-61/nobackup/work/dich3309/canu_pacbio_pilon_r1/efaecium_e745_canu_pacbio_pilon_r1.vcf
Writing tig00000009:1-24832 changes to /proj/uppmax2026-1-61/nobackup/work/dich3309/canu_pacbio_pilon_r1/efaecium_e745_canu_pacbio_pilon_r1.changes
Writing updated tig00000009_pilon to /proj/uppmax2026-1-61/nobackup/work/dich3309/canu_pacbio_pilon_r1/efaecium_e745_canu_pacbio_pilon_r1.fasta
Writing tig00000010:1-15455 VCF to /proj/uppmax2026-1-61/nobackup/work/dich3309/canu_pacbio_pilon_r1/efaecium_e745_canu_pacbio_pilon_r1.vcf
Writing tig00000010:1-15455 changes to /proj/uppmax2026-1-61/nobackup/work/dich3309/canu_pacbio_pilon_r1/efaecium_e745_canu_pacbio_pilon_r1.changes
Writing updated tig00000010_pilon to /proj/uppmax2026-1-61/nobackup/work/dich3309/canu_pacbio_pilon_r1/efaecium_e745_canu_pacbio_pilon_r1.fasta
Writing tig00000011:1-7042 VCF to /proj/uppmax2026-1-61/nobackup/work/dich3309/canu_pacbio_pilon_r1/efaecium_e745_canu_pacbio_pilon_r1.vcf
Writing tig00000011:1-7042 changes to /proj/uppmax2026-1-61/nobackup/work/dich3309/canu_pacbio_pilon_r1/efaecium_e745_canu_pacbio_pilon_r1.changes
Writing updated tig00000011_pilon to /proj/uppmax2026-1-61/nobackup/work/dich3309/canu_pacbio_pilon_r1/efaecium_e745_canu_pacbio_pilon_r1.fasta
Mean frags coverage: 64
Mean total coverage: 64
[2026-04-29 00:19:00] Pilon R1 complete (0h 0m 41s)
[2026-04-29 00:19:00] polished FASTA: /proj/uppmax2026-1-61/nobackup/work/dich3309/canu_pacbio_pilon_r1/efaecium_e745_canu_pacbio_pilon_r1.fasta
[2026-04-29 00:19:00] changes file:   /proj/uppmax2026-1-61/nobackup/work/dich3309/canu_pacbio_pilon_r1/efaecium_e745_canu_pacbio_pilon_r1.changes
[2026-04-29 00:19:00] script finished (exit code 0)
