[2026-04-28 14:07:57] indexing Canu Nanopore assembly with BWA
[bwa_index] Pack FASTA... 0.00 sec
[bwa_index] Construct BWT for the packed sequence...
[bwa_index] 0.05 seconds elapse.
[bwa_index] Update BWT... 0.00 sec
[bwa_index] Pack forward-only FASTA... 0.00 sec
[bwa_index] Construct SA from BWT and Occ... 0.02 sec
[main] Version: 0.7.19-r1273
[main] CMD: bwa index /home/dich3309/rnaseq-tnseq-enterococcus-analysis/analyses/02_genome_assembly/canu_nanopore/efaecium_e745_nanopore.contigs.fasta
[main] Real time: 0.232 sec; CPU: 0.074 sec
[2026-04-28 14:07:57] indexing complete (0h 0m 0s)
[2026-04-28 14:07:57] aligning Illumina reads to Nanopore assembly
[2026-04-28 14:07:57] R1: /home/dich3309/rnaseq-tnseq-enterococcus-analysis/data/raw_data/dna_illumina_R1.fq.gz
[2026-04-28 14:07:57] R2: /home/dich3309/rnaseq-tnseq-enterococcus-analysis/data/raw_data/dna_illumina_R2.fq.gz
[2026-04-28 14:07:57] output BAM: /proj/uppmax2026-1-61/nobackup/work/dich3309/polishing_nanopore_illumina/efaecium_e745_illumina_sorted.bam
[M::bwa_idx_load_from_disk] read 0 ALT contigs
[M::process] read 222224 sequences (20000160 bp)...
[M::process] read 222224 sequences (20000160 bp)...
[M::mem_pestat] # candidate unique pairs for (FF, FR, RF, RR): (2, 14592, 49, 0)
[M::mem_pestat] skip orientation FF as there are not enough pairs
[M::mem_pestat] analyzing insert size distribution for orientation FR...
[M::mem_pestat] (25, 50, 75) percentile: (432, 444, 455)
[M::mem_pestat] low and high boundaries for computing mean and std.dev: (386, 501)
[M::mem_pestat] mean and std.dev: (443.70, 17.62)
[M::mem_pestat] low and high boundaries for proper pairs: (363, 524)
[M::mem_pestat] analyzing insert size distribution for orientation RF...
[M::mem_pestat] (25, 50, 75) percentile: (2188, 2547, 2564)
[M::mem_pestat] low and high boundaries for computing mean and std.dev: (1436, 3316)
[M::mem_pestat] mean and std.dev: (2386.02, 382.21)
[M::mem_pestat] low and high boundaries for proper pairs: (857, 3915)
[M::mem_pestat] skip orientation RR as there are not enough pairs
[M::mem_pestat] skip orientation RF
[M::mem_process_seqs] Processed 222224 reads in 8.777 CPU sec, 4.418 real sec
[M::process] read 222224 sequences (20000160 bp)...
[M::mem_pestat] # candidate unique pairs for (FF, FR, RF, RR): (4, 14727, 49, 2)
[M::mem_pestat] skip orientation FF as there are not enough pairs
[M::mem_pestat] analyzing insert size distribution for orientation FR...
[M::mem_pestat] (25, 50, 75) percentile: (432, 444, 455)
[M::mem_pestat] low and high boundaries for computing mean and std.dev: (386, 501)
[M::mem_pestat] mean and std.dev: (443.66, 17.59)
[M::mem_pestat] low and high boundaries for proper pairs: (363, 524)
[M::mem_pestat] analyzing insert size distribution for orientation RF...
[M::mem_pestat] (25, 50, 75) percentile: (2114, 2541, 2554)
[M::mem_pestat] low and high boundaries for computing mean and std.dev: (1234, 3434)
[M::mem_pestat] mean and std.dev: (2302.45, 467.68)
[M::mem_pestat] low and high boundaries for proper pairs: (432, 4173)
[M::mem_pestat] skip orientation RR as there are not enough pairs
[M::mem_pestat] skip orientation RF
[M::mem_process_seqs] Processed 222224 reads in 8.718 CPU sec, 4.433 real sec
[M::process] read 222224 sequences (20000160 bp)...
[M::mem_pestat] # candidate unique pairs for (FF, FR, RF, RR): (2, 14542, 53, 1)
[M::mem_pestat] skip orientation FF as there are not enough pairs
[M::mem_pestat] analyzing insert size distribution for orientation FR...
[M::mem_pestat] (25, 50, 75) percentile: (432, 444, 455)
[M::mem_pestat] low and high boundaries for computing mean and std.dev: (386, 501)
[M::mem_pestat] mean and std.dev: (443.49, 17.49)
[M::mem_pestat] low and high boundaries for proper pairs: (363, 524)
[M::mem_pestat] analyzing insert size distribution for orientation RF...
[M::mem_pestat] (25, 50, 75) percentile: (2138, 2544, 2566)
[M::mem_pestat] low and high boundaries for computing mean and std.dev: (1282, 3422)
[M::mem_pestat] mean and std.dev: (2340.37, 420.60)
[M::mem_pestat] low and high boundaries for proper pairs: (658, 4023)
[M::mem_pestat] skip orientation RR as there are not enough pairs
[M::mem_pestat] skip orientation RF
[M::mem_process_seqs] Processed 222224 reads in 8.717 CPU sec, 4.431 real sec
[M::process] read 222224 sequences (20000160 bp)...
[M::mem_pestat] # candidate unique pairs for (FF, FR, RF, RR): (3, 14667, 52, 1)
[M::mem_pestat] skip orientation FF as there are not enough pairs
[M::mem_pestat] analyzing insert size distribution for orientation FR...
[M::mem_pestat] (25, 50, 75) percentile: (431, 444, 455)
[M::mem_pestat] low and high boundaries for computing mean and std.dev: (383, 503)
[M::mem_pestat] mean and std.dev: (443.09, 17.92)
[M::mem_pestat] low and high boundaries for proper pairs: (359, 527)
[M::mem_pestat] analyzing insert size distribution for orientation RF...
[M::mem_pestat] (25, 50, 75) percentile: (2530, 2552, 2563)
[M::mem_pestat] low and high boundaries for computing mean and std.dev: (2464, 2629)
[M::mem_pestat] mean and std.dev: (2554.14, 15.32)
[M::mem_pestat] low and high boundaries for proper pairs: (2431, 2662)
[M::mem_pestat] skip orientation RR as there are not enough pairs
[M::mem_pestat] skip orientation RF
[M::mem_process_seqs] Processed 222224 reads in 8.713 CPU sec, 4.434 real sec
[M::process] read 222224 sequences (20000160 bp)...
[M::mem_pestat] # candidate unique pairs for (FF, FR, RF, RR): (3, 14528, 54, 2)
[M::mem_pestat] skip orientation FF as there are not enough pairs
[M::mem_pestat] analyzing insert size distribution for orientation FR...
[M::mem_pestat] (25, 50, 75) percentile: (432, 444, 455)
[M::mem_pestat] low and high boundaries for computing mean and std.dev: (386, 501)
[M::mem_pestat] mean and std.dev: (443.41, 17.42)
[M::mem_pestat] low and high boundaries for proper pairs: (363, 524)
[M::mem_pestat] analyzing insert size distribution for orientation RF...
[M::mem_pestat] (25, 50, 75) percentile: (2535, 2551, 2562)
[M::mem_pestat] low and high boundaries for computing mean and std.dev: (2481, 2616)
[M::mem_pestat] mean and std.dev: (2552.29, 10.82)
[M::mem_pestat] low and high boundaries for proper pairs: (2454, 2643)
[M::mem_pestat] skip orientation RR as there are not enough pairs
[M::mem_pestat] skip orientation RF
[M::mem_process_seqs] Processed 222224 reads in 8.719 CPU sec, 4.438 real sec
[M::process] read 222224 sequences (20000160 bp)...
[M::mem_pestat] # candidate unique pairs for (FF, FR, RF, RR): (5, 14678, 48, 0)
[M::mem_pestat] skip orientation FF as there are not enough pairs
[M::mem_pestat] analyzing insert size distribution for orientation FR...
[M::mem_pestat] (25, 50, 75) percentile: (432, 444, 456)
[M::mem_pestat] low and high boundaries for computing mean and std.dev: (384, 504)
[M::mem_pestat] mean and std.dev: (443.55, 17.62)
[M::mem_pestat] low and high boundaries for proper pairs: (360, 528)
[M::mem_pestat] analyzing insert size distribution for orientation RF...
[M::mem_pestat] (25, 50, 75) percentile: (2540, 2554, 2566)
[M::mem_pestat] low and high boundaries for computing mean and std.dev: (2488, 2618)
[M::mem_pestat] mean and std.dev: (2554.94, 10.99)
[M::mem_pestat] low and high boundaries for proper pairs: (2462, 2644)
[M::mem_pestat] skip orientation RR as there are not enough pairs
[M::mem_pestat] skip orientation RF
[M::mem_process_seqs] Processed 222224 reads in 8.700 CPU sec, 4.424 real sec
[M::process] read 222224 sequences (20000160 bp)...
[M::mem_pestat] # candidate unique pairs for (FF, FR, RF, RR): (5, 14541, 49, 1)
[M::mem_pestat] skip orientation FF as there are not enough pairs
[M::mem_pestat] analyzing insert size distribution for orientation FR...
[M::mem_pestat] (25, 50, 75) percentile: (432, 444, 455)
[M::mem_pestat] low and high boundaries for computing mean and std.dev: (386, 501)
[M::mem_pestat] mean and std.dev: (443.59, 17.53)
[M::mem_pestat] low and high boundaries for proper pairs: (363, 524)
[M::mem_pestat] analyzing insert size distribution for orientation RF...
[M::mem_pestat] (25, 50, 75) percentile: (2533, 2548, 2565)
[M::mem_pestat] low and high boundaries for computing mean and std.dev: (2469, 2629)
[M::mem_pestat] mean and std.dev: (2552.70, 12.81)
[M::mem_pestat] low and high boundaries for proper pairs: (2437, 2661)
[M::mem_pestat] skip orientation RR as there are not enough pairs
[M::mem_pestat] skip orientation RF
[M::mem_process_seqs] Processed 222224 reads in 8.755 CPU sec, 4.461 real sec
[M::process] read 222224 sequences (20000160 bp)...
[M::mem_pestat] # candidate unique pairs for (FF, FR, RF, RR): (4, 14564, 48, 0)
[M::mem_pestat] skip orientation FF as there are not enough pairs
[M::mem_pestat] analyzing insert size distribution for orientation FR...
[M::mem_pestat] (25, 50, 75) percentile: (432, 444, 456)
[M::mem_pestat] low and high boundaries for computing mean and std.dev: (384, 504)
[M::mem_pestat] mean and std.dev: (443.49, 17.83)
[M::mem_pestat] low and high boundaries for proper pairs: (360, 528)
[M::mem_pestat] analyzing insert size distribution for orientation RF...
[M::mem_pestat] (25, 50, 75) percentile: (2181, 2545, 2558)
[M::mem_pestat] low and high boundaries for computing mean and std.dev: (1427, 3312)
[M::mem_pestat] mean and std.dev: (2362.73, 347.91)
[M::mem_pestat] low and high boundaries for proper pairs: (971, 3754)
[M::mem_pestat] skip orientation RR as there are not enough pairs
[M::mem_pestat] skip orientation RF
[M::mem_process_seqs] Processed 222224 reads in 8.704 CPU sec, 4.471 real sec
[M::process] read 222224 sequences (20000160 bp)...
[M::mem_pestat] # candidate unique pairs for (FF, FR, RF, RR): (3, 14488, 44, 1)
[M::mem_pestat] skip orientation FF as there are not enough pairs
[M::mem_pestat] analyzing insert size distribution for orientation FR...
[M::mem_pestat] (25, 50, 75) percentile: (432, 444, 455)
[M::mem_pestat] low and high boundaries for computing mean and std.dev: (386, 501)
[M::mem_pestat] mean and std.dev: (443.22, 17.47)
[M::mem_pestat] low and high boundaries for proper pairs: (363, 524)
[M::mem_pestat] analyzing insert size distribution for orientation RF...
[M::mem_pestat] (25, 50, 75) percentile: (2548, 2556, 2568)
[M::mem_pestat] low and high boundaries for computing mean and std.dev: (2508, 2608)
[M::mem_pestat] mean and std.dev: (2555.78, 10.38)
[M::mem_pestat] low and high boundaries for proper pairs: (2488, 2628)
[M::mem_pestat] skip orientation RR as there are not enough pairs
[M::mem_pestat] skip orientation RF
[M::mem_process_seqs] Processed 222224 reads in 8.720 CPU sec, 4.466 real sec
[M::process] read 222224 sequences (20000160 bp)...
[M::mem_pestat] # candidate unique pairs for (FF, FR, RF, RR): (2, 14365, 40, 1)
[M::mem_pestat] skip orientation FF as there are not enough pairs
[M::mem_pestat] analyzing insert size distribution for orientation FR...
[M::mem_pestat] (25, 50, 75) percentile: (432, 444, 455)
[M::mem_pestat] low and high boundaries for computing mean and std.dev: (386, 501)
[M::mem_pestat] mean and std.dev: (443.37, 17.74)
[M::mem_pestat] low and high boundaries for proper pairs: (363, 524)
[M::mem_pestat] analyzing insert size distribution for orientation RF...
[M::mem_pestat] (25, 50, 75) percentile: (2153, 2546, 2561)
[M::mem_pestat] low and high boundaries for computing mean and std.dev: (1337, 3377)
[M::mem_pestat] mean and std.dev: (2378.32, 397.91)
[M::mem_pestat] low and high boundaries for proper pairs: (787, 3970)
[M::mem_pestat] skip orientation RR as there are not enough pairs
[M::mem_pestat] skip orientation RF
[M::mem_process_seqs] Processed 222224 reads in 8.701 CPU sec, 4.460 real sec
[M::process] read 222224 sequences (20000160 bp)...
[M::mem_pestat] # candidate unique pairs for (FF, FR, RF, RR): (3, 14500, 56, 1)
[M::mem_pestat] skip orientation FF as there are not enough pairs
[M::mem_pestat] analyzing insert size distribution for orientation FR...
[M::mem_pestat] (25, 50, 75) percentile: (432, 444, 455)
[M::mem_pestat] low and high boundaries for computing mean and std.dev: (386, 501)
[M::mem_pestat] mean and std.dev: (443.67, 17.51)
[M::mem_pestat] low and high boundaries for proper pairs: (363, 524)
[M::mem_pestat] analyzing insert size distribution for orientation RF...
[M::mem_pestat] (25, 50, 75) percentile: (2150, 2548, 2561)
[M::mem_pestat] low and high boundaries for computing mean and std.dev: (1328, 3383)
[M::mem_pestat] mean and std.dev: (2319.73, 459.49)
[M::mem_pestat] low and high boundaries for proper pairs: (482, 4158)
[M::mem_pestat] skip orientation RR as there are not enough pairs
[M::mem_pestat] skip orientation RF
[M::mem_process_seqs] Processed 222224 reads in 8.703 CPU sec, 4.470 real sec
[M::process] read 222224 sequences (20000160 bp)...
[M::mem_pestat] # candidate unique pairs for (FF, FR, RF, RR): (3, 14615, 57, 4)
[M::mem_pestat] skip orientation FF as there are not enough pairs
[M::mem_pestat] analyzing insert size distribution for orientation FR...
[M::mem_pestat] (25, 50, 75) percentile: (432, 444, 455)
[M::mem_pestat] low and high boundaries for computing mean and std.dev: (386, 501)
[M::mem_pestat] mean and std.dev: (443.23, 17.50)
[M::mem_pestat] low and high boundaries for proper pairs: (363, 524)
[M::mem_pestat] analyzing insert size distribution for orientation RF...
[M::mem_pestat] (25, 50, 75) percentile: (2143, 2542, 2562)
[M::mem_pestat] low and high boundaries for computing mean and std.dev: (1305, 3400)
[M::mem_pestat] mean and std.dev: (2369.55, 377.34)
[M::mem_pestat] low and high boundaries for proper pairs: (860, 3879)
[M::mem_pestat] skip orientation RR as there are not enough pairs
[M::mem_pestat] skip orientation RF
[M::mem_process_seqs] Processed 222224 reads in 8.795 CPU sec, 4.501 real sec
[M::process] read 222224 sequences (20000160 bp)...
[M::mem_pestat] # candidate unique pairs for (FF, FR, RF, RR): (7, 14576, 53, 3)
[M::mem_pestat] skip orientation FF as there are not enough pairs
[M::mem_pestat] analyzing insert size distribution for orientation FR...
[M::mem_pestat] (25, 50, 75) percentile: (432, 444, 455)
[M::mem_pestat] low and high boundaries for computing mean and std.dev: (386, 501)
[M::mem_pestat] mean and std.dev: (443.42, 17.52)
[M::mem_pestat] low and high boundaries for proper pairs: (363, 524)
[M::mem_pestat] analyzing insert size distribution for orientation RF...
[M::mem_pestat] (25, 50, 75) percentile: (2119, 2547, 2563)
[M::mem_pestat] low and high boundaries for computing mean and std.dev: (1231, 3451)
[M::mem_pestat] mean and std.dev: (2281.21, 490.58)
[M::mem_pestat] low and high boundaries for proper pairs: (319, 4244)
[M::mem_pestat] skip orientation RR as there are not enough pairs
[M::mem_pestat] skip orientation RF
[M::mem_process_seqs] Processed 222224 reads in 8.712 CPU sec, 4.486 real sec
[M::process] read 222198 sequences (19997820 bp)...
[M::mem_pestat] # candidate unique pairs for (FF, FR, RF, RR): (3, 14407, 59, 0)
[M::mem_pestat] skip orientation FF as there are not enough pairs
[M::mem_pestat] analyzing insert size distribution for orientation FR...
[M::mem_pestat] (25, 50, 75) percentile: (432, 444, 455)
[M::mem_pestat] low and high boundaries for computing mean and std.dev: (386, 501)
[M::mem_pestat] mean and std.dev: (443.41, 17.49)
[M::mem_pestat] low and high boundaries for proper pairs: (363, 524)
[M::mem_pestat] analyzing insert size distribution for orientation RF...
[M::mem_pestat] (25, 50, 75) percentile: (2198, 2550, 2569)
[M::mem_pestat] low and high boundaries for computing mean and std.dev: (1456, 3311)
[M::mem_pestat] mean and std.dev: (2495.80, 256.26)
[M::mem_pestat] low and high boundaries for proper pairs: (1085, 3682)
[M::mem_pestat] skip orientation RR as there are not enough pairs
[M::mem_pestat] skip orientation RF
[M::mem_process_seqs] Processed 222224 reads in 8.689 CPU sec, 4.456 real sec
[M::mem_pestat] # candidate unique pairs for (FF, FR, RF, RR): (3, 14603, 54, 1)
[M::mem_pestat] skip orientation FF as there are not enough pairs
[M::mem_pestat] analyzing insert size distribution for orientation FR...
[M::mem_pestat] (25, 50, 75) percentile: (432, 445, 456)
[M::mem_pestat] low and high boundaries for computing mean and std.dev: (384, 504)
[M::mem_pestat] mean and std.dev: (443.80, 17.63)
[M::mem_pestat] low and high boundaries for proper pairs: (360, 528)
[M::mem_pestat] analyzing insert size distribution for orientation RF...
[M::mem_pestat] (25, 50, 75) percentile: (2540, 2558, 2572)
[M::mem_pestat] low and high boundaries for computing mean and std.dev: (2476, 2636)
[M::mem_pestat] mean and std.dev: (2559.78, 16.97)
[M::mem_pestat] low and high boundaries for proper pairs: (2444, 2668)
[M::mem_pestat] skip orientation RR as there are not enough pairs
[M::mem_pestat] skip orientation RF
[M::mem_process_seqs] Processed 222198 reads in 8.422 CPU sec, 4.346 real sec
[main] Version: 0.7.19-r1273
[main] CMD: bwa mem -t 2 /home/dich3309/rnaseq-tnseq-enterococcus-analysis/analyses/02_genome_assembly/canu_nanopore/efaecium_e745_nanopore.contigs.fasta /home/dich3309/rnaseq-tnseq-enterococcus-analysis/data/raw_data/dna_illumina_R1.fq.gz /home/dich3309/rnaseq-tnseq-enterococcus-analysis/data/raw_data/dna_illumina_R2.fq.gz
[main] Real time: 67.619 sec; CPU: 131.016 sec
[bam_sort_core] merging from 0 files and 2 in-memory blocks...
[2026-04-28 14:09:13] alignment + sort complete (0h 1m 16s)
[2026-04-28 14:09:13] indexing BAM
[2026-04-28 14:09:14] BAM index complete (0h 0m 1s)
[2026-04-28 14:09:14] running samtools flagstat
3333896 + 0 in total (QC-passed reads + QC-failed reads)
3333334 + 0 primary
0 + 0 secondary
562 + 0 supplementary
0 + 0 duplicates
0 + 0 primary duplicates
573945 + 0 mapped (17.22% : N/A)
573383 + 0 primary mapped (17.20% : N/A)
3333334 + 0 paired in sequencing
1666667 + 0 read1
1666667 + 0 read2
501044 + 0 properly paired (15.03% : N/A)
510938 + 0 with itself and mate mapped
62445 + 0 singletons (1.87% : N/A)
5142 + 0 with mate mapped to a different chr
4401 + 0 with mate mapped to a different chr (mapQ>=5)
[2026-04-28 14:09:15] flagstat saved to /proj/uppmax2026-1-61/nobackup/work/dich3309/polishing_nanopore_illumina/flagstat.txt
[2026-04-28 14:09:15] all steps complete (total: 0h 1m 18s)
[2026-04-28 14:09:15] script finished (exit code 0)
