To execute Pilon run: java -Xmx8G -jar $EBROOTPILON/pilon.jar
Adjust the memory value according to the size of your input files
[2026-04-28 14:10:31] running Pilon (Nanopore + Illumina)
[2026-04-28 14:10:31] genome:  /home/dich3309/rnaseq-tnseq-enterococcus-analysis/analyses/02_genome_assembly/canu_nanopore/efaecium_e745_nanopore.contigs.fasta
[2026-04-28 14:10:31] frags:   /proj/uppmax2026-1-61/nobackup/work/dich3309/polishing_nanopore_illumina/efaecium_e745_illumina_sorted.bam
[2026-04-28 14:10:31] output:  /proj/uppmax2026-1-61/nobackup/work/dich3309/pilon_polish_nanopore_illumina/efaecium_e745_pilon_nanopore
Pilon version 1.24 Thu Jan 28 13:00:45 2021 -0500
--threads argument no longer supported; ignoring!
Genome: /home/dich3309/rnaseq-tnseq-enterococcus-analysis/analyses/02_genome_assembly/canu_nanopore/efaecium_e745_nanopore.contigs.fasta
Fixing snps, indels, gaps, local
Input genome size: 367099
Scanning BAMs
/proj/uppmax2026-1-61/nobackup/work/dich3309/polishing_nanopore_illumina/efaecium_e745_illumina_sorted.bam: 3333896 reads, 0 filtered, 573945 mapped, 501130 proper, 9894 stray, FR 100% 444+/-20, max 504
Processing tig00000001:1-23096
frags /proj/uppmax2026-1-61/nobackup/work/dich3309/polishing_nanopore_illumina/efaecium_e745_illumina_sorted.bam: coverage 71
Total Reads: 25742, Coverage: 71, minDepth: 7
Confirmed 22423 of 23096 bases (97.09%)
Corrected 60 snps; 0 ambiguous bases; corrected 564 small insertions totaling 903 bases, 16 small deletions totaling 16 bases
# Attempting to fix local continuity breaks
# fix break: tig00000001:1058-1064 0 -0 +0 NoSolution
# fix break: tig00000001:1518-1930 0 -0 +0 NoSolution
# fix break: tig00000001:2345-2594 0 -0 +0 NoSolution
# fix break: tig00000001:3273-3276 0 -0 +0 NoSolution
# fix break: tig00000001:4288-4565 0 -0 +0 NoSolution
# fix break: tig00000001:7013-7084 0 -0 +0 NoSolution
# fix break: tig00000001:7375-7377 0 -0 +0 NoSolution
# fix break: tig00000001:8475 0 -0 +0 NoSolution
# fix break: tig00000001:8719-8721 0 -0 +0 NoSolution
# fix break: tig00000001:9514-9565 0 -0 +0 NoSolution
# fix break: tig00000001:9909-9913 0 -0 +0 NoSolution
# fix break: tig00000001:10291 0 -0 +0 NoSolution
# fix break: tig00000001:10691 0 -0 +0 NoSolution
# fix break: tig00000001:11562-11588 0 -0 +0 NoSolution
fix break: tig00000001:12251-12262 12009 -580 +609 BreakFix
# fix break: tig00000001:13009-13017 0 -0 +0 NoSolution
# fix break: tig00000001:13463-13554 0 -0 +0 NoSolution
# fix break: tig00000001:14204-14463 0 -0 +0 NoSolution
# fix break: tig00000001:16227-16478 0 -0 +0 NoSolution
# fix break: tig00000001:17594-17601 0 -0 +0 NoSolution
# fix break: tig00000001:18253-18254 0 -0 +0 NoSolution
# fix break: tig00000001:19313-19314 0 -0 +0 NoSolution
# fix break: tig00000001:20513-20702 0 -0 +0 NoSolution
# fix break: tig00000001:21037 0 -0 +0 NoSolution
# fix break: tig00000001:21412-21619 0 -0 +0 NoSolution
tig00000001:1-23096 log:
Finished processing tig00000001:1-23096
Processing tig00000002:1-8479
frags /proj/uppmax2026-1-61/nobackup/work/dich3309/polishing_nanopore_illumina/efaecium_e745_illumina_sorted.bam: coverage 96
Total Reads: 14774, Coverage: 96, minDepth: 10
Confirmed 8214 of 8479 bases (96.87%)
Corrected 18 snps; 0 ambiguous bases; corrected 215 small insertions totaling 323 bases, 11 small deletions totaling 14 bases
# Attempting to fix local continuity breaks
# fix break: tig00000002:1498 0 -0 +0 NoSolution
# fix break: tig00000002:1766-1776 0 -0 +0 NoSolution
# fix break: tig00000002:2858 0 -0 +0 NoSolution
# fix break: tig00000002:3665-4033 0 -0 +0 NoSolution
fix break: tig00000002:4559-4569 4476 -486 +498 BreakFix
fix break: tig00000002:4928-4949 4680 -650 +668 BreakFix
fix break: tig00000002:5170-5362 4892 -521 +540 BreakFix
# fix break: tig00000002:5675 0 -0 +0 NoSolution
# fix break: tig00000002:6305-6317 0 -0 +0 NoSolution
# fix break: tig00000002:7674-7680 0 -0 +0 NoSolution
tig00000002:1-8479 log:
Finished processing tig00000002:1-8479
Processing tig00000003:1-9505
frags /proj/uppmax2026-1-61/nobackup/work/dich3309/polishing_nanopore_illumina/efaecium_e745_illumina_sorted.bam: coverage 68
Total Reads: 11455, Coverage: 68, minDepth: 7
Confirmed 9080 of 9505 bases (95.53%)
Corrected 33 snps; 0 ambiguous bases; corrected 257 small insertions totaling 392 bases, 20 small deletions totaling 31 bases
# Attempting to fix local continuity breaks
# fix break: tig00000003:2070 0 -0 +0 NoSolution
# fix break: tig00000003:2760-2769 0 -0 +0 NoSolution
# fix break: tig00000003:3693 0 -0 +0 NoSolution
# fix break: tig00000003:6539-6554 0 -0 +0 NoSolution
# fix break: tig00000003:8028-8036 0 -0 +0 NoSolution
# fix break: tig00000003:8259-8489 0 -0 +0 NoSolution
tig00000003:1-9505 log:
Finished processing tig00000003:1-9505
Processing tig00000004:1-10111
frags /proj/uppmax2026-1-61/nobackup/work/dich3309/polishing_nanopore_illumina/efaecium_e745_illumina_sorted.bam: coverage 59
Total Reads: 16989, Coverage: 59, minDepth: 6
Confirmed 9636 of 10111 bases (95.30%)
Corrected 36 snps; 0 ambiguous bases; corrected 289 small insertions totaling 477 bases, 17 small deletions totaling 22 bases
# Attempting to fix local continuity breaks
fix break: tig00000004:705-707 340 -735 +766 BreakFix
# fix break: tig00000004:1600 0 -0 +0 NoSolution
# fix break: tig00000004:2662 0 -0 +0 NoSolution
# fix break: tig00000004:3102 0 -0 +0 NoSolution
# fix break: tig00000004:4131-4245 0 -0 +0 NoSolution
# fix break: tig00000004:5623-5771 0 -0 +0 NoSolution
# fix break: tig00000004:7343-9427 0 -0 +0 NoSolution
# fix break: tig00000004:9810-9999 0 -0 +0 NoSolution
tig00000004:1-10111 log:
Finished processing tig00000004:1-10111
Processing tig00000005:1-15091
frags /proj/uppmax2026-1-61/nobackup/work/dich3309/polishing_nanopore_illumina/efaecium_e745_illumina_sorted.bam: coverage 130
Total Reads: 40459, Coverage: 130, minDepth: 13
Confirmed 14474 of 15091 bases (95.91%)
Corrected 38 snps; 0 ambiguous bases; corrected 344 small insertions totaling 539 bases, 17 small deletions totaling 21 bases
# Attempting to fix local continuity breaks
# fix break: tig00000005:831-1470 0 -0 +0 NoSolution
# fix break: tig00000005:1799-1802 0 -0 +0 NoSolution
fix break: tig00000005:5119-5686 4830 -1047 +1098 BreakFix
# fix break: tig00000005:5936-6675 0 -0 +0 NoSolution
# fix break: tig00000005:6904-7246 0 -0 +0 NoSolution
# fix break: tig00000005:7454-7560 0 -0 +0 NoSolution
fix break: tig00000005:7784-8539 7517 -1389 +1421 BreakFix
# fix break: tig00000005:8780-9241 0 -0 +0 NoSolution
# fix break: tig00000005:9457-9575 0 -0 +0 NoSolution
# fix break: tig00000005:9840-9928 0 -0 +0 NoSolution
# fix break: tig00000005:10253-10495 0 -0 +0 NoSolution
# fix break: tig00000005:10972 0 -0 +0 NoSolution
# fix break: tig00000005:12048-12069 0 -0 +0 NoSolution
# fix break: tig00000005:13935 0 -0 +0 NoSolution
tig00000005:1-15091 log:
Finished processing tig00000005:1-15091
Processing tig00000006:1-14609
frags /proj/uppmax2026-1-61/nobackup/work/dich3309/polishing_nanopore_illumina/efaecium_e745_illumina_sorted.bam: coverage 66
Total Reads: 20734, Coverage: 66, minDepth: 7
Confirmed 12572 of 14609 bases (86.06%)
Corrected 36 snps; 0 ambiguous bases; corrected 361 small insertions totaling 556 bases, 14 small deletions totaling 18 bases
# Attempting to fix local continuity breaks
# fix break: tig00000006:574 0 -0 +0 NoSolution
# fix break: tig00000006:1216-1471 0 -0 +0 NoSolution
# fix break: tig00000006:1699-1920 0 -0 +0 NoSolution
# fix break: tig00000006:2786-2831 0 -0 +0 NoSolution
# fix break: tig00000006:3287-3292 0 -0 +0 NoSolution
# fix break: tig00000006:4172 0 -0 +0 NoSolution
# fix break: tig00000006:4455-4465 0 -0 +0 NoSolution
# fix break: tig00000006:5851-5855 0 -0 +0 NoSolution
# fix break: tig00000006:6455-6583 0 -0 +0 NoSolution
# fix break: tig00000006:6826-6875 0 -0 +0 NoSolution
# fix break: tig00000006:7096-7109 0 -0 +0 NoSolution
# fix break: tig00000006:7381-7513 0 -0 +0 NoSolution
# fix break: tig00000006:8107 0 -0 +0 NoSolution
tig00000006:1-14609 log:
Finished processing tig00000006:1-14609
Processing tig00000007:1-12922
frags /proj/uppmax2026-1-61/nobackup/work/dich3309/polishing_nanopore_illumina/efaecium_e745_illumina_sorted.bam: coverage 87
Total Reads: 21307, Coverage: 87, minDepth: 9
Confirmed 12493 of 12922 bases (96.68%)
Corrected 54 snps; 0 ambiguous bases; corrected 350 small insertions totaling 577 bases, 9 small deletions totaling 9 bases
# Attempting to fix local continuity breaks
# fix break: tig00000007:1145-1240 0 -0 +0 NoSolution
# fix break: tig00000007:1481-1595 0 -0 +0 NoSolution
# fix break: tig00000007:1945-1947 0 -0 +0 NoSolution
# fix break: tig00000007:2796-3279 0 -0 +0 NoSolution
# fix break: tig00000007:4013-4016 0 -0 +0 NoSolution
# fix break: tig00000007:4236-4885 0 -0 +0 NoSolution
# fix break: tig00000007:6051 0 -0 +0 NoSolution
# fix break: tig00000007:7862 0 -0 +0 NoSolution
# fix break: tig00000007:8231-8232 0 -0 +0 NoSolution
# fix break: tig00000007:8794-8815 0 -0 +0 NoSolution
# fix break: tig00000007:9249-9260 0 -0 +0 NoSolution
fix break: tig00000007:10584-11113 10189 -1296 +1366 BreakFix
# fix break: tig00000007:11327-11329 0 -0 +0 NoSolution
# fix break: tig00000007:11754-11755 0 -0 +0 NoSolution
fix break: tig00000007:12104-12125 11718 -784 +822 BreakFix
tig00000007:1-12922 log:
Finished processing tig00000007:1-12922
Processing tig00000008:1-11842
frags /proj/uppmax2026-1-61/nobackup/work/dich3309/polishing_nanopore_illumina/efaecium_e745_illumina_sorted.bam: coverage 226
Total Reads: 47208, Coverage: 226, minDepth: 23
Confirmed 11308 of 11842 bases (95.49%)
Corrected 29 snps; 0 ambiguous bases; corrected 322 small insertions totaling 510 bases, 4 small deletions totaling 6 bases
# Attempting to fix local continuity breaks
# fix break: tig00000008:1016 0 -0 +0 NoSolution
# fix break: tig00000008:1482-1523 0 -0 +0 NoSolution
fix break: tig00000008:2519-2697 2166 -842 +904 BreakFix
# fix break: tig00000008:3514-3518 0 -0 +0 NoSolution
# fix break: tig00000008:3856-3869 0 -0 +0 NoSolution
# fix break: tig00000008:4343 0 -0 +0 NoSolution
fix break: tig00000008:4678-5903 4328 -1765 +1855 BreakFix
# fix break: tig00000008:6387 0 -0 +0 NoSolution
# fix break: tig00000008:6724-6923 0 -0 +0 NoSolution
# fix break: tig00000008:8247 0 -0 +0 NoSolution
# fix break: tig00000008:8490-8511 0 -0 +0 NoSolution
# fix break: tig00000008:8848-9338 0 -0 +0 NoSolution
# fix break: tig00000008:9696-10086 0 -0 +0 NoSolution
# fix break: tig00000008:10423-11120 0 -0 +0 NoSolution
tig00000008:1-11842 log:
Finished processing tig00000008:1-11842
Processing tig00000009:1-9745
frags /proj/uppmax2026-1-61/nobackup/work/dich3309/polishing_nanopore_illumina/efaecium_e745_illumina_sorted.bam: coverage 55
Total Reads: 9196, Coverage: 55, minDepth: 6
Confirmed 9449 of 9745 bases (96.96%)
Corrected 23 snps; 0 ambiguous bases; corrected 256 small insertions totaling 405 bases, 5 small deletions totaling 6 bases
# Attempting to fix local continuity breaks
# fix break: tig00000009:1271-1404 0 -0 +0 NoSolution
# fix break: tig00000009:2282-2494 0 -0 +0 NoSolution
# fix break: tig00000009:3143-3145 0 -0 +0 NoSolution
# fix break: tig00000009:3365 0 -0 +0 NoSolution
fix break: tig00000009:3837-4015 3466 -924 +961 BreakFix
# fix break: tig00000009:4250-4251 0 -0 +0 NoSolution
fix break: tig00000009:5625 5283 -658 +692 BreakFix
# fix break: tig00000009:7224-7229 0 -0 +0 NoSolution
# fix break: tig00000009:8752 0 -0 +0 NoSolution
# fix break: tig00000009:9042-9196 0 -0 +0 NoSolution
tig00000009:1-9745 log:
Finished processing tig00000009:1-9745
Processing tig00000010:1-3497
frags /proj/uppmax2026-1-61/nobackup/work/dich3309/polishing_nanopore_illumina/efaecium_e745_illumina_sorted.bam: coverage 0
Total Reads: 0, Coverage: 0, minDepth: 5
Confirmed 0 of 3497 bases (0.00%)
Corrected 0 snps; 0 ambiguous bases; corrected 0 small insertions totaling 0 bases, 0 small deletions totaling 0 bases
tig00000010:1-3497 log:
Finished processing tig00000010:1-3497
Processing tig00000011:1-12326
frags /proj/uppmax2026-1-61/nobackup/work/dich3309/polishing_nanopore_illumina/efaecium_e745_illumina_sorted.bam: coverage 68
Total Reads: 20125, Coverage: 68, minDepth: 7
Confirmed 11788 of 12326 bases (95.64%)
Corrected 45 snps; 0 ambiguous bases; corrected 369 small insertions totaling 607 bases, 19 small deletions totaling 24 bases
# Attempting to fix local continuity breaks
# fix break: tig00000011:850-851 0 -0 +0 NoSolution
# fix break: tig00000011:2294-2297 0 -0 +0 NoSolution
# fix break: tig00000011:2843 0 -0 +0 NoSolution
# fix break: tig00000011:3404-3917 0 -0 +0 NoSolution
# fix break: tig00000011:4185-4187 0 -0 +0 NoSolution
# fix break: tig00000011:4938-4946 0 -0 +0 NoSolution
fix break: tig00000011:7687-7701 7290 -800 +850 BreakFix
# fix break: tig00000011:8470-8473 0 -0 +0 NoSolution
# fix break: tig00000011:8725-8869 0 -0 +0 NoSolution
# fix break: tig00000011:9091-9097 0 -0 +0 NoSolution
# fix break: tig00000011:10534 0 -0 +0 NoSolution
# fix break: tig00000011:11499-11524 0 -0 +0 NoSolution
tig00000011:1-12326 log:
Finished processing tig00000011:1-12326
Processing tig00000012:1-3425
frags /proj/uppmax2026-1-61/nobackup/work/dich3309/polishing_nanopore_illumina/efaecium_e745_illumina_sorted.bam: coverage 370
Total Reads: 22842, Coverage: 370, minDepth: 37
Confirmed 3127 of 3425 bases (91.30%)
Corrected 19 snps; 0 ambiguous bases; corrected 136 small insertions totaling 225 bases, 8 small deletions totaling 10 bases
# Attempting to fix local continuity breaks
# fix break: tig00000012:916-1157 0 -0 +0 NoSolution TandemRepeat 22
# fix break: tig00000012:1628-1857 0 -0 +0 NoSolution
# fix break: tig00000012:2302-2694 0 -0 +0 NoSolution
# fix break: tig00000012:3116-3222 0 -0 +0 NoSolution
tig00000012:1-3425 log:
Finished processing tig00000012:1-3425
Processing tig00000013:1-7206
frags /proj/uppmax2026-1-61/nobackup/work/dich3309/polishing_nanopore_illumina/efaecium_e745_illumina_sorted.bam: coverage 227
Total Reads: 42497, Coverage: 227, minDepth: 23
Confirmed 6853 of 7206 bases (95.10%)
Corrected 48 snps; 0 ambiguous bases; corrected 248 small insertions totaling 418 bases, 15 small deletions totaling 25 bases
# Attempting to fix local continuity breaks
# fix break: tig00000013:1613-1618 0 -0 +0 NoSolution
# fix break: tig00000013:1844-2143 0 -0 +0 NoSolution
# fix break: tig00000013:3079-4034 0 -0 +0 NoSolution
# fix break: tig00000013:4336-4349 0 -0 +0 NoSolution
# fix break: tig00000013:4876-5089 0 -0 +0 NoSolution
# fix break: tig00000013:6137-6538 0 -0 +0 NoSolution
tig00000013:1-7206 log:
Finished processing tig00000013:1-7206
Processing tig00000014:1-8234
frags /proj/uppmax2026-1-61/nobackup/work/dich3309/polishing_nanopore_illumina/efaecium_e745_illumina_sorted.bam: coverage 73
Total Reads: 13070, Coverage: 73, minDepth: 7
Confirmed 7974 of 8234 bases (96.84%)
Corrected 34 snps; 0 ambiguous bases; corrected 208 small insertions totaling 315 bases, 15 small deletions totaling 17 bases
# Attempting to fix local continuity breaks
# fix break: tig00000014:1101 0 -0 +0 NoSolution
# fix break: tig00000014:1909-2061 0 -0 +0 NoSolution
# fix break: tig00000014:3524 0 -0 +0 NoSolution
# fix break: tig00000014:4315-4327 0 -0 +0 NoSolution
# fix break: tig00000014:5586 0 -0 +0 NoSolution
# fix break: tig00000014:5838-6048 0 -0 +0 NoSolution
tig00000014:1-8234 log:
Finished processing tig00000014:1-8234
Processing tig00000015:1-12681
frags /proj/uppmax2026-1-61/nobackup/work/dich3309/polishing_nanopore_illumina/efaecium_e745_illumina_sorted.bam: coverage 55
Total Reads: 13461, Coverage: 55, minDepth: 6
Confirmed 12124 of 12681 bases (95.61%)
Corrected 65 snps; 0 ambiguous bases; corrected 340 small insertions totaling 542 bases, 32 small deletions totaling 45 bases
# Attempting to fix local continuity breaks
# fix break: tig00000015:885-990 0 -0 +0 NoSolution
# fix break: tig00000015:1408-1438 0 -0 +0 NoSolution
# fix break: tig00000015:1918-1976 0 -0 +0 NoSolution
# fix break: tig00000015:2804-2810 0 -0 +0 NoSolution
fix break: tig00000015:4387-4402 4006 -765 +796 BreakFix
# fix break: tig00000015:4617-4619 0 -0 +0 NoSolution
# fix break: tig00000015:5577-5638 0 -0 +0 NoSolution
fix break: tig00000015:6264 5872 -788 +820 BreakFix
# fix break: tig00000015:6486-6495 0 -0 +0 NoSolution
fix break: tig00000015:6779-6781 6492 -676 +702 BreakFix
# fix break: tig00000015:7256 0 -0 +0 NoSolution
# fix break: tig00000015:8524-8843 0 -0 +0 NoSolution
# fix break: tig00000015:9120-9543 0 -0 +0 NoSolution
# fix break: tig00000015:10376-10381 0 -0 +0 NoSolution
# fix break: tig00000015:10931-11009 0 -0 +0 NoSolution
# fix break: tig00000015:11251-11393 0 -0 +0 NoSolution
# fix break: tig00000015:11651-11700 0 -0 +0 NoSolution
tig00000015:1-12681 log:
Finished processing tig00000015:1-12681
Processing tig00000016:1-14394
frags /proj/uppmax2026-1-61/nobackup/work/dich3309/polishing_nanopore_illumina/efaecium_e745_illumina_sorted.bam: coverage 64
Total Reads: 15063, Coverage: 64, minDepth: 6
Confirmed 13805 of 14394 bases (95.91%)
Corrected 65 snps; 0 ambiguous bases; corrected 421 small insertions totaling 678 bases, 33 small deletions totaling 45 bases
# Attempting to fix local continuity breaks
# fix break: tig00000016:1976-2510 0 -0 +0 NoSolution
# fix break: tig00000016:3417 0 -0 +0 NoSolution
# fix break: tig00000016:4151-4256 0 -0 +0 NoSolution
# fix break: tig00000016:4743-4768 0 -0 +0 NoSolution
# fix break: tig00000016:6382-6396 0 -0 +0 NoSolution
# fix break: tig00000016:7502-7512 0 -0 +0 NoSolution
fix break: tig00000016:7883-7989 7502 -837 +885 BreakFix
# fix break: tig00000016:8782-8791 0 -0 +0 NoSolution
# fix break: tig00000016:8997-9080 0 -0 +0 NoSolution
# fix break: tig00000016:9311-9324 0 -0 +0 NoSolution
# fix break: tig00000016:9651-9653 0 -0 +0 NoSolution
# fix break: tig00000016:11833 0 -0 +0 NoSolution
# fix break: tig00000016:12259-12263 0 -0 +0 NoSolution
# fix break: tig00000016:12474-12638 0 -0 +0 NoSolution
# fix break: tig00000016:12898-13209 0 -0 +0 NoSolution
# fix break: tig00000016:13680-13805 0 -0 +0 NoSolution
tig00000016:1-14394 log:
Finished processing tig00000016:1-14394
Processing tig00000017:1-7307
frags /proj/uppmax2026-1-61/nobackup/work/dich3309/polishing_nanopore_illumina/efaecium_e745_illumina_sorted.bam: coverage 65
Total Reads: 7952, Coverage: 65, minDepth: 7
Confirmed 7079 of 7307 bases (96.88%)
Corrected 22 snps; 0 ambiguous bases; corrected 193 small insertions totaling 304 bases, 4 small deletions totaling 4 bases
# Attempting to fix local continuity breaks
# fix break: tig00000017:928-942 0 -0 +0 NoSolution
# fix break: tig00000017:2167-2907 0 -0 +0 NoSolution
# fix break: tig00000017:3164 0 -0 +0 NoSolution
# fix break: tig00000017:4723-4818 0 -0 +0 NoSolution
# fix break: tig00000017:5138-5143 0 -0 +0 NoSolution
# fix break: tig00000017:6711-6753 0 -0 +0 NoSolution
tig00000017:1-7307 log:
Finished processing tig00000017:1-7307
Processing tig00000018:1-5911
frags /proj/uppmax2026-1-61/nobackup/work/dich3309/polishing_nanopore_illumina/efaecium_e745_illumina_sorted.bam: coverage 155
Total Reads: 23625, Coverage: 155, minDepth: 16
Confirmed 5682 of 5911 bases (96.13%)
Corrected 19 snps; 0 ambiguous bases; corrected 184 small insertions totaling 304 bases, 5 small deletions totaling 6 bases
# Attempting to fix local continuity breaks
# fix break: tig00000018:868-985 0 -0 +0 NoSolution
# fix break: tig00000018:1828-2180 0 -0 +0 NoSolution
# fix break: tig00000018:2387-2740 0 -0 +0 NoSolution
# fix break: tig00000018:3001-3080 0 -0 +0 NoSolution
# fix break: tig00000018:4019-4545 0 -0 +0 NoSolution
tig00000018:1-5911 log:
Finished processing tig00000018:1-5911
Processing tig00000019:1-13638
frags /proj/uppmax2026-1-61/nobackup/work/dich3309/polishing_nanopore_illumina/efaecium_e745_illumina_sorted.bam: coverage 61
Total Reads: 13541, Coverage: 61, minDepth: 6
Confirmed 13145 of 13638 bases (96.39%)
Corrected 66 snps; 0 ambiguous bases; corrected 354 small insertions totaling 568 bases, 30 small deletions totaling 38 bases
# Attempting to fix local continuity breaks
fix break: tig00000019:612 226 -744 +766 BreakFix
# fix break: tig00000019:1115-1126 0 -0 +0 NoSolution
# fix break: tig00000019:1338-1546 0 -0 +0 NoSolution
# fix break: tig00000019:2232-2538 0 -0 +0 NoSolution
# fix break: tig00000019:3000-3001 0 -0 +0 NoSolution
# fix break: tig00000019:4145-4211 0 -0 +0 NoSolution
# fix break: tig00000019:4483-4567 0 -0 +0 NoSolution
# fix break: tig00000019:5083-5095 0 -0 +0 NoSolution
# fix break: tig00000019:5506-5510 0 -0 +0 NoSolution
# fix break: tig00000019:5758-5915 0 -0 +0 NoSolution
# fix break: tig00000019:6776-7002 0 -0 +0 NoSolution
# fix break: tig00000019:7226-7233 0 -0 +0 NoSolution
# fix break: tig00000019:7783-7785 0 -0 +0 NoSolution
# fix break: tig00000019:8254-8256 0 -0 +0 NoSolution
# fix break: tig00000019:8860-9035 0 -0 +0 NoSolution
# fix break: tig00000019:9268-9281 0 -0 +0 NoSolution
# fix break: tig00000019:10393-10417 0 -0 +0 NoSolution
# fix break: tig00000019:11217-11577 0 -0 +0 NoSolution
# fix break: tig00000019:11780 0 -0 +0 NoSolution
tig00000019:1-13638 log:
Finished processing tig00000019:1-13638
Processing tig00000020:1-5643
frags /proj/uppmax2026-1-61/nobackup/work/dich3309/polishing_nanopore_illumina/efaecium_e745_illumina_sorted.bam: coverage 71
Total Reads: 6709, Coverage: 71, minDepth: 7
Confirmed 5453 of 5643 bases (96.63%)
Corrected 32 snps; 0 ambiguous bases; corrected 140 small insertions totaling 229 bases, 7 small deletions totaling 9 bases
# Attempting to fix local continuity breaks
# fix break: tig00000020:1675-1688 0 -0 +0 NoSolution
# fix break: tig00000020:2127-2128 0 -0 +0 NoSolution
# fix break: tig00000020:2805 0 -0 +0 NoSolution
# fix break: tig00000020:3212-3216 0 -0 +0 NoSolution
# fix break: tig00000020:4128-4176 0 -0 +0 NoSolution
# fix break: tig00000020:4904-4914 0 -0 +0 NoSolution
tig00000020:1-5643 log:
Finished processing tig00000020:1-5643
Processing tig00000021:1-5023
frags /proj/uppmax2026-1-61/nobackup/work/dich3309/polishing_nanopore_illumina/efaecium_e745_illumina_sorted.bam: coverage 56
Total Reads: 4860, Coverage: 56, minDepth: 6
Confirmed 4845 of 5023 bases (96.46%)
Corrected 22 snps; 0 ambiguous bases; corrected 131 small insertions totaling 192 bases, 7 small deletions totaling 7 bases
# Attempting to fix local continuity breaks
fix break: tig00000021:1176-1179 962 -453 +474 BreakFix
# fix break: tig00000021:1690-1699 0 -0 +0 NoSolution
# fix break: tig00000021:3271-3272 0 -0 +0 NoSolution
# fix break: tig00000021:3633-3644 0 -0 +0 NoSolution
# fix break: tig00000021:3862 0 -0 +0 NoSolution
tig00000021:1-5023 log:
Finished processing tig00000021:1-5023
Processing tig00000022:1-10423
frags /proj/uppmax2026-1-61/nobackup/work/dich3309/polishing_nanopore_illumina/efaecium_e745_illumina_sorted.bam: coverage 61
Total Reads: 11157, Coverage: 61, minDepth: 6
Confirmed 9878 of 10423 bases (94.77%)
Corrected 72 snps; 0 ambiguous bases; corrected 306 small insertions totaling 519 bases, 21 small deletions totaling 34 bases
# Attempting to fix local continuity breaks
# fix break: tig00000022:1226 0 -0 +0 NoSolution
# fix break: tig00000022:2235-2357 0 -0 +0 NoSolution
# fix break: tig00000022:2772-2944 0 -0 +0 NoSolution
# fix break: tig00000022:3268-3316 0 -0 +0 NoSolution
# fix break: tig00000022:4086-4234 0 -0 +0 NoSolution
# fix break: tig00000022:4538-4710 0 -0 +0 NoSolution
# fix break: tig00000022:5378-5625 0 -0 +0 NoSolution
# fix break: tig00000022:6013-6020 0 -0 +0 NoSolution
# fix break: tig00000022:6800-6972 0 -0 +0 NoSolution
# fix break: tig00000022:7335-7341 0 -0 +0 NoSolution
# fix break: tig00000022:7584-7590 0 -0 +0 NoSolution
# fix break: tig00000022:8486-8496 0 -0 +0 NoSolution
tig00000022:1-10423 log:
Finished processing tig00000022:1-10423
Processing tig00000023:1-1233
frags /proj/uppmax2026-1-61/nobackup/work/dich3309/polishing_nanopore_illumina/efaecium_e745_illumina_sorted.bam: coverage 593
Total Reads: 18008, Coverage: 593, minDepth: 59
Confirmed 1212 of 1233 bases (98.30%)
Corrected 0 snps; 0 ambiguous bases; corrected 18 small insertions totaling 22 bases, 0 small deletions totaling 0 bases
tig00000023:1-1233 log:
Finished processing tig00000023:1-1233
Processing tig00000024:1-3779
frags /proj/uppmax2026-1-61/nobackup/work/dich3309/polishing_nanopore_illumina/efaecium_e745_illumina_sorted.bam: coverage 51
Total Reads: 3804, Coverage: 51, minDepth: 5
Confirmed 3621 of 3779 bases (95.82%)
Corrected 23 snps; 0 ambiguous bases; corrected 101 small insertions totaling 158 bases, 4 small deletions totaling 4 bases
# Attempting to fix local continuity breaks
# fix break: tig00000024:911-927 0 -0 +0 NoSolution
# fix break: tig00000024:1250 0 -0 +0 NoSolution
# fix break: tig00000024:2103-2105 0 -0 +0 NoSolution
tig00000024:1-3779 log:
Finished processing tig00000024:1-3779
Processing tig00000025:1-8404
frags /proj/uppmax2026-1-61/nobackup/work/dich3309/polishing_nanopore_illumina/efaecium_e745_illumina_sorted.bam: coverage 78
Total Reads: 12210, Coverage: 78, minDepth: 8
Confirmed 8070 of 8404 bases (96.03%)
Corrected 27 snps; 0 ambiguous bases; corrected 213 small insertions totaling 357 bases, 11 small deletions totaling 16 bases
# Attempting to fix local continuity breaks
# fix break: tig00000025:594-683 0 -0 +0 NoSolution
# fix break: tig00000025:1943-1956 0 -0 +0 NoSolution
# fix break: tig00000025:2455-2463 0 -0 +0 NoSolution
# fix break: tig00000025:2725-2749 0 -0 +0 NoSolution
# fix break: tig00000025:3771-3784 0 -0 +0 NoSolution
# fix break: tig00000025:4450-4454 0 -0 +0 NoSolution
# fix break: tig00000025:4723-4761 0 -0 +0 NoSolution
# fix break: tig00000025:5794-5839 0 -0 +0 NoSolution
# fix break: tig00000025:6089-6369 0 -0 +0 NoSolution
# fix break: tig00000025:6799 0 -0 +0 NoSolution
tig00000025:1-8404 log:
Finished processing tig00000025:1-8404
Processing tig00000026:1-6669
frags /proj/uppmax2026-1-61/nobackup/work/dich3309/polishing_nanopore_illumina/efaecium_e745_illumina_sorted.bam: coverage 61
Total Reads: 7426, Coverage: 61, minDepth: 6
Confirmed 6206 of 6669 bases (93.06%)
Corrected 51 snps; 0 ambiguous bases; corrected 206 small insertions totaling 347 bases, 22 small deletions totaling 28 bases
# Attempting to fix local continuity breaks
# fix break: tig00000026:671-683 0 -0 +0 NoSolution
# fix break: tig00000026:942-1228 0 -0 +0 NoSolution
# fix break: tig00000026:1697-1703 0 -0 +0 NoSolution
# fix break: tig00000026:2321-2324 0 -0 +0 NoSolution
# fix break: tig00000026:2915-3040 0 -0 +0 NoSolution
# fix break: tig00000026:3342-3347 0 -0 +0 NoSolution
# fix break: tig00000026:3736-4082 0 -0 +0 NoSolution
# fix break: tig00000026:4305-4918 0 -0 +0 NoSolution
# fix break: tig00000026:5129-5364 0 -0 +0 NoSolution
tig00000026:1-6669 log:
Finished processing tig00000026:1-6669
Processing tig00000027:1-8839
frags /proj/uppmax2026-1-61/nobackup/work/dich3309/polishing_nanopore_illumina/efaecium_e745_illumina_sorted.bam: coverage 58
Total Reads: 8450, Coverage: 58, minDepth: 6
Confirmed 8430 of 8839 bases (95.37%)
Corrected 34 snps; 0 ambiguous bases; corrected 245 small insertions totaling 388 bases, 15 small deletions totaling 17 bases
# Attempting to fix local continuity breaks
# fix break: tig00000027:1260-1274 0 -0 +0 NoSolution
# fix break: tig00000027:1521-1570 0 -0 +0 NoSolution
# fix break: tig00000027:2990-2991 0 -0 +0 NoSolution
fix break: tig00000027:3720-3722 3338 -767 +796 BreakFix
# fix break: tig00000027:4361-4369 0 -0 +0 NoSolution
# fix break: tig00000027:5599-5933 0 -0 +0 NoSolution
# fix break: tig00000027:6685-6731 0 -0 +0 NoSolution
# fix break: tig00000027:7252 0 -0 +0 NoSolution
# fix break: tig00000027:7725-7819 0 -0 +0 NoSolution
# fix break: tig00000027:8102-8126 0 -0 +0 NoSolution
tig00000027:1-8839 log:
Finished processing tig00000027:1-8839
Processing tig00000028:1-8162
frags /proj/uppmax2026-1-61/nobackup/work/dich3309/polishing_nanopore_illumina/efaecium_e745_illumina_sorted.bam: coverage 72
Total Reads: 14688, Coverage: 72, minDepth: 7
Confirmed 7844 of 8162 bases (96.10%)
Corrected 46 snps; 0 ambiguous bases; corrected 194 small insertions totaling 310 bases, 13 small deletions totaling 21 bases
# Attempting to fix local continuity breaks
# fix break: tig00000028:575-590 0 -0 +0 NoSolution
# fix break: tig00000028:1745 0 -0 +0 NoSolution
# fix break: tig00000028:3798-3804 0 -0 +0 NoSolution
# fix break: tig00000028:4503-4517 0 -0 +0 NoSolution
# fix break: tig00000028:4959-4960 0 -0 +0 NoSolution
# fix break: tig00000028:5855-6564 0 -0 +0 NoSolution
# fix break: tig00000028:7260-7350 0 -0 +0 NoSolution
tig00000028:1-8162 log:
Finished processing tig00000028:1-8162
Processing tig00000029:1-4271
frags /proj/uppmax2026-1-61/nobackup/work/dich3309/polishing_nanopore_illumina/efaecium_e745_illumina_sorted.bam: coverage 52
Total Reads: 4393, Coverage: 52, minDepth: 5
Confirmed 4035 of 4271 bases (94.47%)
Corrected 44 snps; 0 ambiguous bases; corrected 174 small insertions totaling 302 bases, 7 small deletions totaling 9 bases
# Attempting to fix local continuity breaks
# fix break: tig00000029:1022 0 -0 +0 NoSolution
# fix break: tig00000029:1270-1478 0 -0 +0 NoSolution
# fix break: tig00000029:1745-1756 0 -0 +0 NoSolution
# fix break: tig00000029:1970-1983 0 -0 +0 NoSolution
# fix break: tig00000029:2379-2730 0 -0 +0 NoSolution
# fix break: tig00000029:2992-3279 0 -0 +0 NoSolution
tig00000029:1-4271 log:
Finished processing tig00000029:1-4271
Processing tig00000030:1-12320
frags /proj/uppmax2026-1-61/nobackup/work/dich3309/polishing_nanopore_illumina/efaecium_e745_illumina_sorted.bam: coverage 87
Total Reads: 18366, Coverage: 87, minDepth: 9
Confirmed 11861 of 12320 bases (96.27%)
Corrected 38 snps; 0 ambiguous bases; corrected 319 small insertions totaling 508 bases, 13 small deletions totaling 18 bases
# Attempting to fix local continuity breaks
fix break: tig00000030:1125-1295 728 -869 +916 BreakFix
# fix break: tig00000030:2251-2388 0 -0 +0 NoSolution
# fix break: tig00000030:2947-2961 0 -0 +0 NoSolution
# fix break: tig00000030:3515-3523 0 -0 +0 NoSolution
# fix break: tig00000030:4528 0 -0 +0 NoSolution
# fix break: tig00000030:5860 0 -0 +0 NoSolution
# fix break: tig00000030:6574-6982 0 -0 +0 NoSolution
# fix break: tig00000030:7880-8447 0 -0 +0 NoSolution
# fix break: tig00000030:8807 0 -0 +0 NoSolution
# fix break: tig00000030:9928-9936 0 -0 +0 NoSolution
# fix break: tig00000030:11404-11485 0 -0 +0 NoSolution
tig00000030:1-12320 log:
Finished processing tig00000030:1-12320
Processing tig00000031:1-4390
frags /proj/uppmax2026-1-61/nobackup/work/dich3309/polishing_nanopore_illumina/efaecium_e745_illumina_sorted.bam: coverage 64
Total Reads: 5183, Coverage: 64, minDepth: 6
Confirmed 4138 of 4390 bases (94.26%)
Corrected 46 snps; 0 ambiguous bases; corrected 172 small insertions totaling 316 bases, 11 small deletions totaling 15 bases
# Attempting to fix local continuity breaks
# fix break: tig00000031:939-1262 0 -0 +0 NoSolution
# fix break: tig00000031:1481-1655 0 -0 +0 NoSolution
# fix break: tig00000031:1999-3335 0 -0 +0 NoSolution
tig00000031:1-4390 log:
Finished processing tig00000031:1-4390
Processing tig00000032:1-4658
frags /proj/uppmax2026-1-61/nobackup/work/dich3309/polishing_nanopore_illumina/efaecium_e745_illumina_sorted.bam: coverage 69
Total Reads: 8870, Coverage: 69, minDepth: 7
Confirmed 4446 of 4658 bases (95.45%)
Corrected 18 snps; 0 ambiguous bases; corrected 134 small insertions totaling 201 bases, 7 small deletions totaling 13 bases
# Attempting to fix local continuity breaks
# fix break: tig00000032:1406 0 -0 +0 NoSolution
# fix break: tig00000032:3456-4146 0 -0 +0 NoSolution
tig00000032:1-4658 log:
Finished processing tig00000032:1-4658
Processing tig00000033:1-5849
frags /proj/uppmax2026-1-61/nobackup/work/dich3309/polishing_nanopore_illumina/efaecium_e745_illumina_sorted.bam: coverage 67
Total Reads: 6582, Coverage: 67, minDepth: 7
Confirmed 5647 of 5849 bases (96.55%)
Corrected 26 snps; 0 ambiguous bases; corrected 134 small insertions totaling 199 bases, 14 small deletions totaling 20 bases
# Attempting to fix local continuity breaks
# fix break: tig00000033:560 0 -0 +0 NoSolution
# fix break: tig00000033:1289-1291 0 -0 +0 NoSolution
# fix break: tig00000033:3562 0 -0 +0 NoSolution
# fix break: tig00000033:4009-4018 0 -0 +0 NoSolution
# fix break: tig00000033:4352-4357 0 -0 +0 NoSolution
# fix break: tig00000033:4807-5023 0 -0 +0 NoSolution
tig00000033:1-5849 log:
Finished processing tig00000033:1-5849
Processing tig00000034:1-8546
frags /proj/uppmax2026-1-61/nobackup/work/dich3309/polishing_nanopore_illumina/efaecium_e745_illumina_sorted.bam: coverage 76
Total Reads: 12868, Coverage: 76, minDepth: 8
Confirmed 8247 of 8546 bases (96.50%)
Corrected 32 snps; 0 ambiguous bases; corrected 247 small insertions totaling 392 bases, 13 small deletions totaling 17 bases
# Attempting to fix local continuity breaks
# fix break: tig00000034:1442 0 -0 +0 NoSolution
# fix break: tig00000034:1975-2611 0 -0 +0 NoSolution
# fix break: tig00000034:3017 0 -0 +0 NoSolution
# fix break: tig00000034:3378-3406 0 -0 +0 NoSolution
# fix break: tig00000034:4354-4513 0 -0 +0 NoSolution
# fix break: tig00000034:5282-5428 0 -0 +0 NoSolution
# fix break: tig00000034:5851-5872 0 -0 +0 NoSolution
# fix break: tig00000034:6545-6548 0 -0 +0 NoSolution
# fix break: tig00000034:7459 0 -0 +0 NoSolution
# fix break: tig00000034:7946-7959 0 -0 +0 NoSolution
tig00000034:1-8546 log:
Finished processing tig00000034:1-8546
Processing tig00000035:1-3944
frags /proj/uppmax2026-1-61/nobackup/work/dich3309/polishing_nanopore_illumina/efaecium_e745_illumina_sorted.bam: coverage 61
Total Reads: 5070, Coverage: 61, minDepth: 6
Confirmed 3705 of 3944 bases (93.94%)
Corrected 15 snps; 0 ambiguous bases; corrected 126 small insertions totaling 202 bases, 5 small deletions totaling 6 bases
# Attempting to fix local continuity breaks
# fix break: tig00000035:626 0 -0 +0 NoSolution
# fix break: tig00000035:1123-1379 0 -0 +0 NoSolution
# fix break: tig00000035:2268 0 -0 +0 NoSolution
# fix break: tig00000035:2516-2766 0 -0 +0 NoSolution
# fix break: tig00000035:3072-3083 0 -0 +0 NoSolution
tig00000035:1-3944 log:
Finished processing tig00000035:1-3944
Processing tig00000036:1-4029
frags /proj/uppmax2026-1-61/nobackup/work/dich3309/polishing_nanopore_illumina/efaecium_e745_illumina_sorted.bam: coverage 54
Total Reads: 4049, Coverage: 54, minDepth: 5
Confirmed 3830 of 4029 bases (95.06%)
Corrected 35 snps; 0 ambiguous bases; corrected 128 small insertions totaling 212 bases, 6 small deletions totaling 8 bases
# Attempting to fix local continuity breaks
# fix break: tig00000036:710-746 0 -0 +0 NoSolution
# fix break: tig00000036:1389-1845 0 -0 +0 NoSolution
# fix break: tig00000036:2086-2183 0 -0 +0 NoSolution
# fix break: tig00000036:2462 0 -0 +0 NoSolution
tig00000036:1-4029 log:
Finished processing tig00000036:1-4029
Processing tig00000037:1-14293
frags /proj/uppmax2026-1-61/nobackup/work/dich3309/polishing_nanopore_illumina/efaecium_e745_illumina_sorted.bam: coverage 100
Total Reads: 25754, Coverage: 100, minDepth: 10
Confirmed 13799 of 14293 bases (96.54%)
Corrected 42 snps; 0 ambiguous bases; corrected 387 small insertions totaling 595 bases, 18 small deletions totaling 23 bases
# Attempting to fix local continuity breaks
# fix break: tig00000037:821-854 0 -0 +0 NoSolution
# fix break: tig00000037:1398-1402 0 -0 +0 NoSolution
# fix break: tig00000037:1649-1662 0 -0 +0 NoSolution
# fix break: tig00000037:1903 0 -0 +0 NoSolution
# fix break: tig00000037:2257 0 -0 +0 NoSolution
# fix break: tig00000037:3007-3011 0 -0 +0 NoSolution
# fix break: tig00000037:4163-4167 0 -0 +0 NoSolution
# fix break: tig00000037:5297-5554 0 -0 +0 NoSolution
# fix break: tig00000037:7292 0 -0 +0 NoSolution
# fix break: tig00000037:7720-7786 0 -0 +0 NoSolution
# fix break: tig00000037:8835-8842 0 -0 +0 NoSolution
# fix break: tig00000037:9939-9961 0 -0 +0 NoSolution
# fix break: tig00000037:10694-10835 0 -0 +0 NoSolution
# fix break: tig00000037:11037-11378 0 -0 +0 NoSolution
# fix break: tig00000037:11677-11900 0 -0 +0 NoSolution
# fix break: tig00000037:12420-12807 0 -0 +0 NoSolution
# fix break: tig00000037:13106-13127 0 -0 +0 NoSolution
# fix break: tig00000037:13489 0 -0 +0 NoSolution
tig00000037:1-14293 log:
Finished processing tig00000037:1-14293
Processing tig00000038:1-6196
frags /proj/uppmax2026-1-61/nobackup/work/dich3309/polishing_nanopore_illumina/efaecium_e745_illumina_sorted.bam: coverage 69
Total Reads: 8370, Coverage: 69, minDepth: 7
Confirmed 5987 of 6196 bases (96.63%)
Corrected 18 snps; 0 ambiguous bases; corrected 181 small insertions totaling 300 bases, 2 small deletions totaling 2 bases
# Attempting to fix local continuity breaks
# fix break: tig00000038:984-985 0 -0 +0 NoSolution
# fix break: tig00000038:3490 0 -0 +0 NoSolution
# fix break: tig00000038:4353-5109 0 -0 +0 NoSolution
# fix break: tig00000038:5325 0 -0 +0 NoSolution
tig00000038:1-6196 log:
Finished processing tig00000038:1-6196
Processing tig00000039:1-9965
frags /proj/uppmax2026-1-61/nobackup/work/dich3309/polishing_nanopore_illumina/efaecium_e745_illumina_sorted.bam: coverage 62
Total Reads: 10193, Coverage: 62, minDepth: 6
Confirmed 9637 of 9965 bases (96.71%)
Corrected 21 snps; 0 ambiguous bases; corrected 274 small insertions totaling 431 bases, 9 small deletions totaling 10 bases
# Attempting to fix local continuity breaks
# fix break: tig00000039:2204-2208 0 -0 +0 NoSolution
# fix break: tig00000039:2486-2516 0 -0 +0 NoSolution
# fix break: tig00000039:2764 0 -0 +0 NoSolution
fix break: tig00000039:3632-3674 3358 -611 +640 BreakFix
# fix break: tig00000039:4877-5057 0 -0 +0 NoSolution
# fix break: tig00000039:5500-5519 0 -0 +0 NoSolution
# fix break: tig00000039:5777-5792 0 -0 +0 NoSolution
# fix break: tig00000039:6866-6894 0 -0 +0 NoSolution
# fix break: tig00000039:7327-7335 0 -0 +0 NoSolution
# fix break: tig00000039:8569-8582 0 -0 +0 NoSolution
# fix break: tig00000039:9012-9412 0 -0 +0 NoSolution
tig00000039:1-9965 log:
Finished processing tig00000039:1-9965
Processing tig00000040:1-5732
frags /proj/uppmax2026-1-61/nobackup/work/dich3309/polishing_nanopore_illumina/efaecium_e745_illumina_sorted.bam: coverage 90
Total Reads: 11088, Coverage: 90, minDepth: 9
Confirmed 5487 of 5732 bases (95.73%)
Corrected 24 snps; 0 ambiguous bases; corrected 125 small insertions totaling 216 bases, 5 small deletions totaling 8 bases
# Attempting to fix local continuity breaks
# fix break: tig00000040:537-545 0 -0 +0 NoSolution
fix break: tig00000040:2056-2935 1716 -1417 +1506 BreakFix
# fix break: tig00000040:3519-3733 0 -0 +0 NoSolution
# fix break: tig00000040:3977-4058 0 -0 +0 NoSolution
# fix break: tig00000040:4471 0 -0 +0 NoSolution
fix break: tig00000040:4774-4843 4399 -724 +748 BreakFix
tig00000040:1-5732 log:
Finished processing tig00000040:1-5732
Processing tig00000041:1-10074
frags /proj/uppmax2026-1-61/nobackup/work/dich3309/polishing_nanopore_illumina/efaecium_e745_illumina_sorted.bam: coverage 70
Total Reads: 11653, Coverage: 70, minDepth: 7
Confirmed 9703 of 10074 bases (96.32%)
Corrected 44 snps; 0 ambiguous bases; corrected 306 small insertions totaling 494 bases, 16 small deletions totaling 19 bases
# Attempting to fix local continuity breaks
# fix break: tig00000041:605-607 0 -0 +0 NoSolution
# fix break: tig00000041:885-891 0 -0 +0 NoSolution
# fix break: tig00000041:1324-1466 0 -0 +0 NoSolution
# fix break: tig00000041:1881-1885 0 -0 +0 NoSolution
# fix break: tig00000041:2232-2294 0 -0 +0 NoSolution
fix break: tig00000041:2994-3004 2613 -783 +814 BreakFix
# fix break: tig00000041:3536-3663 0 -0 +0 NoSolution
# fix break: tig00000041:4151-4349 0 -0 +0 NoSolution
# fix break: tig00000041:5544-6310 0 -0 +0 NoSolution
# fix break: tig00000041:6599-6602 0 -0 +0 NoSolution
# fix break: tig00000041:7972-7974 0 -0 +0 NoSolution
tig00000041:1-10074 log:
Finished processing tig00000041:1-10074
Processing tig00000042:1-3421
frags /proj/uppmax2026-1-61/nobackup/work/dich3309/polishing_nanopore_illumina/efaecium_e745_illumina_sorted.bam: coverage 149
Total Reads: 11341, Coverage: 149, minDepth: 15
Confirmed 3296 of 3421 bases (96.35%)
Corrected 8 snps; 0 ambiguous bases; corrected 111 small insertions totaling 172 bases, 3 small deletions totaling 4 bases
# Attempting to fix local continuity breaks
# fix break: tig00000042:983-1456 0 -0 +0 NoSolution
# fix break: tig00000042:1796 0 -0 +0 NoSolution
# fix break: tig00000042:2015 0 -0 +0 NoSolution
tig00000042:1-3421 log:
Finished processing tig00000042:1-3421
Processing tig00000043:1-4900
frags /proj/uppmax2026-1-61/nobackup/work/dich3309/polishing_nanopore_illumina/efaecium_e745_illumina_sorted.bam: coverage 177
Total Reads: 22396, Coverage: 177, minDepth: 18
Confirmed 4573 of 4900 bases (93.33%)
Corrected 22 snps; 0 ambiguous bases; corrected 133 small insertions totaling 211 bases, 13 small deletions totaling 18 bases
# Attempting to fix local continuity breaks
# fix break: tig00000043:671 0 -0 +0 NoSolution
# fix break: tig00000043:1317-2590 0 -0 +0 NoSolution
# fix break: tig00000043:3205-3555 0 -0 +0 NoSolution
# fix break: tig00000043:3827-4294 0 -0 +0 NoSolution
tig00000043:1-4900 log:
Finished processing tig00000043:1-4900
Processing tig00000044:1-2317
frags /proj/uppmax2026-1-61/nobackup/work/dich3309/polishing_nanopore_illumina/efaecium_e745_illumina_sorted.bam: coverage 58
Total Reads: 2862, Coverage: 58, minDepth: 6
Confirmed 2178 of 2317 bases (94.00%)
Corrected 19 snps; 0 ambiguous bases; corrected 70 small insertions totaling 122 bases, 7 small deletions totaling 11 bases
# Attempting to fix local continuity breaks
# fix break: tig00000044:1223 0 -0 +0 NoSolution
# fix break: tig00000044:1661-1757 0 -0 +0 NoSolution
tig00000044:1-2317 log:
Finished processing tig00000044:1-2317
Writing tig00000001:1-23096 VCF to /proj/uppmax2026-1-61/nobackup/work/dich3309/pilon_polish_nanopore_illumina/efaecium_e745_pilon_nanopore.vcf
Writing tig00000001:1-23096 changes to /proj/uppmax2026-1-61/nobackup/work/dich3309/pilon_polish_nanopore_illumina/efaecium_e745_pilon_nanopore.changes
Writing updated tig00000001_pilon to /proj/uppmax2026-1-61/nobackup/work/dich3309/pilon_polish_nanopore_illumina/efaecium_e745_pilon_nanopore.fasta
Writing tig00000002:1-8479 VCF to /proj/uppmax2026-1-61/nobackup/work/dich3309/pilon_polish_nanopore_illumina/efaecium_e745_pilon_nanopore.vcf
Writing tig00000002:1-8479 changes to /proj/uppmax2026-1-61/nobackup/work/dich3309/pilon_polish_nanopore_illumina/efaecium_e745_pilon_nanopore.changes
Writing updated tig00000002_pilon to /proj/uppmax2026-1-61/nobackup/work/dich3309/pilon_polish_nanopore_illumina/efaecium_e745_pilon_nanopore.fasta
Writing tig00000003:1-9505 VCF to /proj/uppmax2026-1-61/nobackup/work/dich3309/pilon_polish_nanopore_illumina/efaecium_e745_pilon_nanopore.vcf
Writing tig00000003:1-9505 changes to /proj/uppmax2026-1-61/nobackup/work/dich3309/pilon_polish_nanopore_illumina/efaecium_e745_pilon_nanopore.changes
Writing updated tig00000003_pilon to /proj/uppmax2026-1-61/nobackup/work/dich3309/pilon_polish_nanopore_illumina/efaecium_e745_pilon_nanopore.fasta
Writing tig00000004:1-10111 VCF to /proj/uppmax2026-1-61/nobackup/work/dich3309/pilon_polish_nanopore_illumina/efaecium_e745_pilon_nanopore.vcf
Writing tig00000004:1-10111 changes to /proj/uppmax2026-1-61/nobackup/work/dich3309/pilon_polish_nanopore_illumina/efaecium_e745_pilon_nanopore.changes
Writing updated tig00000004_pilon to /proj/uppmax2026-1-61/nobackup/work/dich3309/pilon_polish_nanopore_illumina/efaecium_e745_pilon_nanopore.fasta
Writing tig00000005:1-15091 VCF to /proj/uppmax2026-1-61/nobackup/work/dich3309/pilon_polish_nanopore_illumina/efaecium_e745_pilon_nanopore.vcf
Writing tig00000005:1-15091 changes to /proj/uppmax2026-1-61/nobackup/work/dich3309/pilon_polish_nanopore_illumina/efaecium_e745_pilon_nanopore.changes
Writing updated tig00000005_pilon to /proj/uppmax2026-1-61/nobackup/work/dich3309/pilon_polish_nanopore_illumina/efaecium_e745_pilon_nanopore.fasta
Writing tig00000006:1-14609 VCF to /proj/uppmax2026-1-61/nobackup/work/dich3309/pilon_polish_nanopore_illumina/efaecium_e745_pilon_nanopore.vcf
Writing tig00000006:1-14609 changes to /proj/uppmax2026-1-61/nobackup/work/dich3309/pilon_polish_nanopore_illumina/efaecium_e745_pilon_nanopore.changes
Writing updated tig00000006_pilon to /proj/uppmax2026-1-61/nobackup/work/dich3309/pilon_polish_nanopore_illumina/efaecium_e745_pilon_nanopore.fasta
Writing tig00000007:1-12922 VCF to /proj/uppmax2026-1-61/nobackup/work/dich3309/pilon_polish_nanopore_illumina/efaecium_e745_pilon_nanopore.vcf
Writing tig00000007:1-12922 changes to /proj/uppmax2026-1-61/nobackup/work/dich3309/pilon_polish_nanopore_illumina/efaecium_e745_pilon_nanopore.changes
Writing updated tig00000007_pilon to /proj/uppmax2026-1-61/nobackup/work/dich3309/pilon_polish_nanopore_illumina/efaecium_e745_pilon_nanopore.fasta
Writing tig00000008:1-11842 VCF to /proj/uppmax2026-1-61/nobackup/work/dich3309/pilon_polish_nanopore_illumina/efaecium_e745_pilon_nanopore.vcf
Writing tig00000008:1-11842 changes to /proj/uppmax2026-1-61/nobackup/work/dich3309/pilon_polish_nanopore_illumina/efaecium_e745_pilon_nanopore.changes
Writing updated tig00000008_pilon to /proj/uppmax2026-1-61/nobackup/work/dich3309/pilon_polish_nanopore_illumina/efaecium_e745_pilon_nanopore.fasta
Writing tig00000009:1-9745 VCF to /proj/uppmax2026-1-61/nobackup/work/dich3309/pilon_polish_nanopore_illumina/efaecium_e745_pilon_nanopore.vcf
Writing tig00000009:1-9745 changes to /proj/uppmax2026-1-61/nobackup/work/dich3309/pilon_polish_nanopore_illumina/efaecium_e745_pilon_nanopore.changes
Writing updated tig00000009_pilon to /proj/uppmax2026-1-61/nobackup/work/dich3309/pilon_polish_nanopore_illumina/efaecium_e745_pilon_nanopore.fasta
Writing tig00000010:1-3497 VCF to /proj/uppmax2026-1-61/nobackup/work/dich3309/pilon_polish_nanopore_illumina/efaecium_e745_pilon_nanopore.vcf
Writing tig00000010:1-3497 changes to /proj/uppmax2026-1-61/nobackup/work/dich3309/pilon_polish_nanopore_illumina/efaecium_e745_pilon_nanopore.changes
Writing updated tig00000010_pilon to /proj/uppmax2026-1-61/nobackup/work/dich3309/pilon_polish_nanopore_illumina/efaecium_e745_pilon_nanopore.fasta
Writing tig00000011:1-12326 VCF to /proj/uppmax2026-1-61/nobackup/work/dich3309/pilon_polish_nanopore_illumina/efaecium_e745_pilon_nanopore.vcf
Writing tig00000011:1-12326 changes to /proj/uppmax2026-1-61/nobackup/work/dich3309/pilon_polish_nanopore_illumina/efaecium_e745_pilon_nanopore.changes
Writing updated tig00000011_pilon to /proj/uppmax2026-1-61/nobackup/work/dich3309/pilon_polish_nanopore_illumina/efaecium_e745_pilon_nanopore.fasta
Writing tig00000012:1-3425 VCF to /proj/uppmax2026-1-61/nobackup/work/dich3309/pilon_polish_nanopore_illumina/efaecium_e745_pilon_nanopore.vcf
Writing tig00000012:1-3425 changes to /proj/uppmax2026-1-61/nobackup/work/dich3309/pilon_polish_nanopore_illumina/efaecium_e745_pilon_nanopore.changes
Writing updated tig00000012_pilon to /proj/uppmax2026-1-61/nobackup/work/dich3309/pilon_polish_nanopore_illumina/efaecium_e745_pilon_nanopore.fasta
Writing tig00000013:1-7206 VCF to /proj/uppmax2026-1-61/nobackup/work/dich3309/pilon_polish_nanopore_illumina/efaecium_e745_pilon_nanopore.vcf
Writing tig00000013:1-7206 changes to /proj/uppmax2026-1-61/nobackup/work/dich3309/pilon_polish_nanopore_illumina/efaecium_e745_pilon_nanopore.changes
Writing updated tig00000013_pilon to /proj/uppmax2026-1-61/nobackup/work/dich3309/pilon_polish_nanopore_illumina/efaecium_e745_pilon_nanopore.fasta
Writing tig00000014:1-8234 VCF to /proj/uppmax2026-1-61/nobackup/work/dich3309/pilon_polish_nanopore_illumina/efaecium_e745_pilon_nanopore.vcf
Writing tig00000014:1-8234 changes to /proj/uppmax2026-1-61/nobackup/work/dich3309/pilon_polish_nanopore_illumina/efaecium_e745_pilon_nanopore.changes
Writing updated tig00000014_pilon to /proj/uppmax2026-1-61/nobackup/work/dich3309/pilon_polish_nanopore_illumina/efaecium_e745_pilon_nanopore.fasta
Writing tig00000015:1-12681 VCF to /proj/uppmax2026-1-61/nobackup/work/dich3309/pilon_polish_nanopore_illumina/efaecium_e745_pilon_nanopore.vcf
Writing tig00000015:1-12681 changes to /proj/uppmax2026-1-61/nobackup/work/dich3309/pilon_polish_nanopore_illumina/efaecium_e745_pilon_nanopore.changes
Writing updated tig00000015_pilon to /proj/uppmax2026-1-61/nobackup/work/dich3309/pilon_polish_nanopore_illumina/efaecium_e745_pilon_nanopore.fasta
Writing tig00000016:1-14394 VCF to /proj/uppmax2026-1-61/nobackup/work/dich3309/pilon_polish_nanopore_illumina/efaecium_e745_pilon_nanopore.vcf
Writing tig00000016:1-14394 changes to /proj/uppmax2026-1-61/nobackup/work/dich3309/pilon_polish_nanopore_illumina/efaecium_e745_pilon_nanopore.changes
Writing updated tig00000016_pilon to /proj/uppmax2026-1-61/nobackup/work/dich3309/pilon_polish_nanopore_illumina/efaecium_e745_pilon_nanopore.fasta
Writing tig00000017:1-7307 VCF to /proj/uppmax2026-1-61/nobackup/work/dich3309/pilon_polish_nanopore_illumina/efaecium_e745_pilon_nanopore.vcf
Writing tig00000017:1-7307 changes to /proj/uppmax2026-1-61/nobackup/work/dich3309/pilon_polish_nanopore_illumina/efaecium_e745_pilon_nanopore.changes
Writing updated tig00000017_pilon to /proj/uppmax2026-1-61/nobackup/work/dich3309/pilon_polish_nanopore_illumina/efaecium_e745_pilon_nanopore.fasta
Writing tig00000018:1-5911 VCF to /proj/uppmax2026-1-61/nobackup/work/dich3309/pilon_polish_nanopore_illumina/efaecium_e745_pilon_nanopore.vcf
Writing tig00000018:1-5911 changes to /proj/uppmax2026-1-61/nobackup/work/dich3309/pilon_polish_nanopore_illumina/efaecium_e745_pilon_nanopore.changes
Writing updated tig00000018_pilon to /proj/uppmax2026-1-61/nobackup/work/dich3309/pilon_polish_nanopore_illumina/efaecium_e745_pilon_nanopore.fasta
Writing tig00000019:1-13638 VCF to /proj/uppmax2026-1-61/nobackup/work/dich3309/pilon_polish_nanopore_illumina/efaecium_e745_pilon_nanopore.vcf
Writing tig00000019:1-13638 changes to /proj/uppmax2026-1-61/nobackup/work/dich3309/pilon_polish_nanopore_illumina/efaecium_e745_pilon_nanopore.changes
Writing updated tig00000019_pilon to /proj/uppmax2026-1-61/nobackup/work/dich3309/pilon_polish_nanopore_illumina/efaecium_e745_pilon_nanopore.fasta
Writing tig00000020:1-5643 VCF to /proj/uppmax2026-1-61/nobackup/work/dich3309/pilon_polish_nanopore_illumina/efaecium_e745_pilon_nanopore.vcf
Writing tig00000020:1-5643 changes to /proj/uppmax2026-1-61/nobackup/work/dich3309/pilon_polish_nanopore_illumina/efaecium_e745_pilon_nanopore.changes
Writing updated tig00000020_pilon to /proj/uppmax2026-1-61/nobackup/work/dich3309/pilon_polish_nanopore_illumina/efaecium_e745_pilon_nanopore.fasta
Writing tig00000021:1-5023 VCF to /proj/uppmax2026-1-61/nobackup/work/dich3309/pilon_polish_nanopore_illumina/efaecium_e745_pilon_nanopore.vcf
Writing tig00000021:1-5023 changes to /proj/uppmax2026-1-61/nobackup/work/dich3309/pilon_polish_nanopore_illumina/efaecium_e745_pilon_nanopore.changes
Writing updated tig00000021_pilon to /proj/uppmax2026-1-61/nobackup/work/dich3309/pilon_polish_nanopore_illumina/efaecium_e745_pilon_nanopore.fasta
Writing tig00000022:1-10423 VCF to /proj/uppmax2026-1-61/nobackup/work/dich3309/pilon_polish_nanopore_illumina/efaecium_e745_pilon_nanopore.vcf
Writing tig00000022:1-10423 changes to /proj/uppmax2026-1-61/nobackup/work/dich3309/pilon_polish_nanopore_illumina/efaecium_e745_pilon_nanopore.changes
Writing updated tig00000022_pilon to /proj/uppmax2026-1-61/nobackup/work/dich3309/pilon_polish_nanopore_illumina/efaecium_e745_pilon_nanopore.fasta
Writing tig00000023:1-1233 VCF to /proj/uppmax2026-1-61/nobackup/work/dich3309/pilon_polish_nanopore_illumina/efaecium_e745_pilon_nanopore.vcf
Writing tig00000023:1-1233 changes to /proj/uppmax2026-1-61/nobackup/work/dich3309/pilon_polish_nanopore_illumina/efaecium_e745_pilon_nanopore.changes
Writing updated tig00000023_pilon to /proj/uppmax2026-1-61/nobackup/work/dich3309/pilon_polish_nanopore_illumina/efaecium_e745_pilon_nanopore.fasta
Writing tig00000024:1-3779 VCF to /proj/uppmax2026-1-61/nobackup/work/dich3309/pilon_polish_nanopore_illumina/efaecium_e745_pilon_nanopore.vcf
Writing tig00000024:1-3779 changes to /proj/uppmax2026-1-61/nobackup/work/dich3309/pilon_polish_nanopore_illumina/efaecium_e745_pilon_nanopore.changes
Writing updated tig00000024_pilon to /proj/uppmax2026-1-61/nobackup/work/dich3309/pilon_polish_nanopore_illumina/efaecium_e745_pilon_nanopore.fasta
Writing tig00000025:1-8404 VCF to /proj/uppmax2026-1-61/nobackup/work/dich3309/pilon_polish_nanopore_illumina/efaecium_e745_pilon_nanopore.vcf
Writing tig00000025:1-8404 changes to /proj/uppmax2026-1-61/nobackup/work/dich3309/pilon_polish_nanopore_illumina/efaecium_e745_pilon_nanopore.changes
Writing updated tig00000025_pilon to /proj/uppmax2026-1-61/nobackup/work/dich3309/pilon_polish_nanopore_illumina/efaecium_e745_pilon_nanopore.fasta
Writing tig00000026:1-6669 VCF to /proj/uppmax2026-1-61/nobackup/work/dich3309/pilon_polish_nanopore_illumina/efaecium_e745_pilon_nanopore.vcf
Writing tig00000026:1-6669 changes to /proj/uppmax2026-1-61/nobackup/work/dich3309/pilon_polish_nanopore_illumina/efaecium_e745_pilon_nanopore.changes
Writing updated tig00000026_pilon to /proj/uppmax2026-1-61/nobackup/work/dich3309/pilon_polish_nanopore_illumina/efaecium_e745_pilon_nanopore.fasta
Writing tig00000027:1-8839 VCF to /proj/uppmax2026-1-61/nobackup/work/dich3309/pilon_polish_nanopore_illumina/efaecium_e745_pilon_nanopore.vcf
Writing tig00000027:1-8839 changes to /proj/uppmax2026-1-61/nobackup/work/dich3309/pilon_polish_nanopore_illumina/efaecium_e745_pilon_nanopore.changes
Writing updated tig00000027_pilon to /proj/uppmax2026-1-61/nobackup/work/dich3309/pilon_polish_nanopore_illumina/efaecium_e745_pilon_nanopore.fasta
Writing tig00000028:1-8162 VCF to /proj/uppmax2026-1-61/nobackup/work/dich3309/pilon_polish_nanopore_illumina/efaecium_e745_pilon_nanopore.vcf
Writing tig00000028:1-8162 changes to /proj/uppmax2026-1-61/nobackup/work/dich3309/pilon_polish_nanopore_illumina/efaecium_e745_pilon_nanopore.changes
Writing updated tig00000028_pilon to /proj/uppmax2026-1-61/nobackup/work/dich3309/pilon_polish_nanopore_illumina/efaecium_e745_pilon_nanopore.fasta
Writing tig00000029:1-4271 VCF to /proj/uppmax2026-1-61/nobackup/work/dich3309/pilon_polish_nanopore_illumina/efaecium_e745_pilon_nanopore.vcf
Writing tig00000029:1-4271 changes to /proj/uppmax2026-1-61/nobackup/work/dich3309/pilon_polish_nanopore_illumina/efaecium_e745_pilon_nanopore.changes
Writing updated tig00000029_pilon to /proj/uppmax2026-1-61/nobackup/work/dich3309/pilon_polish_nanopore_illumina/efaecium_e745_pilon_nanopore.fasta
Writing tig00000030:1-12320 VCF to /proj/uppmax2026-1-61/nobackup/work/dich3309/pilon_polish_nanopore_illumina/efaecium_e745_pilon_nanopore.vcf
Writing tig00000030:1-12320 changes to /proj/uppmax2026-1-61/nobackup/work/dich3309/pilon_polish_nanopore_illumina/efaecium_e745_pilon_nanopore.changes
Writing updated tig00000030_pilon to /proj/uppmax2026-1-61/nobackup/work/dich3309/pilon_polish_nanopore_illumina/efaecium_e745_pilon_nanopore.fasta
Writing tig00000031:1-4390 VCF to /proj/uppmax2026-1-61/nobackup/work/dich3309/pilon_polish_nanopore_illumina/efaecium_e745_pilon_nanopore.vcf
Writing tig00000031:1-4390 changes to /proj/uppmax2026-1-61/nobackup/work/dich3309/pilon_polish_nanopore_illumina/efaecium_e745_pilon_nanopore.changes
Writing updated tig00000031_pilon to /proj/uppmax2026-1-61/nobackup/work/dich3309/pilon_polish_nanopore_illumina/efaecium_e745_pilon_nanopore.fasta
Writing tig00000032:1-4658 VCF to /proj/uppmax2026-1-61/nobackup/work/dich3309/pilon_polish_nanopore_illumina/efaecium_e745_pilon_nanopore.vcf
Writing tig00000032:1-4658 changes to /proj/uppmax2026-1-61/nobackup/work/dich3309/pilon_polish_nanopore_illumina/efaecium_e745_pilon_nanopore.changes
Writing updated tig00000032_pilon to /proj/uppmax2026-1-61/nobackup/work/dich3309/pilon_polish_nanopore_illumina/efaecium_e745_pilon_nanopore.fasta
Writing tig00000033:1-5849 VCF to /proj/uppmax2026-1-61/nobackup/work/dich3309/pilon_polish_nanopore_illumina/efaecium_e745_pilon_nanopore.vcf
Writing tig00000033:1-5849 changes to /proj/uppmax2026-1-61/nobackup/work/dich3309/pilon_polish_nanopore_illumina/efaecium_e745_pilon_nanopore.changes
Writing updated tig00000033_pilon to /proj/uppmax2026-1-61/nobackup/work/dich3309/pilon_polish_nanopore_illumina/efaecium_e745_pilon_nanopore.fasta
Writing tig00000034:1-8546 VCF to /proj/uppmax2026-1-61/nobackup/work/dich3309/pilon_polish_nanopore_illumina/efaecium_e745_pilon_nanopore.vcf
Writing tig00000034:1-8546 changes to /proj/uppmax2026-1-61/nobackup/work/dich3309/pilon_polish_nanopore_illumina/efaecium_e745_pilon_nanopore.changes
Writing updated tig00000034_pilon to /proj/uppmax2026-1-61/nobackup/work/dich3309/pilon_polish_nanopore_illumina/efaecium_e745_pilon_nanopore.fasta
Writing tig00000035:1-3944 VCF to /proj/uppmax2026-1-61/nobackup/work/dich3309/pilon_polish_nanopore_illumina/efaecium_e745_pilon_nanopore.vcf
Writing tig00000035:1-3944 changes to /proj/uppmax2026-1-61/nobackup/work/dich3309/pilon_polish_nanopore_illumina/efaecium_e745_pilon_nanopore.changes
Writing updated tig00000035_pilon to /proj/uppmax2026-1-61/nobackup/work/dich3309/pilon_polish_nanopore_illumina/efaecium_e745_pilon_nanopore.fasta
Writing tig00000036:1-4029 VCF to /proj/uppmax2026-1-61/nobackup/work/dich3309/pilon_polish_nanopore_illumina/efaecium_e745_pilon_nanopore.vcf
Writing tig00000036:1-4029 changes to /proj/uppmax2026-1-61/nobackup/work/dich3309/pilon_polish_nanopore_illumina/efaecium_e745_pilon_nanopore.changes
Writing updated tig00000036_pilon to /proj/uppmax2026-1-61/nobackup/work/dich3309/pilon_polish_nanopore_illumina/efaecium_e745_pilon_nanopore.fasta
Writing tig00000037:1-14293 VCF to /proj/uppmax2026-1-61/nobackup/work/dich3309/pilon_polish_nanopore_illumina/efaecium_e745_pilon_nanopore.vcf
Writing tig00000037:1-14293 changes to /proj/uppmax2026-1-61/nobackup/work/dich3309/pilon_polish_nanopore_illumina/efaecium_e745_pilon_nanopore.changes
Writing updated tig00000037_pilon to /proj/uppmax2026-1-61/nobackup/work/dich3309/pilon_polish_nanopore_illumina/efaecium_e745_pilon_nanopore.fasta
Writing tig00000038:1-6196 VCF to /proj/uppmax2026-1-61/nobackup/work/dich3309/pilon_polish_nanopore_illumina/efaecium_e745_pilon_nanopore.vcf
Writing tig00000038:1-6196 changes to /proj/uppmax2026-1-61/nobackup/work/dich3309/pilon_polish_nanopore_illumina/efaecium_e745_pilon_nanopore.changes
Writing updated tig00000038_pilon to /proj/uppmax2026-1-61/nobackup/work/dich3309/pilon_polish_nanopore_illumina/efaecium_e745_pilon_nanopore.fasta
Writing tig00000039:1-9965 VCF to /proj/uppmax2026-1-61/nobackup/work/dich3309/pilon_polish_nanopore_illumina/efaecium_e745_pilon_nanopore.vcf
Writing tig00000039:1-9965 changes to /proj/uppmax2026-1-61/nobackup/work/dich3309/pilon_polish_nanopore_illumina/efaecium_e745_pilon_nanopore.changes
Writing updated tig00000039_pilon to /proj/uppmax2026-1-61/nobackup/work/dich3309/pilon_polish_nanopore_illumina/efaecium_e745_pilon_nanopore.fasta
Writing tig00000040:1-5732 VCF to /proj/uppmax2026-1-61/nobackup/work/dich3309/pilon_polish_nanopore_illumina/efaecium_e745_pilon_nanopore.vcf
Writing tig00000040:1-5732 changes to /proj/uppmax2026-1-61/nobackup/work/dich3309/pilon_polish_nanopore_illumina/efaecium_e745_pilon_nanopore.changes
Writing updated tig00000040_pilon to /proj/uppmax2026-1-61/nobackup/work/dich3309/pilon_polish_nanopore_illumina/efaecium_e745_pilon_nanopore.fasta
Writing tig00000041:1-10074 VCF to /proj/uppmax2026-1-61/nobackup/work/dich3309/pilon_polish_nanopore_illumina/efaecium_e745_pilon_nanopore.vcf
Writing tig00000041:1-10074 changes to /proj/uppmax2026-1-61/nobackup/work/dich3309/pilon_polish_nanopore_illumina/efaecium_e745_pilon_nanopore.changes
Writing updated tig00000041_pilon to /proj/uppmax2026-1-61/nobackup/work/dich3309/pilon_polish_nanopore_illumina/efaecium_e745_pilon_nanopore.fasta
Writing tig00000042:1-3421 VCF to /proj/uppmax2026-1-61/nobackup/work/dich3309/pilon_polish_nanopore_illumina/efaecium_e745_pilon_nanopore.vcf
Writing tig00000042:1-3421 changes to /proj/uppmax2026-1-61/nobackup/work/dich3309/pilon_polish_nanopore_illumina/efaecium_e745_pilon_nanopore.changes
Writing updated tig00000042_pilon to /proj/uppmax2026-1-61/nobackup/work/dich3309/pilon_polish_nanopore_illumina/efaecium_e745_pilon_nanopore.fasta
Writing tig00000043:1-4900 VCF to /proj/uppmax2026-1-61/nobackup/work/dich3309/pilon_polish_nanopore_illumina/efaecium_e745_pilon_nanopore.vcf
Writing tig00000043:1-4900 changes to /proj/uppmax2026-1-61/nobackup/work/dich3309/pilon_polish_nanopore_illumina/efaecium_e745_pilon_nanopore.changes
Writing updated tig00000043_pilon to /proj/uppmax2026-1-61/nobackup/work/dich3309/pilon_polish_nanopore_illumina/efaecium_e745_pilon_nanopore.fasta
Writing tig00000044:1-2317 VCF to /proj/uppmax2026-1-61/nobackup/work/dich3309/pilon_polish_nanopore_illumina/efaecium_e745_pilon_nanopore.vcf
Writing tig00000044:1-2317 changes to /proj/uppmax2026-1-61/nobackup/work/dich3309/pilon_polish_nanopore_illumina/efaecium_e745_pilon_nanopore.changes
Writing updated tig00000044_pilon to /proj/uppmax2026-1-61/nobackup/work/dich3309/pilon_polish_nanopore_illumina/efaecium_e745_pilon_nanopore.fasta
Mean frags coverage: 88
Mean total coverage: 88
[2026-04-28 14:10:56] Pilon complete (0h 0m 25s)
[2026-04-28 14:10:56] polished FASTA: /proj/uppmax2026-1-61/nobackup/work/dich3309/pilon_polish_nanopore_illumina/efaecium_e745_pilon_nanopore.fasta
[2026-04-28 14:10:56] all steps complete (total: 0h 0m 25s)
[2026-04-28 14:10:56] script finished (exit code 0)
