To execute Pilon run: java -Xmx8G -jar $EBROOTPILON/pilon.jar
Adjust the memory value according to the size of your input files
[2026-04-29 00:27:22] running Pilon round 2 on Canu PacBio assembly
Pilon version 1.24 Thu Jan 28 13:00:45 2021 -0500
--threads argument no longer supported; ignoring!
Genome: /proj/uppmax2026-1-61/nobackup/work/dich3309/canu_pacbio_pilon_r1/efaecium_e745_canu_pacbio_pilon_r1.fasta
Fixing snps, indels, gaps, local
Input genome size: 3155939
Scanning BAMs
/proj/uppmax2026-1-61/nobackup/work/dich3309/canu_pacbio_align_r2/efaecium_e745_illumina_sorted.bam: 3334356 reads, 0 filtered, 3217945 mapped, 3165803 proper, 38930 stray, FR 100% 466+/-15, max 509
Processing tig00000001_pilon:1-2775227
frags /proj/uppmax2026-1-61/nobackup/work/dich3309/canu_pacbio_align_r2/efaecium_e745_illumina_sorted.bam: coverage 62
Total Reads: 2646696, Coverage: 62, minDepth: 6
Confirmed 2665505 of 2775227 bases (96.05%)
Corrected 0 snps; 0 ambiguous bases; corrected 0 small insertions totaling 0 bases, 10 small deletions totaling 10 bases
# Attempting to fix local continuity breaks
# fix break: tig00000001_pilon:89926-92346 0 -0 +0 NoSolution TandemRepeat 2483
# fix break: tig00000001_pilon:136271-147700 0 -0 +0 NoSolution TandemRepeat 3479
# fix break: tig00000001_pilon:394125-399940 0 -0 +0 NoSolution TandemRepeat 4202
# fix break: tig00000001_pilon:542264-542939 0 -0 +0 NoSolution TandemRepeat 246
fix break: tig00000001_pilon:570121-571673 569879 -339 +337 BreakFix
# fix break: tig00000001_pilon:624470-630421 0 -0 +0 NoSolution TandemRepeat 226
fix break: tig00000001_pilon:824551-825871 825586 -146 +144 BreakFix
# fix break: tig00000001_pilon:1431086-1437274 0 -0 +0 NoSolution TandemRepeat 3479
fix break: tig00000001_pilon:1837769-1839148 1837714 -1619 +1617 BreakFix
fix break: tig00000001_pilon:1887020-1891101 1887222 -4082 +4080 BreakFix
fix break: tig00000001_pilon:1995546-1996820 1995238 -1985 +1983 BreakFix
tig00000001_pilon:1-2775227 log:
Finished processing tig00000001_pilon:1-2775227
Processing tig00000002_pilon:1-218577
frags /proj/uppmax2026-1-61/nobackup/work/dich3309/canu_pacbio_align_r2/efaecium_e745_illumina_sorted.bam: coverage 60
Total Reads: 241143, Coverage: 60, minDepth: 6
Confirmed 197762 of 218577 bases (90.48%)
Corrected 0 snps; 0 ambiguous bases; corrected 0 small insertions totaling 0 bases, 0 small deletions totaling 0 bases
# Attempting to fix local continuity breaks
# fix break: tig00000002_pilon:214537-215933 0 -0 +0 NoSolution TandemRepeat 1564
tig00000002_pilon:1-218577 log:
Finished processing tig00000002_pilon:1-218577
Processing tig00000003_pilon:1-28887
frags /proj/uppmax2026-1-61/nobackup/work/dich3309/canu_pacbio_align_r2/efaecium_e745_illumina_sorted.bam: coverage 130
Total Reads: 56652, Coverage: 130, minDepth: 13
Confirmed 27228 of 28887 bases (94.26%)
Corrected 0 snps; 0 ambiguous bases; corrected 0 small insertions totaling 0 bases, 0 small deletions totaling 0 bases
# Attempting to fix local continuity breaks
tig00000003_pilon:1-28887 log:
Finished processing tig00000003_pilon:1-28887
Processing tig00000004_pilon:1-14738
frags /proj/uppmax2026-1-61/nobackup/work/dich3309/canu_pacbio_align_r2/efaecium_e745_illumina_sorted.bam: coverage 71
Total Reads: 18753, Coverage: 71, minDepth: 7
Confirmed 8283 of 14738 bases (56.20%)
Corrected 0 snps; 0 ambiguous bases; corrected 0 small insertions totaling 0 bases, 1 small deletions totaling 1 bases
# Attempting to fix local continuity breaks
# fix break: tig00000004_pilon:9199-9299 0 -0 +0 NoSolution
tig00000004_pilon:1-14738 log:
Finished processing tig00000004_pilon:1-14738
Processing tig00000005_pilon:1-40013
frags /proj/uppmax2026-1-61/nobackup/work/dich3309/canu_pacbio_align_r2/efaecium_e745_illumina_sorted.bam: coverage 156
Total Reads: 130600, Coverage: 156, minDepth: 16
Confirmed 26917 of 40013 bases (67.27%)
Corrected 0 snps; 0 ambiguous bases; corrected 0 small insertions totaling 0 bases, 0 small deletions totaling 0 bases
# Attempting to fix local continuity breaks
# fix break: tig00000005_pilon:25874-27176 0 -0 +0 NoSolution
# fix break: tig00000005_pilon:27964-28086 0 -0 +0 NoSolution
# fix break: tig00000005_pilon:28297-28484 0 -0 +0 NoSolution
tig00000005_pilon:1-40013 log:
Finished processing tig00000005_pilon:1-40013
Processing tig00000006_pilon:1-15021
frags /proj/uppmax2026-1-61/nobackup/work/dich3309/canu_pacbio_align_r2/efaecium_e745_illumina_sorted.bam: coverage 57
Total Reads: 24519, Coverage: 57, minDepth: 6
Confirmed 7015 of 15021 bases (46.70%)
Corrected 0 snps; 0 ambiguous bases; corrected 1 small insertions totaling 1 bases, 1 small deletions totaling 1 bases
# Attempting to fix local continuity breaks
fix break: tig00000006_pilon:13838-13930 14252 -29 +29 BreakFix
tig00000006_pilon:1-15021 log:
Finished processing tig00000006_pilon:1-15021
Processing tig00000007_pilon:1-16127
frags /proj/uppmax2026-1-61/nobackup/work/dich3309/canu_pacbio_align_r2/efaecium_e745_illumina_sorted.bam: coverage 43
Total Reads: 16321, Coverage: 43, minDepth: 5
Confirmed 9370 of 16127 bases (58.10%)
Corrected 0 snps; 0 ambiguous bases; corrected 0 small insertions totaling 0 bases, 0 small deletions totaling 0 bases
# Attempting to fix local continuity breaks
# fix break: tig00000007_pilon:3954-4919 0 -0 +0 NoSolution
tig00000007_pilon:1-16127 log:
Finished processing tig00000007_pilon:1-16127
Processing tig00000009_pilon:1-24852
frags /proj/uppmax2026-1-61/nobackup/work/dich3309/canu_pacbio_align_r2/efaecium_e745_illumina_sorted.bam: coverage 129
Total Reads: 51724, Coverage: 129, minDepth: 13
Confirmed 22964 of 24852 bases (92.40%)
Corrected 0 snps; 0 ambiguous bases; corrected 0 small insertions totaling 0 bases, 0 small deletions totaling 0 bases
# Attempting to fix local continuity breaks
tig00000009_pilon:1-24852 log:
Finished processing tig00000009_pilon:1-24852
Processing tig00000010_pilon:1-15455
frags /proj/uppmax2026-1-61/nobackup/work/dich3309/canu_pacbio_align_r2/efaecium_e745_illumina_sorted.bam: coverage 41
Total Reads: 31671, Coverage: 41, minDepth: 5
Confirmed 3952 of 15455 bases (25.57%)
Corrected 0 snps; 0 ambiguous bases; corrected 0 small insertions totaling 0 bases, 0 small deletions totaling 0 bases
# Attempting to fix local continuity breaks
tig00000010_pilon:1-15455 log:
Finished processing tig00000010_pilon:1-15455
Processing tig00000011_pilon:1-7042
frags /proj/uppmax2026-1-61/nobackup/work/dich3309/canu_pacbio_align_r2/efaecium_e745_illumina_sorted.bam: coverage 0
Total Reads: 12279, Coverage: 0, minDepth: 5
Confirmed 0 of 7042 bases (0.00%)
Corrected 0 snps; 0 ambiguous bases; corrected 0 small insertions totaling 0 bases, 0 small deletions totaling 0 bases
tig00000011_pilon:1-7042 log:
Finished processing tig00000011_pilon:1-7042
Writing tig00000001_pilon:1-2775227 VCF to /proj/uppmax2026-1-61/nobackup/work/dich3309/canu_pacbio_pilon_r2/efaecium_e745_canu_pacbio_pilon_r2.vcf
Writing tig00000001_pilon:1-2775227 changes to /proj/uppmax2026-1-61/nobackup/work/dich3309/canu_pacbio_pilon_r2/efaecium_e745_canu_pacbio_pilon_r2.changes
Writing updated tig00000001_pilon_pilon to /proj/uppmax2026-1-61/nobackup/work/dich3309/canu_pacbio_pilon_r2/efaecium_e745_canu_pacbio_pilon_r2.fasta
Writing tig00000002_pilon:1-218577 VCF to /proj/uppmax2026-1-61/nobackup/work/dich3309/canu_pacbio_pilon_r2/efaecium_e745_canu_pacbio_pilon_r2.vcf
Writing tig00000002_pilon:1-218577 changes to /proj/uppmax2026-1-61/nobackup/work/dich3309/canu_pacbio_pilon_r2/efaecium_e745_canu_pacbio_pilon_r2.changes
Writing updated tig00000002_pilon_pilon to /proj/uppmax2026-1-61/nobackup/work/dich3309/canu_pacbio_pilon_r2/efaecium_e745_canu_pacbio_pilon_r2.fasta
Writing tig00000003_pilon:1-28887 VCF to /proj/uppmax2026-1-61/nobackup/work/dich3309/canu_pacbio_pilon_r2/efaecium_e745_canu_pacbio_pilon_r2.vcf
Writing tig00000003_pilon:1-28887 changes to /proj/uppmax2026-1-61/nobackup/work/dich3309/canu_pacbio_pilon_r2/efaecium_e745_canu_pacbio_pilon_r2.changes
Writing updated tig00000003_pilon_pilon to /proj/uppmax2026-1-61/nobackup/work/dich3309/canu_pacbio_pilon_r2/efaecium_e745_canu_pacbio_pilon_r2.fasta
Writing tig00000004_pilon:1-14738 VCF to /proj/uppmax2026-1-61/nobackup/work/dich3309/canu_pacbio_pilon_r2/efaecium_e745_canu_pacbio_pilon_r2.vcf
Writing tig00000004_pilon:1-14738 changes to /proj/uppmax2026-1-61/nobackup/work/dich3309/canu_pacbio_pilon_r2/efaecium_e745_canu_pacbio_pilon_r2.changes
Writing updated tig00000004_pilon_pilon to /proj/uppmax2026-1-61/nobackup/work/dich3309/canu_pacbio_pilon_r2/efaecium_e745_canu_pacbio_pilon_r2.fasta
Writing tig00000005_pilon:1-40013 VCF to /proj/uppmax2026-1-61/nobackup/work/dich3309/canu_pacbio_pilon_r2/efaecium_e745_canu_pacbio_pilon_r2.vcf
Writing tig00000005_pilon:1-40013 changes to /proj/uppmax2026-1-61/nobackup/work/dich3309/canu_pacbio_pilon_r2/efaecium_e745_canu_pacbio_pilon_r2.changes
Writing updated tig00000005_pilon_pilon to /proj/uppmax2026-1-61/nobackup/work/dich3309/canu_pacbio_pilon_r2/efaecium_e745_canu_pacbio_pilon_r2.fasta
Writing tig00000006_pilon:1-15021 VCF to /proj/uppmax2026-1-61/nobackup/work/dich3309/canu_pacbio_pilon_r2/efaecium_e745_canu_pacbio_pilon_r2.vcf
Writing tig00000006_pilon:1-15021 changes to /proj/uppmax2026-1-61/nobackup/work/dich3309/canu_pacbio_pilon_r2/efaecium_e745_canu_pacbio_pilon_r2.changes
Writing updated tig00000006_pilon_pilon to /proj/uppmax2026-1-61/nobackup/work/dich3309/canu_pacbio_pilon_r2/efaecium_e745_canu_pacbio_pilon_r2.fasta
Writing tig00000007_pilon:1-16127 VCF to /proj/uppmax2026-1-61/nobackup/work/dich3309/canu_pacbio_pilon_r2/efaecium_e745_canu_pacbio_pilon_r2.vcf
Writing tig00000007_pilon:1-16127 changes to /proj/uppmax2026-1-61/nobackup/work/dich3309/canu_pacbio_pilon_r2/efaecium_e745_canu_pacbio_pilon_r2.changes
Writing updated tig00000007_pilon_pilon to /proj/uppmax2026-1-61/nobackup/work/dich3309/canu_pacbio_pilon_r2/efaecium_e745_canu_pacbio_pilon_r2.fasta
Writing tig00000009_pilon:1-24852 VCF to /proj/uppmax2026-1-61/nobackup/work/dich3309/canu_pacbio_pilon_r2/efaecium_e745_canu_pacbio_pilon_r2.vcf
Writing tig00000009_pilon:1-24852 changes to /proj/uppmax2026-1-61/nobackup/work/dich3309/canu_pacbio_pilon_r2/efaecium_e745_canu_pacbio_pilon_r2.changes
Writing updated tig00000009_pilon_pilon to /proj/uppmax2026-1-61/nobackup/work/dich3309/canu_pacbio_pilon_r2/efaecium_e745_canu_pacbio_pilon_r2.fasta
Writing tig00000010_pilon:1-15455 VCF to /proj/uppmax2026-1-61/nobackup/work/dich3309/canu_pacbio_pilon_r2/efaecium_e745_canu_pacbio_pilon_r2.vcf
Writing tig00000010_pilon:1-15455 changes to /proj/uppmax2026-1-61/nobackup/work/dich3309/canu_pacbio_pilon_r2/efaecium_e745_canu_pacbio_pilon_r2.changes
Writing updated tig00000010_pilon_pilon to /proj/uppmax2026-1-61/nobackup/work/dich3309/canu_pacbio_pilon_r2/efaecium_e745_canu_pacbio_pilon_r2.fasta
Writing tig00000011_pilon:1-7042 VCF to /proj/uppmax2026-1-61/nobackup/work/dich3309/canu_pacbio_pilon_r2/efaecium_e745_canu_pacbio_pilon_r2.vcf
Writing tig00000011_pilon:1-7042 changes to /proj/uppmax2026-1-61/nobackup/work/dich3309/canu_pacbio_pilon_r2/efaecium_e745_canu_pacbio_pilon_r2.changes
Writing updated tig00000011_pilon_pilon to /proj/uppmax2026-1-61/nobackup/work/dich3309/canu_pacbio_pilon_r2/efaecium_e745_canu_pacbio_pilon_r2.fasta
Mean frags coverage: 64
Mean total coverage: 64
[2026-04-29 00:28:01] Pilon R2 complete (0h 0m 39s)
[2026-04-29 00:28:01] polished FASTA: /proj/uppmax2026-1-61/nobackup/work/dich3309/canu_pacbio_pilon_r2/efaecium_e745_canu_pacbio_pilon_r2.fasta
[2026-04-29 00:28:01] changes file:   /proj/uppmax2026-1-61/nobackup/work/dich3309/canu_pacbio_pilon_r2/efaecium_e745_canu_pacbio_pilon_r2.changes
[2026-04-29 00:28:01] check changes file line count to assess convergence
12 /proj/uppmax2026-1-61/nobackup/work/dich3309/canu_pacbio_pilon_r2/efaecium_e745_canu_pacbio_pilon_r2.changes
[2026-04-29 00:28:01] script finished (exit code 0)
